<?xml version="1.0" encoding="UTF-8"?>
<testsuite name="Wap.Todo.service.UserServiceTest" tests="4" skipped="0" failures="0" errors="0" timestamp="2022-06-09T06:05:58" hostname="nuyh.local" time="5.652">
  <properties/>
  <testcase name="중복 회원가입" classname="Wap.Todo.service.UserServiceTest" time="1.148"/>
  <testcase name="회원가입" classname="Wap.Todo.service.UserServiceTest" time="0.85"/>
  <testcase name="로그인" classname="Wap.Todo.service.UserServiceTest" time="2.25"/>
  <testcase name="방 목록 가져오기" classname="Wap.Todo.service.UserServiceTest" time="1.397"/>
  <system-out><![CDATA[2022-06-09 15:05:58.970  INFO 88793 --- [    Test worker] .b.t.c.SpringBootTestContextBootstrapper : Neither @ContextConfiguration nor @ContextHierarchy found for test class [Wap.Todo.service.UserServiceTest], using SpringBootContextLoader
2022-06-09 15:05:58.972  INFO 88793 --- [    Test worker] o.s.t.c.support.AbstractContextLoader    : Could not detect default resource locations for test class [Wap.Todo.service.UserServiceTest]: no resource found for suffixes {-context.xml, Context.groovy}.
2022-06-09 15:05:58.972  INFO 88793 --- [    Test worker] t.c.s.AnnotationConfigContextLoaderUtils : Could not detect default configuration classes for test class [Wap.Todo.service.UserServiceTest]: UserServiceTest does not declare any static, non-private, non-final, nested classes annotated with @Configuration.
2022-06-09 15:05:58.974  INFO 88793 --- [    Test worker] .b.t.c.SpringBootTestContextBootstrapper : Found @SpringBootConfiguration Wap.Todo.TodoApplication for test class Wap.Todo.service.UserServiceTest
2022-06-09 15:05:58.976  INFO 88793 --- [    Test worker] .b.t.c.SpringBootTestContextBootstrapper : Loaded default TestExecutionListener class names from location [META-INF/spring.factories]: [org.springframework.boot.test.autoconfigure.restdocs.RestDocsTestExecutionListener, org.springframework.boot.test.autoconfigure.web.client.MockRestServiceServerResetTestExecutionListener, org.springframework.boot.test.autoconfigure.web.servlet.MockMvcPrintOnlyOnFailureTestExecutionListener, org.springframework.boot.test.autoconfigure.web.servlet.WebDriverTestExecutionListener, org.springframework.boot.test.autoconfigure.webservices.client.MockWebServiceServerTestExecutionListener, org.springframework.boot.test.mock.mockito.MockitoTestExecutionListener, org.springframework.boot.test.mock.mockito.ResetMocksTestExecutionListener, org.springframework.test.context.web.ServletTestExecutionListener, org.springframework.test.context.support.DirtiesContextBeforeModesTestExecutionListener, org.springframework.test.context.event.ApplicationEventsTestExecutionListener, org.springframework.test.context.support.DependencyInjectionTestExecutionListener, org.springframework.test.context.support.DirtiesContextTestExecutionListener, org.springframework.test.context.transaction.TransactionalTestExecutionListener, org.springframework.test.context.jdbc.SqlScriptsTestExecutionListener, org.springframework.test.context.event.EventPublishingTestExecutionListener]
2022-06-09 15:05:58.976  INFO 88793 --- [    Test worker] .b.t.c.SpringBootTestContextBootstrapper : Using TestExecutionListeners: [org.springframework.test.context.web.ServletTestExecutionListener@7f65639e, org.springframework.test.context.support.DirtiesContextBeforeModesTestExecutionListener@673fdc28, org.springframework.test.context.event.ApplicationEventsTestExecutionListener@4cf1ec2, org.springframework.boot.test.mock.mockito.MockitoTestExecutionListener@16eb01d4, org.springframework.boot.test.autoconfigure.SpringBootDependencyInjectionTestExecutionListener@4246f904, org.springframework.test.context.support.DirtiesContextTestExecutionListener@5b01b3f8, org.springframework.test.context.transaction.TransactionalTestExecutionListener@27c49f54, org.springframework.test.context.jdbc.SqlScriptsTestExecutionListener@69efdfd9, org.springframework.test.context.event.EventPublishingTestExecutionListener@1c149539, org.springframework.boot.test.autoconfigure.restdocs.RestDocsTestExecutionListener@4a5c6b30, org.springframework.boot.test.autoconfigure.web.client.MockRestServiceServerResetTestExecutionListener@49616310, org.springframework.boot.test.autoconfigure.web.servlet.MockMvcPrintOnlyOnFailureTestExecutionListener@5ee76cf2, org.springframework.boot.test.autoconfigure.web.servlet.WebDriverTestExecutionListener@6662974a, org.springframework.boot.test.autoconfigure.webservices.client.MockWebServiceServerTestExecutionListener@4fce655d, org.springframework.boot.test.mock.mockito.ResetMocksTestExecutionListener@df5f657]
2022-06-09 15:05:59.151  INFO 88793 --- [    Test worker] o.s.t.c.transaction.TransactionContext   : Began transaction (1) for test context [DefaultTestContext@487ee2a testClass = UserServiceTest, testInstance = Wap.Todo.service.UserServiceTest@682482ee, testMethod = duplicateJoin@UserServiceTest, testException = [null], mergedContextConfiguration = [WebMergedContextConfiguration@261b27db testClass = UserServiceTest, locations = '{}', classes = '{class Wap.Todo.TodoApplication}', contextInitializerClasses = '[]', activeProfiles = '{}', propertySourceLocations = '{}', propertySourceProperties = '{org.springframework.boot.test.context.SpringBootTestContextBootstrapper=true}', contextCustomizers = set[org.springframework.boot.test.autoconfigure.actuate.metrics.MetricsExportContextCustomizerFactory$DisableMetricExportContextCustomizer@7e5c856f, org.springframework.boot.test.autoconfigure.properties.PropertyMappingContextCustomizer@0, org.springframework.boot.test.autoconfigure.web.servlet.WebDriverContextCustomizerFactory$Customizer@58ce9668, org.springframework.boot.test.context.filter.ExcludeFilterContextCustomizer@1fa1cab1, org.springframework.boot.test.json.DuplicateJsonObjectContextCustomizerFactory$DuplicateJsonObjectContextCustomizer@51fadaff, org.springframework.boot.test.mock.mockito.MockitoContextCustomizer@0, org.springframework.boot.test.web.client.TestRestTemplateContextCustomizer@6c2c1385, org.springframework.boot.test.context.SpringBootTestArgs@1, org.springframework.boot.test.context.SpringBootTestWebEnvironment@2e377400], resourceBasePath = 'src/main/webapp', contextLoader = 'org.springframework.boot.test.context.SpringBootContextLoader', parent = [null]], attributes = map['org.springframework.test.context.web.ServletTestExecutionListener.activateListener' -> true, 'org.springframework.test.context.web.ServletTestExecutionListener.populatedRequestContextHolder' -> true, 'org.springframework.test.context.web.ServletTestExecutionListener.resetRequestContextHolder' -> true, 'org.springframework.test.context.event.ApplicationEventsTestExecutionListener.recordApplicationEvents' -> false]]; transaction manager [org.springframework.orm.jpa.JpaTransactionManager@30e15628]; rollback [true]
2022-06-09 15:05:59.156 DEBUG 88793 --- [    Test worker] org.hibernate.SQL                        : 
    select
        count(*) as col_0_0_ 
    from
        member member0_ 
    where
        member0_.id=?
2022-06-09 15:05:59.319 DEBUG 88793 --- [    Test worker] org.hibernate.SQL                        : 
    select
        member0_.id as id1_0_0_,
        member0_.email as email2_0_0_,
        member0_.name as name3_0_0_,
        member0_.pw as pw4_0_0_ 
    from
        member member0_ 
    where
        member0_.id=?
2022-06-09 15:05:59.481 DEBUG 88793 --- [    Test worker] org.hibernate.SQL                        : 
    insert 
    into
        member
        (email, name, pw, id) 
    values
        (?, ?, ?, ?)
2022-06-09 15:05:59.645 DEBUG 88793 --- [    Test worker] org.hibernate.SQL                        : 
    select
        count(*) as col_0_0_ 
    from
        member member0_ 
    where
        member0_.id=?
2022-06-09 15:06:00.129  INFO 88793 --- [    Test worker] o.s.t.c.transaction.TransactionContext   : Rolled back transaction for test: [DefaultTestContext@487ee2a testClass = UserServiceTest, testInstance = Wap.Todo.service.UserServiceTest@682482ee, testMethod = duplicateJoin@UserServiceTest, testException = [null], mergedContextConfiguration = [WebMergedContextConfiguration@261b27db testClass = UserServiceTest, locations = '{}', classes = '{class Wap.Todo.TodoApplication}', contextInitializerClasses = '[]', activeProfiles = '{}', propertySourceLocations = '{}', propertySourceProperties = '{org.springframework.boot.test.context.SpringBootTestContextBootstrapper=true}', contextCustomizers = set[org.springframework.boot.test.autoconfigure.actuate.metrics.MetricsExportContextCustomizerFactory$DisableMetricExportContextCustomizer@7e5c856f, org.springframework.boot.test.autoconfigure.properties.PropertyMappingContextCustomizer@0, org.springframework.boot.test.autoconfigure.web.servlet.WebDriverContextCustomizerFactory$Customizer@58ce9668, org.springframework.boot.test.context.filter.ExcludeFilterContextCustomizer@1fa1cab1, org.springframework.boot.test.json.DuplicateJsonObjectContextCustomizerFactory$DuplicateJsonObjectContextCustomizer@51fadaff, org.springframework.boot.test.mock.mockito.MockitoContextCustomizer@0, org.springframework.boot.test.web.client.TestRestTemplateContextCustomizer@6c2c1385, org.springframework.boot.test.context.SpringBootTestArgs@1, org.springframework.boot.test.context.SpringBootTestWebEnvironment@2e377400], resourceBasePath = 'src/main/webapp', contextLoader = 'org.springframework.boot.test.context.SpringBootContextLoader', parent = [null]], attributes = map['org.springframework.test.context.web.ServletTestExecutionListener.activateListener' -> true, 'org.springframework.test.context.web.ServletTestExecutionListener.populatedRequestContextHolder' -> true, 'org.springframework.test.context.web.ServletTestExecutionListener.resetRequestContextHolder' -> true, 'org.springframework.test.context.event.ApplicationEventsTestExecutionListener.recordApplicationEvents' -> false]]
2022-06-09 15:06:00.294  INFO 88793 --- [    Test worker] o.s.t.c.transaction.TransactionContext   : Began transaction (1) for test context [DefaultTestContext@487ee2a testClass = UserServiceTest, testInstance = Wap.Todo.service.UserServiceTest@24d7c365, testMethod = join@UserServiceTest, testException = [null], mergedContextConfiguration = [WebMergedContextConfiguration@261b27db testClass = UserServiceTest, locations = '{}', classes = '{class Wap.Todo.TodoApplication}', contextInitializerClasses = '[]', activeProfiles = '{}', propertySourceLocations = '{}', propertySourceProperties = '{org.springframework.boot.test.context.SpringBootTestContextBootstrapper=true}', contextCustomizers = set[org.springframework.boot.test.autoconfigure.actuate.metrics.MetricsExportContextCustomizerFactory$DisableMetricExportContextCustomizer@7e5c856f, org.springframework.boot.test.autoconfigure.properties.PropertyMappingContextCustomizer@0, org.springframework.boot.test.autoconfigure.web.servlet.WebDriverContextCustomizerFactory$Customizer@58ce9668, org.springframework.boot.test.context.filter.ExcludeFilterContextCustomizer@1fa1cab1, org.springframework.boot.test.json.DuplicateJsonObjectContextCustomizerFactory$DuplicateJsonObjectContextCustomizer@51fadaff, org.springframework.boot.test.mock.mockito.MockitoContextCustomizer@0, org.springframework.boot.test.web.client.TestRestTemplateContextCustomizer@6c2c1385, org.springframework.boot.test.context.SpringBootTestArgs@1, org.springframework.boot.test.context.SpringBootTestWebEnvironment@2e377400], resourceBasePath = 'src/main/webapp', contextLoader = 'org.springframework.boot.test.context.SpringBootContextLoader', parent = [null]], attributes = map['org.springframework.test.context.web.ServletTestExecutionListener.activateListener' -> true, 'org.springframework.test.context.web.ServletTestExecutionListener.populatedRequestContextHolder' -> true, 'org.springframework.test.context.web.ServletTestExecutionListener.resetRequestContextHolder' -> true, 'org.springframework.test.context.event.ApplicationEventsTestExecutionListener.recordApplicationEvents' -> false]]; transaction manager [org.springframework.orm.jpa.JpaTransactionManager@30e15628]; rollback [true]
2022-06-09 15:06:00.297 DEBUG 88793 --- [    Test worker] org.hibernate.SQL                        : 
    select
        count(*) as col_0_0_ 
    from
        member member0_ 
    where
        member0_.id=?
2022-06-09 15:06:00.459 DEBUG 88793 --- [    Test worker] org.hibernate.SQL                        : 
    select
        member0_.id as id1_0_0_,
        member0_.email as email2_0_0_,
        member0_.name as name3_0_0_,
        member0_.pw as pw4_0_0_ 
    from
        member member0_ 
    where
        member0_.id=?
2022-06-09 15:06:00.980  INFO 88793 --- [    Test worker] o.s.t.c.transaction.TransactionContext   : Rolled back transaction for test: [DefaultTestContext@487ee2a testClass = UserServiceTest, testInstance = Wap.Todo.service.UserServiceTest@24d7c365, testMethod = join@UserServiceTest, testException = [null], mergedContextConfiguration = [WebMergedContextConfiguration@261b27db testClass = UserServiceTest, locations = '{}', classes = '{class Wap.Todo.TodoApplication}', contextInitializerClasses = '[]', activeProfiles = '{}', propertySourceLocations = '{}', propertySourceProperties = '{org.springframework.boot.test.context.SpringBootTestContextBootstrapper=true}', contextCustomizers = set[org.springframework.boot.test.autoconfigure.actuate.metrics.MetricsExportContextCustomizerFactory$DisableMetricExportContextCustomizer@7e5c856f, org.springframework.boot.test.autoconfigure.properties.PropertyMappingContextCustomizer@0, org.springframework.boot.test.autoconfigure.web.servlet.WebDriverContextCustomizerFactory$Customizer@58ce9668, org.springframework.boot.test.context.filter.ExcludeFilterContextCustomizer@1fa1cab1, org.springframework.boot.test.json.DuplicateJsonObjectContextCustomizerFactory$DuplicateJsonObjectContextCustomizer@51fadaff, org.springframework.boot.test.mock.mockito.MockitoContextCustomizer@0, org.springframework.boot.test.web.client.TestRestTemplateContextCustomizer@6c2c1385, org.springframework.boot.test.context.SpringBootTestArgs@1, org.springframework.boot.test.context.SpringBootTestWebEnvironment@2e377400], resourceBasePath = 'src/main/webapp', contextLoader = 'org.springframework.boot.test.context.SpringBootContextLoader', parent = [null]], attributes = map['org.springframework.test.context.web.ServletTestExecutionListener.activateListener' -> true, 'org.springframework.test.context.web.ServletTestExecutionListener.populatedRequestContextHolder' -> true, 'org.springframework.test.context.web.ServletTestExecutionListener.resetRequestContextHolder' -> true, 'org.springframework.test.context.event.ApplicationEventsTestExecutionListener.recordApplicationEvents' -> false]]
2022-06-09 15:06:01.179  INFO 88793 --- [    Test worker] o.s.t.c.transaction.TransactionContext   : Began transaction (1) for test context [DefaultTestContext@487ee2a testClass = UserServiceTest, testInstance = Wap.Todo.service.UserServiceTest@134ec0f3, testMethod = login@UserServiceTest, testException = [null], mergedContextConfiguration = [WebMergedContextConfiguration@261b27db testClass = UserServiceTest, locations = '{}', classes = '{class Wap.Todo.TodoApplication}', contextInitializerClasses = '[]', activeProfiles = '{}', propertySourceLocations = '{}', propertySourceProperties = '{org.springframework.boot.test.context.SpringBootTestContextBootstrapper=true}', contextCustomizers = set[org.springframework.boot.test.autoconfigure.actuate.metrics.MetricsExportContextCustomizerFactory$DisableMetricExportContextCustomizer@7e5c856f, org.springframework.boot.test.autoconfigure.properties.PropertyMappingContextCustomizer@0, org.springframework.boot.test.autoconfigure.web.servlet.WebDriverContextCustomizerFactory$Customizer@58ce9668, org.springframework.boot.test.context.filter.ExcludeFilterContextCustomizer@1fa1cab1, org.springframework.boot.test.json.DuplicateJsonObjectContextCustomizerFactory$DuplicateJsonObjectContextCustomizer@51fadaff, org.springframework.boot.test.mock.mockito.MockitoContextCustomizer@0, org.springframework.boot.test.web.client.TestRestTemplateContextCustomizer@6c2c1385, org.springframework.boot.test.context.SpringBootTestArgs@1, org.springframework.boot.test.context.SpringBootTestWebEnvironment@2e377400], resourceBasePath = 'src/main/webapp', contextLoader = 'org.springframework.boot.test.context.SpringBootContextLoader', parent = [null]], attributes = map['org.springframework.test.context.web.ServletTestExecutionListener.activateListener' -> true, 'org.springframework.test.context.web.ServletTestExecutionListener.populatedRequestContextHolder' -> true, 'org.springframework.test.context.web.ServletTestExecutionListener.resetRequestContextHolder' -> true, 'org.springframework.test.context.event.ApplicationEventsTestExecutionListener.recordApplicationEvents' -> false]]; transaction manager [org.springframework.orm.jpa.JpaTransactionManager@30e15628]; rollback [true]
2022-06-09 15:06:01.183 DEBUG 88793 --- [    Test worker] org.hibernate.SQL                        : 
    select
        count(*) as col_0_0_ 
    from
        member member0_ 
    where
        member0_.id=?
2022-06-09 15:06:02.122 DEBUG 88793 --- [    Test worker] org.hibernate.SQL                        : 
    select
        member0_.id as id1_0_0_,
        member0_.email as email2_0_0_,
        member0_.name as name3_0_0_,
        member0_.pw as pw4_0_0_ 
    from
        member member0_ 
    where
        member0_.id=?
2022-06-09 15:06:02.281 DEBUG 88793 --- [    Test worker] org.hibernate.SQL                        : 
    insert 
    into
        member
        (email, name, pw, id) 
    values
        (?, ?, ?, ?)
2022-06-09 15:06:02.437 DEBUG 88793 --- [    Test worker] org.hibernate.SQL                        : 
    select
        count(*) as col_0_0_ 
    from
        member member0_ 
    where
        member0_.id=?
2022-06-09 15:06:02.597 DEBUG 88793 --- [    Test worker] org.hibernate.SQL                        : 
    select
        count(*) as col_0_0_ 
    from
        member member0_ 
    where
        member0_.id=?
2022-06-09 15:06:02.756 DEBUG 88793 --- [    Test worker] org.hibernate.SQL                        : 
    select
        count(*) as col_0_0_ 
    from
        member member0_ 
    where
        member0_.id=?
Member(id=test, pw=123, name=null, email=null)
2022-06-09 15:06:03.233  INFO 88793 --- [    Test worker] o.s.t.c.transaction.TransactionContext   : Rolled back transaction for test: [DefaultTestContext@487ee2a testClass = UserServiceTest, testInstance = Wap.Todo.service.UserServiceTest@134ec0f3, testMethod = login@UserServiceTest, testException = [null], mergedContextConfiguration = [WebMergedContextConfiguration@261b27db testClass = UserServiceTest, locations = '{}', classes = '{class Wap.Todo.TodoApplication}', contextInitializerClasses = '[]', activeProfiles = '{}', propertySourceLocations = '{}', propertySourceProperties = '{org.springframework.boot.test.context.SpringBootTestContextBootstrapper=true}', contextCustomizers = set[org.springframework.boot.test.autoconfigure.actuate.metrics.MetricsExportContextCustomizerFactory$DisableMetricExportContextCustomizer@7e5c856f, org.springframework.boot.test.autoconfigure.properties.PropertyMappingContextCustomizer@0, org.springframework.boot.test.autoconfigure.web.servlet.WebDriverContextCustomizerFactory$Customizer@58ce9668, org.springframework.boot.test.context.filter.ExcludeFilterContextCustomizer@1fa1cab1, org.springframework.boot.test.json.DuplicateJsonObjectContextCustomizerFactory$DuplicateJsonObjectContextCustomizer@51fadaff, org.springframework.boot.test.mock.mockito.MockitoContextCustomizer@0, org.springframework.boot.test.web.client.TestRestTemplateContextCustomizer@6c2c1385, org.springframework.boot.test.context.SpringBootTestArgs@1, org.springframework.boot.test.context.SpringBootTestWebEnvironment@2e377400], resourceBasePath = 'src/main/webapp', contextLoader = 'org.springframework.boot.test.context.SpringBootContextLoader', parent = [null]], attributes = map['org.springframework.test.context.web.ServletTestExecutionListener.activateListener' -> true, 'org.springframework.test.context.web.ServletTestExecutionListener.populatedRequestContextHolder' -> true, 'org.springframework.test.context.web.ServletTestExecutionListener.resetRequestContextHolder' -> true, 'org.springframework.test.context.event.ApplicationEventsTestExecutionListener.recordApplicationEvents' -> false]]
2022-06-09 15:06:03.393  INFO 88793 --- [    Test worker] o.s.t.c.transaction.TransactionContext   : Began transaction (1) for test context [DefaultTestContext@487ee2a testClass = UserServiceTest, testInstance = Wap.Todo.service.UserServiceTest@2a738d47, testMethod = getRooms@UserServiceTest, testException = [null], mergedContextConfiguration = [WebMergedContextConfiguration@261b27db testClass = UserServiceTest, locations = '{}', classes = '{class Wap.Todo.TodoApplication}', contextInitializerClasses = '[]', activeProfiles = '{}', propertySourceLocations = '{}', propertySourceProperties = '{org.springframework.boot.test.context.SpringBootTestContextBootstrapper=true}', contextCustomizers = set[org.springframework.boot.test.autoconfigure.actuate.metrics.MetricsExportContextCustomizerFactory$DisableMetricExportContextCustomizer@7e5c856f, org.springframework.boot.test.autoconfigure.properties.PropertyMappingContextCustomizer@0, org.springframework.boot.test.autoconfigure.web.servlet.WebDriverContextCustomizerFactory$Customizer@58ce9668, org.springframework.boot.test.context.filter.ExcludeFilterContextCustomizer@1fa1cab1, org.springframework.boot.test.json.DuplicateJsonObjectContextCustomizerFactory$DuplicateJsonObjectContextCustomizer@51fadaff, org.springframework.boot.test.mock.mockito.MockitoContextCustomizer@0, org.springframework.boot.test.web.client.TestRestTemplateContextCustomizer@6c2c1385, org.springframework.boot.test.context.SpringBootTestArgs@1, org.springframework.boot.test.context.SpringBootTestWebEnvironment@2e377400], resourceBasePath = 'src/main/webapp', contextLoader = 'org.springframework.boot.test.context.SpringBootContextLoader', parent = [null]], attributes = map['org.springframework.test.context.web.ServletTestExecutionListener.activateListener' -> true, 'org.springframework.test.context.web.ServletTestExecutionListener.populatedRequestContextHolder' -> true, 'org.springframework.test.context.web.ServletTestExecutionListener.resetRequestContextHolder' -> true, 'org.springframework.test.context.event.ApplicationEventsTestExecutionListener.recordApplicationEvents' -> false]]; transaction manager [org.springframework.orm.jpa.JpaTransactionManager@30e15628]; rollback [true]
2022-06-09 15:06:03.398 DEBUG 88793 --- [    Test worker] org.hibernate.SQL                        : 
    select
        count(*) as col_0_0_ 
    from
        member member0_ 
    where
        member0_.id=?
2022-06-09 15:06:03.556 DEBUG 88793 --- [    Test worker] org.hibernate.SQL                        : 
    select
        member0_.id as id1_0_0_,
        member0_.email as email2_0_0_,
        member0_.name as name3_0_0_,
        member0_.pw as pw4_0_0_ 
    from
        member member0_ 
    where
        member0_.id=?
2022-06-09 15:06:03.719 DEBUG 88793 --- [    Test worker] org.hibernate.SQL                        : 
    select
        room0_.num as num1_2_1_,
        room0_.code as code2_2_1_,
        room0_.introduce as introduc3_2_1_,
        room0_.master as master4_2_1_,
        room0_.title as title5_2_1_,
        todos1_.room_num as room_num8_3_3_,
        todos1_.id as id1_3_3_,
        todos1_.id as id1_3_0_,
        todos1_.content as content2_3_0_,
        todos1_.deadline as deadline3_3_0_,
        todos1_.is_editing as is_editi4_3_0_,
        todos1_.last_update_id as last_upd5_3_0_,
        todos1_.room_num as room_num8_3_0_,
        todos1_.status as status6_3_0_,
        todos1_.todo_index as todo_ind7_3_0_ 
    from
        room room0_ 
    left outer join
        todo todos1_ 
            on room0_.num=todos1_.room_num 
    where
        room0_.num=?
2022-06-09 15:06:03.905 DEBUG 88793 --- [    Test worker] org.hibernate.SQL                        : 
    insert 
    into
        member
        (email, name, pw, id) 
    values
        (?, ?, ?, ?)
2022-06-09 15:06:04.114 DEBUG 88793 --- [    Test worker] org.hibernate.SQL                        : 
    insert 
    into
        room
        (code, introduce, master, title) 
    values
        (?, ?, ?, ?)
2022-06-09 15:06:04.633  INFO 88793 --- [    Test worker] o.s.t.c.transaction.TransactionContext   : Rolled back transaction for test: [DefaultTestContext@487ee2a testClass = UserServiceTest, testInstance = Wap.Todo.service.UserServiceTest@2a738d47, testMethod = getRooms@UserServiceTest, testException = [null], mergedContextConfiguration = [WebMergedContextConfiguration@261b27db testClass = UserServiceTest, locations = '{}', classes = '{class Wap.Todo.TodoApplication}', contextInitializerClasses = '[]', activeProfiles = '{}', propertySourceLocations = '{}', propertySourceProperties = '{org.springframework.boot.test.context.SpringBootTestContextBootstrapper=true}', contextCustomizers = set[org.springframework.boot.test.autoconfigure.actuate.metrics.MetricsExportContextCustomizerFactory$DisableMetricExportContextCustomizer@7e5c856f, org.springframework.boot.test.autoconfigure.properties.PropertyMappingContextCustomizer@0, org.springframework.boot.test.autoconfigure.web.servlet.WebDriverContextCustomizerFactory$Customizer@58ce9668, org.springframework.boot.test.context.filter.ExcludeFilterContextCustomizer@1fa1cab1, org.springframework.boot.test.json.DuplicateJsonObjectContextCustomizerFactory$DuplicateJsonObjectContextCustomizer@51fadaff, org.springframework.boot.test.mock.mockito.MockitoContextCustomizer@0, org.springframework.boot.test.web.client.TestRestTemplateContextCustomizer@6c2c1385, org.springframework.boot.test.context.SpringBootTestArgs@1, org.springframework.boot.test.context.SpringBootTestWebEnvironment@2e377400], resourceBasePath = 'src/main/webapp', contextLoader = 'org.springframework.boot.test.context.SpringBootContextLoader', parent = [null]], attributes = map['org.springframework.test.context.web.ServletTestExecutionListener.activateListener' -> true, 'org.springframework.test.context.web.ServletTestExecutionListener.populatedRequestContextHolder' -> true, 'org.springframework.test.context.web.ServletTestExecutionListener.resetRequestContextHolder' -> true, 'org.springframework.test.context.event.ApplicationEventsTestExecutionListener.recordApplicationEvents' -> false]]
]]></system-out>
  <system-err><![CDATA[]]></system-err>
</testsuite>
