<?xml version="1.0" encoding="UTF-8"?>
<testsuite name="Wap.Todo.service.RoomServiceTest" tests="3" skipped="0" failures="0" errors="0" timestamp="2022-06-08T15:38:06" hostname="nuyh.local" time="9.286">
  <properties/>
  <testcase name="방의 마스터가 해당 방을 삭제했을 때 나머지 유저들 CASCADE" classname="Wap.Todo.service.RoomServiceTest" time="3.999"/>
  <testcase name="방 초대 받기" classname="Wap.Todo.service.RoomServiceTest" time="3.491"/>
  <testcase name="방 삭제" classname="Wap.Todo.service.RoomServiceTest" time="1.789"/>
  <system-out><![CDATA[2022-06-09 00:38:06.076  INFO 82890 --- [    Test worker] .b.t.c.SpringBootTestContextBootstrapper : Neither @ContextConfiguration nor @ContextHierarchy found for test class [Wap.Todo.service.RoomServiceTest], using SpringBootContextLoader
2022-06-09 00:38:06.077  INFO 82890 --- [    Test worker] o.s.t.c.support.AbstractContextLoader    : Could not detect default resource locations for test class [Wap.Todo.service.RoomServiceTest]: no resource found for suffixes {-context.xml, Context.groovy}.
2022-06-09 00:38:06.077  INFO 82890 --- [    Test worker] t.c.s.AnnotationConfigContextLoaderUtils : Could not detect default configuration classes for test class [Wap.Todo.service.RoomServiceTest]: RoomServiceTest does not declare any static, non-private, non-final, nested classes annotated with @Configuration.
2022-06-09 00:38:06.079  INFO 82890 --- [    Test worker] .b.t.c.SpringBootTestContextBootstrapper : Found @SpringBootConfiguration Wap.Todo.TodoApplication for test class Wap.Todo.service.RoomServiceTest
2022-06-09 00:38:06.080  INFO 82890 --- [    Test worker] .b.t.c.SpringBootTestContextBootstrapper : Loaded default TestExecutionListener class names from location [META-INF/spring.factories]: [org.springframework.boot.test.autoconfigure.restdocs.RestDocsTestExecutionListener, org.springframework.boot.test.autoconfigure.web.client.MockRestServiceServerResetTestExecutionListener, org.springframework.boot.test.autoconfigure.web.servlet.MockMvcPrintOnlyOnFailureTestExecutionListener, org.springframework.boot.test.autoconfigure.web.servlet.WebDriverTestExecutionListener, org.springframework.boot.test.autoconfigure.webservices.client.MockWebServiceServerTestExecutionListener, org.springframework.boot.test.mock.mockito.MockitoTestExecutionListener, org.springframework.boot.test.mock.mockito.ResetMocksTestExecutionListener, org.springframework.test.context.web.ServletTestExecutionListener, org.springframework.test.context.support.DirtiesContextBeforeModesTestExecutionListener, org.springframework.test.context.event.ApplicationEventsTestExecutionListener, org.springframework.test.context.support.DependencyInjectionTestExecutionListener, org.springframework.test.context.support.DirtiesContextTestExecutionListener, org.springframework.test.context.transaction.TransactionalTestExecutionListener, org.springframework.test.context.jdbc.SqlScriptsTestExecutionListener, org.springframework.test.context.event.EventPublishingTestExecutionListener]
2022-06-09 00:38:06.080  INFO 82890 --- [    Test worker] .b.t.c.SpringBootTestContextBootstrapper : Using TestExecutionListeners: [org.springframework.test.context.web.ServletTestExecutionListener@64f2b1b4, org.springframework.test.context.support.DirtiesContextBeforeModesTestExecutionListener@11ad327f, org.springframework.test.context.event.ApplicationEventsTestExecutionListener@4b808427, org.springframework.boot.test.mock.mockito.MockitoTestExecutionListener@167f9043, org.springframework.boot.test.autoconfigure.SpringBootDependencyInjectionTestExecutionListener@6771fc29, org.springframework.test.context.support.DirtiesContextTestExecutionListener@1f370472, org.springframework.test.context.transaction.TransactionalTestExecutionListener@50d91a0f, org.springframework.test.context.jdbc.SqlScriptsTestExecutionListener@3ace65df, org.springframework.test.context.event.EventPublishingTestExecutionListener@52b6561b, org.springframework.boot.test.autoconfigure.restdocs.RestDocsTestExecutionListener@7505dcab, org.springframework.boot.test.autoconfigure.web.client.MockRestServiceServerResetTestExecutionListener@6d94a966, org.springframework.boot.test.autoconfigure.web.servlet.MockMvcPrintOnlyOnFailureTestExecutionListener@24bdd996, org.springframework.boot.test.autoconfigure.web.servlet.WebDriverTestExecutionListener@445b4594, org.springframework.boot.test.autoconfigure.webservices.client.MockWebServiceServerTestExecutionListener@1f602930, org.springframework.boot.test.mock.mockito.ResetMocksTestExecutionListener@57777c23]
2022-06-09 00:38:06.388  INFO 82890 --- [    Test worker] o.s.t.c.transaction.TransactionContext   : Began transaction (1) for test context [DefaultTestContext@1185b0b7 testClass = RoomServiceTest, testInstance = Wap.Todo.service.RoomServiceTest@ec70725, testMethod = cascadeTest@RoomServiceTest, testException = [null], mergedContextConfiguration = [WebMergedContextConfiguration@2082e0e4 testClass = RoomServiceTest, locations = '{}', classes = '{class Wap.Todo.TodoApplication}', contextInitializerClasses = '[]', activeProfiles = '{}', propertySourceLocations = '{}', propertySourceProperties = '{org.springframework.boot.test.context.SpringBootTestContextBootstrapper=true}', contextCustomizers = set[org.springframework.boot.test.autoconfigure.actuate.metrics.MetricsExportContextCustomizerFactory$DisableMetricExportContextCustomizer@7e5c856f, org.springframework.boot.test.autoconfigure.properties.PropertyMappingContextCustomizer@0, org.springframework.boot.test.autoconfigure.web.servlet.WebDriverContextCustomizerFactory$Customizer@58ce9668, org.springframework.boot.test.context.filter.ExcludeFilterContextCustomizer@1fa1cab1, org.springframework.boot.test.json.DuplicateJsonObjectContextCustomizerFactory$DuplicateJsonObjectContextCustomizer@51fadaff, org.springframework.boot.test.mock.mockito.MockitoContextCustomizer@0, org.springframework.boot.test.web.client.TestRestTemplateContextCustomizer@6c2c1385, org.springframework.boot.test.context.SpringBootTestArgs@1, org.springframework.boot.test.context.SpringBootTestWebEnvironment@2e377400], resourceBasePath = 'src/main/webapp', contextLoader = 'org.springframework.boot.test.context.SpringBootContextLoader', parent = [null]], attributes = map['org.springframework.test.context.web.ServletTestExecutionListener.activateListener' -> true, 'org.springframework.test.context.web.ServletTestExecutionListener.populatedRequestContextHolder' -> true, 'org.springframework.test.context.web.ServletTestExecutionListener.resetRequestContextHolder' -> true, 'org.springframework.test.context.event.ApplicationEventsTestExecutionListener.recordApplicationEvents' -> false]]; transaction manager [org.springframework.orm.jpa.JpaTransactionManager@6fe337a5]; rollback [true]
2022-06-09 00:38:06.475 DEBUG 82890 --- [    Test worker] org.hibernate.SQL                        : 
    select
        count(*) as col_0_0_ 
    from
        member member0_ 
    where
        member0_.id=?
2022-06-09 00:38:06.653 DEBUG 82890 --- [    Test worker] org.hibernate.SQL                        : 
    select
        member0_.id as id1_0_0_,
        member0_.email as email2_0_0_,
        member0_.name as name3_0_0_,
        member0_.pw as pw4_0_0_ 
    from
        member member0_ 
    where
        member0_.id=?
2022-06-09 00:38:06.856 DEBUG 82890 --- [    Test worker] org.hibernate.SQL                        : 
    insert 
    into
        member
        (email, name, pw, id) 
    values
        (?, ?, ?, ?)
2022-06-09 00:38:07.014 DEBUG 82890 --- [    Test worker] org.hibernate.SQL                        : 
    select
        count(*) as col_0_0_ 
    from
        member member0_ 
    where
        member0_.id=?
2022-06-09 00:38:07.170 DEBUG 82890 --- [    Test worker] org.hibernate.SQL                        : 
    select
        member0_.id as id1_0_0_,
        member0_.email as email2_0_0_,
        member0_.name as name3_0_0_,
        member0_.pw as pw4_0_0_ 
    from
        member member0_ 
    where
        member0_.id=?
2022-06-09 00:38:07.346 DEBUG 82890 --- [    Test worker] org.hibernate.SQL                        : 
    insert 
    into
        member
        (email, name, pw, id) 
    values
        (?, ?, ?, ?)
2022-06-09 00:38:07.499 DEBUG 82890 --- [    Test worker] org.hibernate.SQL                        : 
    insert 
    into
        room
        (code, introduce, master, title) 
    values
        (?, ?, ?, ?)
Room(num=387, master=id, title=, introduce=test, code=0a049a8a-3, todos=[])
2022-06-09 00:38:07.697 DEBUG 82890 --- [    Test worker] org.hibernate.SQL                        : 
    select
        room0_.num as num1_2_,
        room0_.code as code2_2_,
        room0_.introduce as introduc3_2_,
        room0_.master as master4_2_,
        room0_.title as title5_2_ 
    from
        room room0_
2022-06-09 00:38:07.852 DEBUG 82890 --- [    Test worker] org.hibernate.SQL                        : 
    select
        todos0_.room_num as room_num8_3_0_,
        todos0_.id as id1_3_0_,
        todos0_.id as id1_3_1_,
        todos0_.content as content2_3_1_,
        todos0_.deadline as deadline3_3_1_,
        todos0_.is_editing as is_editi4_3_1_,
        todos0_.last_update_id as last_upd5_3_1_,
        todos0_.room_num as room_num8_3_1_,
        todos0_.status as status6_3_1_,
        todos0_.todo_index as todo_ind7_3_1_ 
    from
        todo todos0_ 
    where
        todos0_.room_num=?
2022-06-09 00:38:08.014 DEBUG 82890 --- [    Test worker] org.hibernate.SQL                        : 
    select
        todos0_.room_num as room_num8_3_0_,
        todos0_.id as id1_3_0_,
        todos0_.id as id1_3_1_,
        todos0_.content as content2_3_1_,
        todos0_.deadline as deadline3_3_1_,
        todos0_.is_editing as is_editi4_3_1_,
        todos0_.last_update_id as last_upd5_3_1_,
        todos0_.room_num as room_num8_3_1_,
        todos0_.status as status6_3_1_,
        todos0_.todo_index as todo_ind7_3_1_ 
    from
        todo todos0_ 
    where
        todos0_.room_num=?
2022-06-09 00:38:08.169 DEBUG 82890 --- [    Test worker] org.hibernate.SQL                        : 
    select
        todos0_.room_num as room_num8_3_0_,
        todos0_.id as id1_3_0_,
        todos0_.id as id1_3_1_,
        todos0_.content as content2_3_1_,
        todos0_.deadline as deadline3_3_1_,
        todos0_.is_editing as is_editi4_3_1_,
        todos0_.last_update_id as last_upd5_3_1_,
        todos0_.room_num as room_num8_3_1_,
        todos0_.status as status6_3_1_,
        todos0_.todo_index as todo_ind7_3_1_ 
    from
        todo todos0_ 
    where
        todos0_.room_num=?
2022-06-09 00:38:08.322 DEBUG 82890 --- [    Test worker] org.hibernate.SQL                        : 
    select
        todos0_.room_num as room_num8_3_0_,
        todos0_.id as id1_3_0_,
        todos0_.id as id1_3_1_,
        todos0_.content as content2_3_1_,
        todos0_.deadline as deadline3_3_1_,
        todos0_.is_editing as is_editi4_3_1_,
        todos0_.last_update_id as last_upd5_3_1_,
        todos0_.room_num as room_num8_3_1_,
        todos0_.status as status6_3_1_,
        todos0_.todo_index as todo_ind7_3_1_ 
    from
        todo todos0_ 
    where
        todos0_.room_num=?
2022-06-09 00:38:08.476 DEBUG 82890 --- [    Test worker] org.hibernate.SQL                        : 
    select
        todos0_.room_num as room_num8_3_0_,
        todos0_.id as id1_3_0_,
        todos0_.id as id1_3_1_,
        todos0_.content as content2_3_1_,
        todos0_.deadline as deadline3_3_1_,
        todos0_.is_editing as is_editi4_3_1_,
        todos0_.last_update_id as last_upd5_3_1_,
        todos0_.room_num as room_num8_3_1_,
        todos0_.status as status6_3_1_,
        todos0_.todo_index as todo_ind7_3_1_ 
    from
        todo todos0_ 
    where
        todos0_.room_num=?
2022-06-09 00:38:08.630 DEBUG 82890 --- [    Test worker] org.hibernate.SQL                        : 
    select
        todos0_.room_num as room_num8_3_0_,
        todos0_.id as id1_3_0_,
        todos0_.id as id1_3_1_,
        todos0_.content as content2_3_1_,
        todos0_.deadline as deadline3_3_1_,
        todos0_.is_editing as is_editi4_3_1_,
        todos0_.last_update_id as last_upd5_3_1_,
        todos0_.room_num as room_num8_3_1_,
        todos0_.status as status6_3_1_,
        todos0_.todo_index as todo_ind7_3_1_ 
    from
        todo todos0_ 
    where
        todos0_.room_num=?
2022-06-09 00:38:08.783 DEBUG 82890 --- [    Test worker] org.hibernate.SQL                        : 
    select
        todos0_.room_num as room_num8_3_0_,
        todos0_.id as id1_3_0_,
        todos0_.id as id1_3_1_,
        todos0_.content as content2_3_1_,
        todos0_.deadline as deadline3_3_1_,
        todos0_.is_editing as is_editi4_3_1_,
        todos0_.last_update_id as last_upd5_3_1_,
        todos0_.room_num as room_num8_3_1_,
        todos0_.status as status6_3_1_,
        todos0_.todo_index as todo_ind7_3_1_ 
    from
        todo todos0_ 
    where
        todos0_.room_num=?
2022-06-09 00:38:08.936 DEBUG 82890 --- [    Test worker] org.hibernate.SQL                        : 
    select
        todos0_.room_num as room_num8_3_0_,
        todos0_.id as id1_3_0_,
        todos0_.id as id1_3_1_,
        todos0_.content as content2_3_1_,
        todos0_.deadline as deadline3_3_1_,
        todos0_.is_editing as is_editi4_3_1_,
        todos0_.last_update_id as last_upd5_3_1_,
        todos0_.room_num as room_num8_3_1_,
        todos0_.status as status6_3_1_,
        todos0_.todo_index as todo_ind7_3_1_ 
    from
        todo todos0_ 
    where
        todos0_.room_num=?
2022-06-09 00:38:09.089 DEBUG 82890 --- [    Test worker] org.hibernate.SQL                        : 
    select
        todos0_.room_num as room_num8_3_0_,
        todos0_.id as id1_3_0_,
        todos0_.id as id1_3_1_,
        todos0_.content as content2_3_1_,
        todos0_.deadline as deadline3_3_1_,
        todos0_.is_editing as is_editi4_3_1_,
        todos0_.last_update_id as last_upd5_3_1_,
        todos0_.room_num as room_num8_3_1_,
        todos0_.status as status6_3_1_,
        todos0_.todo_index as todo_ind7_3_1_ 
    from
        todo todos0_ 
    where
        todos0_.room_num=?
2022-06-09 00:38:09.242 DEBUG 82890 --- [    Test worker] org.hibernate.SQL                        : 
    select
        todos0_.room_num as room_num8_3_0_,
        todos0_.id as id1_3_0_,
        todos0_.id as id1_3_1_,
        todos0_.content as content2_3_1_,
        todos0_.deadline as deadline3_3_1_,
        todos0_.is_editing as is_editi4_3_1_,
        todos0_.last_update_id as last_upd5_3_1_,
        todos0_.room_num as room_num8_3_1_,
        todos0_.status as status6_3_1_,
        todos0_.todo_index as todo_ind7_3_1_ 
    from
        todo todos0_ 
    where
        todos0_.room_num=?
2022-06-09 00:38:09.395 DEBUG 82890 --- [    Test worker] org.hibernate.SQL                        : 
    select
        todos0_.room_num as room_num8_3_0_,
        todos0_.id as id1_3_0_,
        todos0_.id as id1_3_1_,
        todos0_.content as content2_3_1_,
        todos0_.deadline as deadline3_3_1_,
        todos0_.is_editing as is_editi4_3_1_,
        todos0_.last_update_id as last_upd5_3_1_,
        todos0_.room_num as room_num8_3_1_,
        todos0_.status as status6_3_1_,
        todos0_.todo_index as todo_ind7_3_1_ 
    from
        todo todos0_ 
    where
        todos0_.room_num=?
2022-06-09 00:38:09.560 DEBUG 82890 --- [    Test worker] org.hibernate.SQL                        : 
    select
        count(*) as col_0_0_ 
    from
        room room0_ 
    where
        room0_.num=?
[]
2022-06-09 00:38:10.079  INFO 82890 --- [    Test worker] o.s.t.c.transaction.TransactionContext   : Rolled back transaction for test: [DefaultTestContext@1185b0b7 testClass = RoomServiceTest, testInstance = Wap.Todo.service.RoomServiceTest@ec70725, testMethod = cascadeTest@RoomServiceTest, testException = [null], mergedContextConfiguration = [WebMergedContextConfiguration@2082e0e4 testClass = RoomServiceTest, locations = '{}', classes = '{class Wap.Todo.TodoApplication}', contextInitializerClasses = '[]', activeProfiles = '{}', propertySourceLocations = '{}', propertySourceProperties = '{org.springframework.boot.test.context.SpringBootTestContextBootstrapper=true}', contextCustomizers = set[org.springframework.boot.test.autoconfigure.actuate.metrics.MetricsExportContextCustomizerFactory$DisableMetricExportContextCustomizer@7e5c856f, org.springframework.boot.test.autoconfigure.properties.PropertyMappingContextCustomizer@0, org.springframework.boot.test.autoconfigure.web.servlet.WebDriverContextCustomizerFactory$Customizer@58ce9668, org.springframework.boot.test.context.filter.ExcludeFilterContextCustomizer@1fa1cab1, org.springframework.boot.test.json.DuplicateJsonObjectContextCustomizerFactory$DuplicateJsonObjectContextCustomizer@51fadaff, org.springframework.boot.test.mock.mockito.MockitoContextCustomizer@0, org.springframework.boot.test.web.client.TestRestTemplateContextCustomizer@6c2c1385, org.springframework.boot.test.context.SpringBootTestArgs@1, org.springframework.boot.test.context.SpringBootTestWebEnvironment@2e377400], resourceBasePath = 'src/main/webapp', contextLoader = 'org.springframework.boot.test.context.SpringBootContextLoader', parent = [null]], attributes = map['org.springframework.test.context.web.ServletTestExecutionListener.activateListener' -> true, 'org.springframework.test.context.web.ServletTestExecutionListener.populatedRequestContextHolder' -> true, 'org.springframework.test.context.web.ServletTestExecutionListener.resetRequestContextHolder' -> true, 'org.springframework.test.context.event.ApplicationEventsTestExecutionListener.recordApplicationEvents' -> false]]
2022-06-09 00:38:10.245  INFO 82890 --- [    Test worker] o.s.t.c.transaction.TransactionContext   : Began transaction (1) for test context [DefaultTestContext@1185b0b7 testClass = RoomServiceTest, testInstance = Wap.Todo.service.RoomServiceTest@37a36194, testMethod = invitingUser@RoomServiceTest, testException = [null], mergedContextConfiguration = [WebMergedContextConfiguration@2082e0e4 testClass = RoomServiceTest, locations = '{}', classes = '{class Wap.Todo.TodoApplication}', contextInitializerClasses = '[]', activeProfiles = '{}', propertySourceLocations = '{}', propertySourceProperties = '{org.springframework.boot.test.context.SpringBootTestContextBootstrapper=true}', contextCustomizers = set[org.springframework.boot.test.autoconfigure.actuate.metrics.MetricsExportContextCustomizerFactory$DisableMetricExportContextCustomizer@7e5c856f, org.springframework.boot.test.autoconfigure.properties.PropertyMappingContextCustomizer@0, org.springframework.boot.test.autoconfigure.web.servlet.WebDriverContextCustomizerFactory$Customizer@58ce9668, org.springframework.boot.test.context.filter.ExcludeFilterContextCustomizer@1fa1cab1, org.springframework.boot.test.json.DuplicateJsonObjectContextCustomizerFactory$DuplicateJsonObjectContextCustomizer@51fadaff, org.springframework.boot.test.mock.mockito.MockitoContextCustomizer@0, org.springframework.boot.test.web.client.TestRestTemplateContextCustomizer@6c2c1385, org.springframework.boot.test.context.SpringBootTestArgs@1, org.springframework.boot.test.context.SpringBootTestWebEnvironment@2e377400], resourceBasePath = 'src/main/webapp', contextLoader = 'org.springframework.boot.test.context.SpringBootContextLoader', parent = [null]], attributes = map['org.springframework.test.context.web.ServletTestExecutionListener.activateListener' -> true, 'org.springframework.test.context.web.ServletTestExecutionListener.populatedRequestContextHolder' -> true, 'org.springframework.test.context.web.ServletTestExecutionListener.resetRequestContextHolder' -> true, 'org.springframework.test.context.event.ApplicationEventsTestExecutionListener.recordApplicationEvents' -> false]]; transaction manager [org.springframework.orm.jpa.JpaTransactionManager@6fe337a5]; rollback [true]
2022-06-09 00:38:10.249 DEBUG 82890 --- [    Test worker] org.hibernate.SQL                        : 
    select
        count(*) as col_0_0_ 
    from
        member member0_ 
    where
        member0_.id=?
2022-06-09 00:38:10.416 DEBUG 82890 --- [    Test worker] org.hibernate.SQL                        : 
    select
        member0_.id as id1_0_0_,
        member0_.email as email2_0_0_,
        member0_.name as name3_0_0_,
        member0_.pw as pw4_0_0_ 
    from
        member member0_ 
    where
        member0_.id=?
2022-06-09 00:38:10.569 DEBUG 82890 --- [    Test worker] org.hibernate.SQL                        : 
    insert 
    into
        member
        (email, name, pw, id) 
    values
        (?, ?, ?, ?)
2022-06-09 00:38:10.721 DEBUG 82890 --- [    Test worker] org.hibernate.SQL                        : 
    select
        count(*) as col_0_0_ 
    from
        member member0_ 
    where
        member0_.id=?
2022-06-09 00:38:10.875 DEBUG 82890 --- [    Test worker] org.hibernate.SQL                        : 
    select
        member0_.id as id1_0_0_,
        member0_.email as email2_0_0_,
        member0_.name as name3_0_0_,
        member0_.pw as pw4_0_0_ 
    from
        member member0_ 
    where
        member0_.id=?
2022-06-09 00:38:11.028 DEBUG 82890 --- [    Test worker] org.hibernate.SQL                        : 
    insert 
    into
        member
        (email, name, pw, id) 
    values
        (?, ?, ?, ?)
2022-06-09 00:38:11.180 DEBUG 82890 --- [    Test worker] org.hibernate.SQL                        : 
    insert 
    into
        room
        (code, introduce, master, title) 
    values
        (?, ?, ?, ?)
Room(num=388, master=id, title=, introduce=test, code=f1a5d37c-5, todos=[])
2022-06-09 00:38:11.334 DEBUG 82890 --- [    Test worker] org.hibernate.SQL                        : 
    select
        room0_.num as num1_2_,
        room0_.code as code2_2_,
        room0_.introduce as introduc3_2_,
        room0_.master as master4_2_,
        room0_.title as title5_2_ 
    from
        room room0_
2022-06-09 00:38:11.488 DEBUG 82890 --- [    Test worker] org.hibernate.SQL                        : 
    select
        todos0_.room_num as room_num8_3_0_,
        todos0_.id as id1_3_0_,
        todos0_.id as id1_3_1_,
        todos0_.content as content2_3_1_,
        todos0_.deadline as deadline3_3_1_,
        todos0_.is_editing as is_editi4_3_1_,
        todos0_.last_update_id as last_upd5_3_1_,
        todos0_.room_num as room_num8_3_1_,
        todos0_.status as status6_3_1_,
        todos0_.todo_index as todo_ind7_3_1_ 
    from
        todo todos0_ 
    where
        todos0_.room_num=?
2022-06-09 00:38:11.642 DEBUG 82890 --- [    Test worker] org.hibernate.SQL                        : 
    select
        todos0_.room_num as room_num8_3_0_,
        todos0_.id as id1_3_0_,
        todos0_.id as id1_3_1_,
        todos0_.content as content2_3_1_,
        todos0_.deadline as deadline3_3_1_,
        todos0_.is_editing as is_editi4_3_1_,
        todos0_.last_update_id as last_upd5_3_1_,
        todos0_.room_num as room_num8_3_1_,
        todos0_.status as status6_3_1_,
        todos0_.todo_index as todo_ind7_3_1_ 
    from
        todo todos0_ 
    where
        todos0_.room_num=?
2022-06-09 00:38:11.796 DEBUG 82890 --- [    Test worker] org.hibernate.SQL                        : 
    select
        todos0_.room_num as room_num8_3_0_,
        todos0_.id as id1_3_0_,
        todos0_.id as id1_3_1_,
        todos0_.content as content2_3_1_,
        todos0_.deadline as deadline3_3_1_,
        todos0_.is_editing as is_editi4_3_1_,
        todos0_.last_update_id as last_upd5_3_1_,
        todos0_.room_num as room_num8_3_1_,
        todos0_.status as status6_3_1_,
        todos0_.todo_index as todo_ind7_3_1_ 
    from
        todo todos0_ 
    where
        todos0_.room_num=?
2022-06-09 00:38:11.949 DEBUG 82890 --- [    Test worker] org.hibernate.SQL                        : 
    select
        todos0_.room_num as room_num8_3_0_,
        todos0_.id as id1_3_0_,
        todos0_.id as id1_3_1_,
        todos0_.content as content2_3_1_,
        todos0_.deadline as deadline3_3_1_,
        todos0_.is_editing as is_editi4_3_1_,
        todos0_.last_update_id as last_upd5_3_1_,
        todos0_.room_num as room_num8_3_1_,
        todos0_.status as status6_3_1_,
        todos0_.todo_index as todo_ind7_3_1_ 
    from
        todo todos0_ 
    where
        todos0_.room_num=?
2022-06-09 00:38:12.169 DEBUG 82890 --- [    Test worker] org.hibernate.SQL                        : 
    select
        todos0_.room_num as room_num8_3_0_,
        todos0_.id as id1_3_0_,
        todos0_.id as id1_3_1_,
        todos0_.content as content2_3_1_,
        todos0_.deadline as deadline3_3_1_,
        todos0_.is_editing as is_editi4_3_1_,
        todos0_.last_update_id as last_upd5_3_1_,
        todos0_.room_num as room_num8_3_1_,
        todos0_.status as status6_3_1_,
        todos0_.todo_index as todo_ind7_3_1_ 
    from
        todo todos0_ 
    where
        todos0_.room_num=?
2022-06-09 00:38:12.321 DEBUG 82890 --- [    Test worker] org.hibernate.SQL                        : 
    select
        todos0_.room_num as room_num8_3_0_,
        todos0_.id as id1_3_0_,
        todos0_.id as id1_3_1_,
        todos0_.content as content2_3_1_,
        todos0_.deadline as deadline3_3_1_,
        todos0_.is_editing as is_editi4_3_1_,
        todos0_.last_update_id as last_upd5_3_1_,
        todos0_.room_num as room_num8_3_1_,
        todos0_.status as status6_3_1_,
        todos0_.todo_index as todo_ind7_3_1_ 
    from
        todo todos0_ 
    where
        todos0_.room_num=?
2022-06-09 00:38:12.477 DEBUG 82890 --- [    Test worker] org.hibernate.SQL                        : 
    select
        todos0_.room_num as room_num8_3_0_,
        todos0_.id as id1_3_0_,
        todos0_.id as id1_3_1_,
        todos0_.content as content2_3_1_,
        todos0_.deadline as deadline3_3_1_,
        todos0_.is_editing as is_editi4_3_1_,
        todos0_.last_update_id as last_upd5_3_1_,
        todos0_.room_num as room_num8_3_1_,
        todos0_.status as status6_3_1_,
        todos0_.todo_index as todo_ind7_3_1_ 
    from
        todo todos0_ 
    where
        todos0_.room_num=?
2022-06-09 00:38:12.644 DEBUG 82890 --- [    Test worker] org.hibernate.SQL                        : 
    select
        todos0_.room_num as room_num8_3_0_,
        todos0_.id as id1_3_0_,
        todos0_.id as id1_3_1_,
        todos0_.content as content2_3_1_,
        todos0_.deadline as deadline3_3_1_,
        todos0_.is_editing as is_editi4_3_1_,
        todos0_.last_update_id as last_upd5_3_1_,
        todos0_.room_num as room_num8_3_1_,
        todos0_.status as status6_3_1_,
        todos0_.todo_index as todo_ind7_3_1_ 
    from
        todo todos0_ 
    where
        todos0_.room_num=?
2022-06-09 00:38:12.805 DEBUG 82890 --- [    Test worker] org.hibernate.SQL                        : 
    select
        todos0_.room_num as room_num8_3_0_,
        todos0_.id as id1_3_0_,
        todos0_.id as id1_3_1_,
        todos0_.content as content2_3_1_,
        todos0_.deadline as deadline3_3_1_,
        todos0_.is_editing as is_editi4_3_1_,
        todos0_.last_update_id as last_upd5_3_1_,
        todos0_.room_num as room_num8_3_1_,
        todos0_.status as status6_3_1_,
        todos0_.todo_index as todo_ind7_3_1_ 
    from
        todo todos0_ 
    where
        todos0_.room_num=?
2022-06-09 00:38:12.959 DEBUG 82890 --- [    Test worker] org.hibernate.SQL                        : 
    select
        todos0_.room_num as room_num8_3_0_,
        todos0_.id as id1_3_0_,
        todos0_.id as id1_3_1_,
        todos0_.content as content2_3_1_,
        todos0_.deadline as deadline3_3_1_,
        todos0_.is_editing as is_editi4_3_1_,
        todos0_.last_update_id as last_upd5_3_1_,
        todos0_.room_num as room_num8_3_1_,
        todos0_.status as status6_3_1_,
        todos0_.todo_index as todo_ind7_3_1_ 
    from
        todo todos0_ 
    where
        todos0_.room_num=?
2022-06-09 00:38:13.113 DEBUG 82890 --- [    Test worker] org.hibernate.SQL                        : 
    select
        todos0_.room_num as room_num8_3_0_,
        todos0_.id as id1_3_0_,
        todos0_.id as id1_3_1_,
        todos0_.content as content2_3_1_,
        todos0_.deadline as deadline3_3_1_,
        todos0_.is_editing as is_editi4_3_1_,
        todos0_.last_update_id as last_upd5_3_1_,
        todos0_.room_num as room_num8_3_1_,
        todos0_.status as status6_3_1_,
        todos0_.todo_index as todo_ind7_3_1_ 
    from
        todo todos0_ 
    where
        todos0_.room_num=?
2022-06-09 00:38:13.574  INFO 82890 --- [    Test worker] o.s.t.c.transaction.TransactionContext   : Rolled back transaction for test: [DefaultTestContext@1185b0b7 testClass = RoomServiceTest, testInstance = Wap.Todo.service.RoomServiceTest@37a36194, testMethod = invitingUser@RoomServiceTest, testException = [null], mergedContextConfiguration = [WebMergedContextConfiguration@2082e0e4 testClass = RoomServiceTest, locations = '{}', classes = '{class Wap.Todo.TodoApplication}', contextInitializerClasses = '[]', activeProfiles = '{}', propertySourceLocations = '{}', propertySourceProperties = '{org.springframework.boot.test.context.SpringBootTestContextBootstrapper=true}', contextCustomizers = set[org.springframework.boot.test.autoconfigure.actuate.metrics.MetricsExportContextCustomizerFactory$DisableMetricExportContextCustomizer@7e5c856f, org.springframework.boot.test.autoconfigure.properties.PropertyMappingContextCustomizer@0, org.springframework.boot.test.autoconfigure.web.servlet.WebDriverContextCustomizerFactory$Customizer@58ce9668, org.springframework.boot.test.context.filter.ExcludeFilterContextCustomizer@1fa1cab1, org.springframework.boot.test.json.DuplicateJsonObjectContextCustomizerFactory$DuplicateJsonObjectContextCustomizer@51fadaff, org.springframework.boot.test.mock.mockito.MockitoContextCustomizer@0, org.springframework.boot.test.web.client.TestRestTemplateContextCustomizer@6c2c1385, org.springframework.boot.test.context.SpringBootTestArgs@1, org.springframework.boot.test.context.SpringBootTestWebEnvironment@2e377400], resourceBasePath = 'src/main/webapp', contextLoader = 'org.springframework.boot.test.context.SpringBootContextLoader', parent = [null]], attributes = map['org.springframework.test.context.web.ServletTestExecutionListener.activateListener' -> true, 'org.springframework.test.context.web.ServletTestExecutionListener.populatedRequestContextHolder' -> true, 'org.springframework.test.context.web.ServletTestExecutionListener.resetRequestContextHolder' -> true, 'org.springframework.test.context.event.ApplicationEventsTestExecutionListener.recordApplicationEvents' -> false]]
2022-06-09 00:38:13.734  INFO 82890 --- [    Test worker] o.s.t.c.transaction.TransactionContext   : Began transaction (1) for test context [DefaultTestContext@1185b0b7 testClass = RoomServiceTest, testInstance = Wap.Todo.service.RoomServiceTest@7bc3c59f, testMethod = deleteRoom@RoomServiceTest, testException = [null], mergedContextConfiguration = [WebMergedContextConfiguration@2082e0e4 testClass = RoomServiceTest, locations = '{}', classes = '{class Wap.Todo.TodoApplication}', contextInitializerClasses = '[]', activeProfiles = '{}', propertySourceLocations = '{}', propertySourceProperties = '{org.springframework.boot.test.context.SpringBootTestContextBootstrapper=true}', contextCustomizers = set[org.springframework.boot.test.autoconfigure.actuate.metrics.MetricsExportContextCustomizerFactory$DisableMetricExportContextCustomizer@7e5c856f, org.springframework.boot.test.autoconfigure.properties.PropertyMappingContextCustomizer@0, org.springframework.boot.test.autoconfigure.web.servlet.WebDriverContextCustomizerFactory$Customizer@58ce9668, org.springframework.boot.test.context.filter.ExcludeFilterContextCustomizer@1fa1cab1, org.springframework.boot.test.json.DuplicateJsonObjectContextCustomizerFactory$DuplicateJsonObjectContextCustomizer@51fadaff, org.springframework.boot.test.mock.mockito.MockitoContextCustomizer@0, org.springframework.boot.test.web.client.TestRestTemplateContextCustomizer@6c2c1385, org.springframework.boot.test.context.SpringBootTestArgs@1, org.springframework.boot.test.context.SpringBootTestWebEnvironment@2e377400], resourceBasePath = 'src/main/webapp', contextLoader = 'org.springframework.boot.test.context.SpringBootContextLoader', parent = [null]], attributes = map['org.springframework.test.context.web.ServletTestExecutionListener.activateListener' -> true, 'org.springframework.test.context.web.ServletTestExecutionListener.populatedRequestContextHolder' -> true, 'org.springframework.test.context.web.ServletTestExecutionListener.resetRequestContextHolder' -> true, 'org.springframework.test.context.event.ApplicationEventsTestExecutionListener.recordApplicationEvents' -> false]]; transaction manager [org.springframework.orm.jpa.JpaTransactionManager@6fe337a5]; rollback [true]
2022-06-09 00:38:13.744 DEBUG 82890 --- [    Test worker] org.hibernate.SQL                        : 
    select
        count(*) as col_0_0_ 
    from
        member member0_ 
    where
        member0_.id=?
2022-06-09 00:38:13.897 DEBUG 82890 --- [    Test worker] org.hibernate.SQL                        : 
    select
        member0_.id as id1_0_0_,
        member0_.email as email2_0_0_,
        member0_.name as name3_0_0_,
        member0_.pw as pw4_0_0_ 
    from
        member member0_ 
    where
        member0_.id=?
2022-06-09 00:38:14.050 DEBUG 82890 --- [    Test worker] org.hibernate.SQL                        : 
    insert 
    into
        member
        (email, name, pw, id) 
    values
        (?, ?, ?, ?)
2022-06-09 00:38:14.254 DEBUG 82890 --- [    Test worker] org.hibernate.SQL                        : 
    insert 
    into
        room
        (code, introduce, master, title) 
    values
        (?, ?, ?, ?)
Room(num=389, master=id, title=제목, introduce=test, code=f1cf176a-2, todos=[])
2022-06-09 00:38:14.593 DEBUG 82890 --- [    Test worker] org.hibernate.SQL                        : 
    select
        count(*) as col_0_0_ 
    from
        room room0_ 
    where
        room0_.num=?
2022-06-09 00:38:14.750 DEBUG 82890 --- [    Test worker] org.hibernate.SQL                        : 
    delete 
    from
        room 
    where
        num=?
2022-06-09 00:38:14.907 DEBUG 82890 --- [    Test worker] org.hibernate.SQL                        : 
    select
        count(*) as col_0_0_ 
    from
        room room0_ 
    where
        room0_.num=?
2022-06-09 00:38:15.368  INFO 82890 --- [    Test worker] o.s.t.c.transaction.TransactionContext   : Rolled back transaction for test: [DefaultTestContext@1185b0b7 testClass = RoomServiceTest, testInstance = Wap.Todo.service.RoomServiceTest@7bc3c59f, testMethod = deleteRoom@RoomServiceTest, testException = [null], mergedContextConfiguration = [WebMergedContextConfiguration@2082e0e4 testClass = RoomServiceTest, locations = '{}', classes = '{class Wap.Todo.TodoApplication}', contextInitializerClasses = '[]', activeProfiles = '{}', propertySourceLocations = '{}', propertySourceProperties = '{org.springframework.boot.test.context.SpringBootTestContextBootstrapper=true}', contextCustomizers = set[org.springframework.boot.test.autoconfigure.actuate.metrics.MetricsExportContextCustomizerFactory$DisableMetricExportContextCustomizer@7e5c856f, org.springframework.boot.test.autoconfigure.properties.PropertyMappingContextCustomizer@0, org.springframework.boot.test.autoconfigure.web.servlet.WebDriverContextCustomizerFactory$Customizer@58ce9668, org.springframework.boot.test.context.filter.ExcludeFilterContextCustomizer@1fa1cab1, org.springframework.boot.test.json.DuplicateJsonObjectContextCustomizerFactory$DuplicateJsonObjectContextCustomizer@51fadaff, org.springframework.boot.test.mock.mockito.MockitoContextCustomizer@0, org.springframework.boot.test.web.client.TestRestTemplateContextCustomizer@6c2c1385, org.springframework.boot.test.context.SpringBootTestArgs@1, org.springframework.boot.test.context.SpringBootTestWebEnvironment@2e377400], resourceBasePath = 'src/main/webapp', contextLoader = 'org.springframework.boot.test.context.SpringBootContextLoader', parent = [null]], attributes = map['org.springframework.test.context.web.ServletTestExecutionListener.activateListener' -> true, 'org.springframework.test.context.web.ServletTestExecutionListener.populatedRequestContextHolder' -> true, 'org.springframework.test.context.web.ServletTestExecutionListener.resetRequestContextHolder' -> true, 'org.springframework.test.context.event.ApplicationEventsTestExecutionListener.recordApplicationEvents' -> false]]
]]></system-out>
  <system-err><![CDATA[]]></system-err>
</testsuite>
