<?xml version="1.0" encoding="UTF-8"?>
<testsuite name="Wap.Todo.service.UserServiceTest" tests="4" skipped="0" failures="0" errors="0" timestamp="2022-06-08T19:09:15" hostname="nuyh.local" time="4.821">
  <properties/>
  <testcase name="중복 회원가입" classname="Wap.Todo.service.UserServiceTest" time="1.333"/>
  <testcase name="회원가입" classname="Wap.Todo.service.UserServiceTest" time="0.793"/>
  <testcase name="로그인" classname="Wap.Todo.service.UserServiceTest" time="1.425"/>
  <testcase name="방 목록 가져오기" classname="Wap.Todo.service.UserServiceTest" time="1.264"/>
  <system-out><![CDATA[2022-06-09 04:09:15.358  INFO 86468 --- [    Test worker] .b.t.c.SpringBootTestContextBootstrapper : Neither @ContextConfiguration nor @ContextHierarchy found for test class [Wap.Todo.service.UserServiceTest], using SpringBootContextLoader
2022-06-09 04:09:15.359  INFO 86468 --- [    Test worker] o.s.t.c.support.AbstractContextLoader    : Could not detect default resource locations for test class [Wap.Todo.service.UserServiceTest]: no resource found for suffixes {-context.xml, Context.groovy}.
2022-06-09 04:09:15.359  INFO 86468 --- [    Test worker] t.c.s.AnnotationConfigContextLoaderUtils : Could not detect default configuration classes for test class [Wap.Todo.service.UserServiceTest]: UserServiceTest does not declare any static, non-private, non-final, nested classes annotated with @Configuration.
2022-06-09 04:09:15.360  INFO 86468 --- [    Test worker] .b.t.c.SpringBootTestContextBootstrapper : Found @SpringBootConfiguration Wap.Todo.TodoApplication for test class Wap.Todo.service.UserServiceTest
2022-06-09 04:09:15.361  INFO 86468 --- [    Test worker] .b.t.c.SpringBootTestContextBootstrapper : Loaded default TestExecutionListener class names from location [META-INF/spring.factories]: [org.springframework.boot.test.autoconfigure.restdocs.RestDocsTestExecutionListener, org.springframework.boot.test.autoconfigure.web.client.MockRestServiceServerResetTestExecutionListener, org.springframework.boot.test.autoconfigure.web.servlet.MockMvcPrintOnlyOnFailureTestExecutionListener, org.springframework.boot.test.autoconfigure.web.servlet.WebDriverTestExecutionListener, org.springframework.boot.test.autoconfigure.webservices.client.MockWebServiceServerTestExecutionListener, org.springframework.boot.test.mock.mockito.MockitoTestExecutionListener, org.springframework.boot.test.mock.mockito.ResetMocksTestExecutionListener, org.springframework.test.context.web.ServletTestExecutionListener, org.springframework.test.context.support.DirtiesContextBeforeModesTestExecutionListener, org.springframework.test.context.event.ApplicationEventsTestExecutionListener, org.springframework.test.context.support.DependencyInjectionTestExecutionListener, org.springframework.test.context.support.DirtiesContextTestExecutionListener, org.springframework.test.context.transaction.TransactionalTestExecutionListener, org.springframework.test.context.jdbc.SqlScriptsTestExecutionListener, org.springframework.test.context.event.EventPublishingTestExecutionListener]
2022-06-09 04:09:15.361  INFO 86468 --- [    Test worker] .b.t.c.SpringBootTestContextBootstrapper : Using TestExecutionListeners: [org.springframework.test.context.web.ServletTestExecutionListener@580c4c0b, org.springframework.test.context.support.DirtiesContextBeforeModesTestExecutionListener@604e8a6, org.springframework.test.context.event.ApplicationEventsTestExecutionListener@5bc44d78, org.springframework.boot.test.mock.mockito.MockitoTestExecutionListener@2f408960, org.springframework.boot.test.autoconfigure.SpringBootDependencyInjectionTestExecutionListener@1516f497, org.springframework.test.context.support.DirtiesContextTestExecutionListener@34766f4b, org.springframework.test.context.transaction.TransactionalTestExecutionListener@4d204b30, org.springframework.test.context.jdbc.SqlScriptsTestExecutionListener@6600d07d, org.springframework.test.context.event.EventPublishingTestExecutionListener@44103266, org.springframework.boot.test.autoconfigure.restdocs.RestDocsTestExecutionListener@439b0198, org.springframework.boot.test.autoconfigure.web.client.MockRestServiceServerResetTestExecutionListener@c2dab10, org.springframework.boot.test.autoconfigure.web.servlet.MockMvcPrintOnlyOnFailureTestExecutionListener@6c4e11d0, org.springframework.boot.test.autoconfigure.web.servlet.WebDriverTestExecutionListener@29088d3d, org.springframework.boot.test.autoconfigure.webservices.client.MockWebServiceServerTestExecutionListener@3284de45, org.springframework.boot.test.mock.mockito.ResetMocksTestExecutionListener@5390862e]
2022-06-09 04:09:15.521  INFO 86468 --- [    Test worker] o.s.t.c.transaction.TransactionContext   : Began transaction (1) for test context [DefaultTestContext@61d4155b testClass = UserServiceTest, testInstance = Wap.Todo.service.UserServiceTest@48590849, testMethod = duplicateJoin@UserServiceTest, testException = [null], mergedContextConfiguration = [WebMergedContextConfiguration@6c38f4de testClass = UserServiceTest, locations = '{}', classes = '{class Wap.Todo.TodoApplication}', contextInitializerClasses = '[]', activeProfiles = '{}', propertySourceLocations = '{}', propertySourceProperties = '{org.springframework.boot.test.context.SpringBootTestContextBootstrapper=true}', contextCustomizers = set[org.springframework.boot.test.autoconfigure.actuate.metrics.MetricsExportContextCustomizerFactory$DisableMetricExportContextCustomizer@7e5c856f, org.springframework.boot.test.autoconfigure.properties.PropertyMappingContextCustomizer@0, org.springframework.boot.test.autoconfigure.web.servlet.WebDriverContextCustomizerFactory$Customizer@58ce9668, org.springframework.boot.test.context.filter.ExcludeFilterContextCustomizer@1fa1cab1, org.springframework.boot.test.json.DuplicateJsonObjectContextCustomizerFactory$DuplicateJsonObjectContextCustomizer@51fadaff, org.springframework.boot.test.mock.mockito.MockitoContextCustomizer@0, org.springframework.boot.test.web.client.TestRestTemplateContextCustomizer@6c2c1385, org.springframework.boot.test.context.SpringBootTestArgs@1, org.springframework.boot.test.context.SpringBootTestWebEnvironment@2e377400], resourceBasePath = 'src/main/webapp', contextLoader = 'org.springframework.boot.test.context.SpringBootContextLoader', parent = [null]], attributes = map['org.springframework.test.context.web.ServletTestExecutionListener.activateListener' -> true, 'org.springframework.test.context.web.ServletTestExecutionListener.populatedRequestContextHolder' -> true, 'org.springframework.test.context.web.ServletTestExecutionListener.resetRequestContextHolder' -> true, 'org.springframework.test.context.event.ApplicationEventsTestExecutionListener.recordApplicationEvents' -> false]]; transaction manager [org.springframework.orm.jpa.JpaTransactionManager@66ab088c]; rollback [true]
2022-06-09 04:09:15.523 DEBUG 86468 --- [    Test worker] org.hibernate.SQL                        : 
    select
        count(*) as col_0_0_ 
    from
        member member0_ 
    where
        member0_.id=?
2022-06-09 04:09:15.681 DEBUG 86468 --- [    Test worker] org.hibernate.SQL                        : 
    select
        member0_.id as id1_0_0_,
        member0_.email as email2_0_0_,
        member0_.name as name3_0_0_,
        member0_.pw as pw4_0_0_ 
    from
        member member0_ 
    where
        member0_.id=?
2022-06-09 04:09:15.854 DEBUG 86468 --- [    Test worker] org.hibernate.SQL                        : 
    insert 
    into
        member
        (email, name, pw, id) 
    values
        (?, ?, ?, ?)
2022-06-09 04:09:16.077 DEBUG 86468 --- [    Test worker] org.hibernate.SQL                        : 
    select
        count(*) as col_0_0_ 
    from
        member member0_ 
    where
        member0_.id=?
2022-06-09 04:09:16.697  INFO 86468 --- [    Test worker] o.s.t.c.transaction.TransactionContext   : Rolled back transaction for test: [DefaultTestContext@61d4155b testClass = UserServiceTest, testInstance = Wap.Todo.service.UserServiceTest@48590849, testMethod = duplicateJoin@UserServiceTest, testException = [null], mergedContextConfiguration = [WebMergedContextConfiguration@6c38f4de testClass = UserServiceTest, locations = '{}', classes = '{class Wap.Todo.TodoApplication}', contextInitializerClasses = '[]', activeProfiles = '{}', propertySourceLocations = '{}', propertySourceProperties = '{org.springframework.boot.test.context.SpringBootTestContextBootstrapper=true}', contextCustomizers = set[org.springframework.boot.test.autoconfigure.actuate.metrics.MetricsExportContextCustomizerFactory$DisableMetricExportContextCustomizer@7e5c856f, org.springframework.boot.test.autoconfigure.properties.PropertyMappingContextCustomizer@0, org.springframework.boot.test.autoconfigure.web.servlet.WebDriverContextCustomizerFactory$Customizer@58ce9668, org.springframework.boot.test.context.filter.ExcludeFilterContextCustomizer@1fa1cab1, org.springframework.boot.test.json.DuplicateJsonObjectContextCustomizerFactory$DuplicateJsonObjectContextCustomizer@51fadaff, org.springframework.boot.test.mock.mockito.MockitoContextCustomizer@0, org.springframework.boot.test.web.client.TestRestTemplateContextCustomizer@6c2c1385, org.springframework.boot.test.context.SpringBootTestArgs@1, org.springframework.boot.test.context.SpringBootTestWebEnvironment@2e377400], resourceBasePath = 'src/main/webapp', contextLoader = 'org.springframework.boot.test.context.SpringBootContextLoader', parent = [null]], attributes = map['org.springframework.test.context.web.ServletTestExecutionListener.activateListener' -> true, 'org.springframework.test.context.web.ServletTestExecutionListener.populatedRequestContextHolder' -> true, 'org.springframework.test.context.web.ServletTestExecutionListener.resetRequestContextHolder' -> true, 'org.springframework.test.context.event.ApplicationEventsTestExecutionListener.recordApplicationEvents' -> false]]
2022-06-09 04:09:16.858  INFO 86468 --- [    Test worker] o.s.t.c.transaction.TransactionContext   : Began transaction (1) for test context [DefaultTestContext@61d4155b testClass = UserServiceTest, testInstance = Wap.Todo.service.UserServiceTest@6fe33512, testMethod = join@UserServiceTest, testException = [null], mergedContextConfiguration = [WebMergedContextConfiguration@6c38f4de testClass = UserServiceTest, locations = '{}', classes = '{class Wap.Todo.TodoApplication}', contextInitializerClasses = '[]', activeProfiles = '{}', propertySourceLocations = '{}', propertySourceProperties = '{org.springframework.boot.test.context.SpringBootTestContextBootstrapper=true}', contextCustomizers = set[org.springframework.boot.test.autoconfigure.actuate.metrics.MetricsExportContextCustomizerFactory$DisableMetricExportContextCustomizer@7e5c856f, org.springframework.boot.test.autoconfigure.properties.PropertyMappingContextCustomizer@0, org.springframework.boot.test.autoconfigure.web.servlet.WebDriverContextCustomizerFactory$Customizer@58ce9668, org.springframework.boot.test.context.filter.ExcludeFilterContextCustomizer@1fa1cab1, org.springframework.boot.test.json.DuplicateJsonObjectContextCustomizerFactory$DuplicateJsonObjectContextCustomizer@51fadaff, org.springframework.boot.test.mock.mockito.MockitoContextCustomizer@0, org.springframework.boot.test.web.client.TestRestTemplateContextCustomizer@6c2c1385, org.springframework.boot.test.context.SpringBootTestArgs@1, org.springframework.boot.test.context.SpringBootTestWebEnvironment@2e377400], resourceBasePath = 'src/main/webapp', contextLoader = 'org.springframework.boot.test.context.SpringBootContextLoader', parent = [null]], attributes = map['org.springframework.test.context.web.ServletTestExecutionListener.activateListener' -> true, 'org.springframework.test.context.web.ServletTestExecutionListener.populatedRequestContextHolder' -> true, 'org.springframework.test.context.web.ServletTestExecutionListener.resetRequestContextHolder' -> true, 'org.springframework.test.context.event.ApplicationEventsTestExecutionListener.recordApplicationEvents' -> false]]; transaction manager [org.springframework.orm.jpa.JpaTransactionManager@66ab088c]; rollback [true]
2022-06-09 04:09:16.860 DEBUG 86468 --- [    Test worker] org.hibernate.SQL                        : 
    select
        count(*) as col_0_0_ 
    from
        member member0_ 
    where
        member0_.id=?
2022-06-09 04:09:17.017 DEBUG 86468 --- [    Test worker] org.hibernate.SQL                        : 
    select
        member0_.id as id1_0_0_,
        member0_.email as email2_0_0_,
        member0_.name as name3_0_0_,
        member0_.pw as pw4_0_0_ 
    from
        member member0_ 
    where
        member0_.id=?
2022-06-09 04:09:17.493  INFO 86468 --- [    Test worker] o.s.t.c.transaction.TransactionContext   : Rolled back transaction for test: [DefaultTestContext@61d4155b testClass = UserServiceTest, testInstance = Wap.Todo.service.UserServiceTest@6fe33512, testMethod = join@UserServiceTest, testException = [null], mergedContextConfiguration = [WebMergedContextConfiguration@6c38f4de testClass = UserServiceTest, locations = '{}', classes = '{class Wap.Todo.TodoApplication}', contextInitializerClasses = '[]', activeProfiles = '{}', propertySourceLocations = '{}', propertySourceProperties = '{org.springframework.boot.test.context.SpringBootTestContextBootstrapper=true}', contextCustomizers = set[org.springframework.boot.test.autoconfigure.actuate.metrics.MetricsExportContextCustomizerFactory$DisableMetricExportContextCustomizer@7e5c856f, org.springframework.boot.test.autoconfigure.properties.PropertyMappingContextCustomizer@0, org.springframework.boot.test.autoconfigure.web.servlet.WebDriverContextCustomizerFactory$Customizer@58ce9668, org.springframework.boot.test.context.filter.ExcludeFilterContextCustomizer@1fa1cab1, org.springframework.boot.test.json.DuplicateJsonObjectContextCustomizerFactory$DuplicateJsonObjectContextCustomizer@51fadaff, org.springframework.boot.test.mock.mockito.MockitoContextCustomizer@0, org.springframework.boot.test.web.client.TestRestTemplateContextCustomizer@6c2c1385, org.springframework.boot.test.context.SpringBootTestArgs@1, org.springframework.boot.test.context.SpringBootTestWebEnvironment@2e377400], resourceBasePath = 'src/main/webapp', contextLoader = 'org.springframework.boot.test.context.SpringBootContextLoader', parent = [null]], attributes = map['org.springframework.test.context.web.ServletTestExecutionListener.activateListener' -> true, 'org.springframework.test.context.web.ServletTestExecutionListener.populatedRequestContextHolder' -> true, 'org.springframework.test.context.web.ServletTestExecutionListener.resetRequestContextHolder' -> true, 'org.springframework.test.context.event.ApplicationEventsTestExecutionListener.recordApplicationEvents' -> false]]
2022-06-09 04:09:17.655  INFO 86468 --- [    Test worker] o.s.t.c.transaction.TransactionContext   : Began transaction (1) for test context [DefaultTestContext@61d4155b testClass = UserServiceTest, testInstance = Wap.Todo.service.UserServiceTest@7c928399, testMethod = login@UserServiceTest, testException = [null], mergedContextConfiguration = [WebMergedContextConfiguration@6c38f4de testClass = UserServiceTest, locations = '{}', classes = '{class Wap.Todo.TodoApplication}', contextInitializerClasses = '[]', activeProfiles = '{}', propertySourceLocations = '{}', propertySourceProperties = '{org.springframework.boot.test.context.SpringBootTestContextBootstrapper=true}', contextCustomizers = set[org.springframework.boot.test.autoconfigure.actuate.metrics.MetricsExportContextCustomizerFactory$DisableMetricExportContextCustomizer@7e5c856f, org.springframework.boot.test.autoconfigure.properties.PropertyMappingContextCustomizer@0, org.springframework.boot.test.autoconfigure.web.servlet.WebDriverContextCustomizerFactory$Customizer@58ce9668, org.springframework.boot.test.context.filter.ExcludeFilterContextCustomizer@1fa1cab1, org.springframework.boot.test.json.DuplicateJsonObjectContextCustomizerFactory$DuplicateJsonObjectContextCustomizer@51fadaff, org.springframework.boot.test.mock.mockito.MockitoContextCustomizer@0, org.springframework.boot.test.web.client.TestRestTemplateContextCustomizer@6c2c1385, org.springframework.boot.test.context.SpringBootTestArgs@1, org.springframework.boot.test.context.SpringBootTestWebEnvironment@2e377400], resourceBasePath = 'src/main/webapp', contextLoader = 'org.springframework.boot.test.context.SpringBootContextLoader', parent = [null]], attributes = map['org.springframework.test.context.web.ServletTestExecutionListener.activateListener' -> true, 'org.springframework.test.context.web.ServletTestExecutionListener.populatedRequestContextHolder' -> true, 'org.springframework.test.context.web.ServletTestExecutionListener.resetRequestContextHolder' -> true, 'org.springframework.test.context.event.ApplicationEventsTestExecutionListener.recordApplicationEvents' -> false]]; transaction manager [org.springframework.orm.jpa.JpaTransactionManager@66ab088c]; rollback [true]
2022-06-09 04:09:17.657 DEBUG 86468 --- [    Test worker] org.hibernate.SQL                        : 
    select
        count(*) as col_0_0_ 
    from
        member member0_ 
    where
        member0_.id=?
2022-06-09 04:09:17.814 DEBUG 86468 --- [    Test worker] org.hibernate.SQL                        : 
    select
        member0_.id as id1_0_0_,
        member0_.email as email2_0_0_,
        member0_.name as name3_0_0_,
        member0_.pw as pw4_0_0_ 
    from
        member member0_ 
    where
        member0_.id=?
2022-06-09 04:09:17.972 DEBUG 86468 --- [    Test worker] org.hibernate.SQL                        : 
    insert 
    into
        member
        (email, name, pw, id) 
    values
        (?, ?, ?, ?)
2022-06-09 04:09:18.129 DEBUG 86468 --- [    Test worker] org.hibernate.SQL                        : 
    select
        count(*) as col_0_0_ 
    from
        member member0_ 
    where
        member0_.id=?
2022-06-09 04:09:18.286 DEBUG 86468 --- [    Test worker] org.hibernate.SQL                        : 
    select
        count(*) as col_0_0_ 
    from
        member member0_ 
    where
        member0_.id=?
2022-06-09 04:09:18.446 DEBUG 86468 --- [    Test worker] org.hibernate.SQL                        : 
    select
        count(*) as col_0_0_ 
    from
        member member0_ 
    where
        member0_.id=?
Member(id=test, pw=123, name=null, email=null)
2022-06-09 04:09:18.920  INFO 86468 --- [    Test worker] o.s.t.c.transaction.TransactionContext   : Rolled back transaction for test: [DefaultTestContext@61d4155b testClass = UserServiceTest, testInstance = Wap.Todo.service.UserServiceTest@7c928399, testMethod = login@UserServiceTest, testException = [null], mergedContextConfiguration = [WebMergedContextConfiguration@6c38f4de testClass = UserServiceTest, locations = '{}', classes = '{class Wap.Todo.TodoApplication}', contextInitializerClasses = '[]', activeProfiles = '{}', propertySourceLocations = '{}', propertySourceProperties = '{org.springframework.boot.test.context.SpringBootTestContextBootstrapper=true}', contextCustomizers = set[org.springframework.boot.test.autoconfigure.actuate.metrics.MetricsExportContextCustomizerFactory$DisableMetricExportContextCustomizer@7e5c856f, org.springframework.boot.test.autoconfigure.properties.PropertyMappingContextCustomizer@0, org.springframework.boot.test.autoconfigure.web.servlet.WebDriverContextCustomizerFactory$Customizer@58ce9668, org.springframework.boot.test.context.filter.ExcludeFilterContextCustomizer@1fa1cab1, org.springframework.boot.test.json.DuplicateJsonObjectContextCustomizerFactory$DuplicateJsonObjectContextCustomizer@51fadaff, org.springframework.boot.test.mock.mockito.MockitoContextCustomizer@0, org.springframework.boot.test.web.client.TestRestTemplateContextCustomizer@6c2c1385, org.springframework.boot.test.context.SpringBootTestArgs@1, org.springframework.boot.test.context.SpringBootTestWebEnvironment@2e377400], resourceBasePath = 'src/main/webapp', contextLoader = 'org.springframework.boot.test.context.SpringBootContextLoader', parent = [null]], attributes = map['org.springframework.test.context.web.ServletTestExecutionListener.activateListener' -> true, 'org.springframework.test.context.web.ServletTestExecutionListener.populatedRequestContextHolder' -> true, 'org.springframework.test.context.web.ServletTestExecutionListener.resetRequestContextHolder' -> true, 'org.springframework.test.context.event.ApplicationEventsTestExecutionListener.recordApplicationEvents' -> false]]
2022-06-09 04:09:19.079  INFO 86468 --- [    Test worker] o.s.t.c.transaction.TransactionContext   : Began transaction (1) for test context [DefaultTestContext@61d4155b testClass = UserServiceTest, testInstance = Wap.Todo.service.UserServiceTest@1c149539, testMethod = getRooms@UserServiceTest, testException = [null], mergedContextConfiguration = [WebMergedContextConfiguration@6c38f4de testClass = UserServiceTest, locations = '{}', classes = '{class Wap.Todo.TodoApplication}', contextInitializerClasses = '[]', activeProfiles = '{}', propertySourceLocations = '{}', propertySourceProperties = '{org.springframework.boot.test.context.SpringBootTestContextBootstrapper=true}', contextCustomizers = set[org.springframework.boot.test.autoconfigure.actuate.metrics.MetricsExportContextCustomizerFactory$DisableMetricExportContextCustomizer@7e5c856f, org.springframework.boot.test.autoconfigure.properties.PropertyMappingContextCustomizer@0, org.springframework.boot.test.autoconfigure.web.servlet.WebDriverContextCustomizerFactory$Customizer@58ce9668, org.springframework.boot.test.context.filter.ExcludeFilterContextCustomizer@1fa1cab1, org.springframework.boot.test.json.DuplicateJsonObjectContextCustomizerFactory$DuplicateJsonObjectContextCustomizer@51fadaff, org.springframework.boot.test.mock.mockito.MockitoContextCustomizer@0, org.springframework.boot.test.web.client.TestRestTemplateContextCustomizer@6c2c1385, org.springframework.boot.test.context.SpringBootTestArgs@1, org.springframework.boot.test.context.SpringBootTestWebEnvironment@2e377400], resourceBasePath = 'src/main/webapp', contextLoader = 'org.springframework.boot.test.context.SpringBootContextLoader', parent = [null]], attributes = map['org.springframework.test.context.web.ServletTestExecutionListener.activateListener' -> true, 'org.springframework.test.context.web.ServletTestExecutionListener.populatedRequestContextHolder' -> true, 'org.springframework.test.context.web.ServletTestExecutionListener.resetRequestContextHolder' -> true, 'org.springframework.test.context.event.ApplicationEventsTestExecutionListener.recordApplicationEvents' -> false]]; transaction manager [org.springframework.orm.jpa.JpaTransactionManager@66ab088c]; rollback [true]
2022-06-09 04:09:19.084 DEBUG 86468 --- [    Test worker] org.hibernate.SQL                        : 
    select
        count(*) as col_0_0_ 
    from
        member member0_ 
    where
        member0_.id=?
2022-06-09 04:09:19.240 DEBUG 86468 --- [    Test worker] org.hibernate.SQL                        : 
    select
        member0_.id as id1_0_0_,
        member0_.email as email2_0_0_,
        member0_.name as name3_0_0_,
        member0_.pw as pw4_0_0_ 
    from
        member member0_ 
    where
        member0_.id=?
2022-06-09 04:09:19.399 DEBUG 86468 --- [    Test worker] org.hibernate.SQL                        : 
    select
        room0_.num as num1_2_1_,
        room0_.code as code2_2_1_,
        room0_.introduce as introduc3_2_1_,
        room0_.master as master4_2_1_,
        room0_.title as title5_2_1_,
        todos1_.room_num as room_num8_3_3_,
        todos1_.id as id1_3_3_,
        todos1_.id as id1_3_0_,
        todos1_.content as content2_3_0_,
        todos1_.deadline as deadline3_3_0_,
        todos1_.is_editing as is_editi4_3_0_,
        todos1_.last_update_id as last_upd5_3_0_,
        todos1_.room_num as room_num8_3_0_,
        todos1_.status as status6_3_0_,
        todos1_.todo_index as todo_ind7_3_0_ 
    from
        room room0_ 
    left outer join
        todo todos1_ 
            on room0_.num=todos1_.room_num 
    where
        room0_.num=?
2022-06-09 04:09:19.557 DEBUG 86468 --- [    Test worker] org.hibernate.SQL                        : 
    insert 
    into
        member
        (email, name, pw, id) 
    values
        (?, ?, ?, ?)
2022-06-09 04:09:19.714 DEBUG 86468 --- [    Test worker] org.hibernate.SQL                        : 
    insert 
    into
        room
        (code, introduce, master, title) 
    values
        (?, ?, ?, ?)
2022-06-09 04:09:20.186  INFO 86468 --- [    Test worker] o.s.t.c.transaction.TransactionContext   : Rolled back transaction for test: [DefaultTestContext@61d4155b testClass = UserServiceTest, testInstance = Wap.Todo.service.UserServiceTest@1c149539, testMethod = getRooms@UserServiceTest, testException = [null], mergedContextConfiguration = [WebMergedContextConfiguration@6c38f4de testClass = UserServiceTest, locations = '{}', classes = '{class Wap.Todo.TodoApplication}', contextInitializerClasses = '[]', activeProfiles = '{}', propertySourceLocations = '{}', propertySourceProperties = '{org.springframework.boot.test.context.SpringBootTestContextBootstrapper=true}', contextCustomizers = set[org.springframework.boot.test.autoconfigure.actuate.metrics.MetricsExportContextCustomizerFactory$DisableMetricExportContextCustomizer@7e5c856f, org.springframework.boot.test.autoconfigure.properties.PropertyMappingContextCustomizer@0, org.springframework.boot.test.autoconfigure.web.servlet.WebDriverContextCustomizerFactory$Customizer@58ce9668, org.springframework.boot.test.context.filter.ExcludeFilterContextCustomizer@1fa1cab1, org.springframework.boot.test.json.DuplicateJsonObjectContextCustomizerFactory$DuplicateJsonObjectContextCustomizer@51fadaff, org.springframework.boot.test.mock.mockito.MockitoContextCustomizer@0, org.springframework.boot.test.web.client.TestRestTemplateContextCustomizer@6c2c1385, org.springframework.boot.test.context.SpringBootTestArgs@1, org.springframework.boot.test.context.SpringBootTestWebEnvironment@2e377400], resourceBasePath = 'src/main/webapp', contextLoader = 'org.springframework.boot.test.context.SpringBootContextLoader', parent = [null]], attributes = map['org.springframework.test.context.web.ServletTestExecutionListener.activateListener' -> true, 'org.springframework.test.context.web.ServletTestExecutionListener.populatedRequestContextHolder' -> true, 'org.springframework.test.context.web.ServletTestExecutionListener.resetRequestContextHolder' -> true, 'org.springframework.test.context.event.ApplicationEventsTestExecutionListener.recordApplicationEvents' -> false]]
]]></system-out>
  <system-err><![CDATA[]]></system-err>
</testsuite>
