<?xml version="1.0" encoding="UTF-8"?>
<testsuite name="Wap.Todo.service.RoomServiceTest" tests="3" skipped="0" failures="0" errors="0" timestamp="2022-06-08T19:25:00" hostname="nuyh.local" time="10.054">
  <properties/>
  <testcase name="방의 마스터가 해당 방을 삭제했을 때 나머지 유저들 CASCADE" classname="Wap.Todo.service.RoomServiceTest" time="3.923"/>
  <testcase name="방 초대 받기" classname="Wap.Todo.service.RoomServiceTest" time="3.977"/>
  <testcase name="방 삭제" classname="Wap.Todo.service.RoomServiceTest" time="2.149"/>
  <system-out><![CDATA[2022-06-09 04:25:00.156  INFO 87201 --- [    Test worker] .b.t.c.SpringBootTestContextBootstrapper : Neither @ContextConfiguration nor @ContextHierarchy found for test class [Wap.Todo.service.RoomServiceTest], using SpringBootContextLoader
2022-06-09 04:25:00.156  INFO 87201 --- [    Test worker] o.s.t.c.support.AbstractContextLoader    : Could not detect default resource locations for test class [Wap.Todo.service.RoomServiceTest]: no resource found for suffixes {-context.xml, Context.groovy}.
2022-06-09 04:25:00.156  INFO 87201 --- [    Test worker] t.c.s.AnnotationConfigContextLoaderUtils : Could not detect default configuration classes for test class [Wap.Todo.service.RoomServiceTest]: RoomServiceTest does not declare any static, non-private, non-final, nested classes annotated with @Configuration.
2022-06-09 04:25:00.158  INFO 87201 --- [    Test worker] .b.t.c.SpringBootTestContextBootstrapper : Found @SpringBootConfiguration Wap.Todo.TodoApplication for test class Wap.Todo.service.RoomServiceTest
2022-06-09 04:25:00.159  INFO 87201 --- [    Test worker] .b.t.c.SpringBootTestContextBootstrapper : Loaded default TestExecutionListener class names from location [META-INF/spring.factories]: [org.springframework.boot.test.autoconfigure.restdocs.RestDocsTestExecutionListener, org.springframework.boot.test.autoconfigure.web.client.MockRestServiceServerResetTestExecutionListener, org.springframework.boot.test.autoconfigure.web.servlet.MockMvcPrintOnlyOnFailureTestExecutionListener, org.springframework.boot.test.autoconfigure.web.servlet.WebDriverTestExecutionListener, org.springframework.boot.test.autoconfigure.webservices.client.MockWebServiceServerTestExecutionListener, org.springframework.boot.test.mock.mockito.MockitoTestExecutionListener, org.springframework.boot.test.mock.mockito.ResetMocksTestExecutionListener, org.springframework.test.context.web.ServletTestExecutionListener, org.springframework.test.context.support.DirtiesContextBeforeModesTestExecutionListener, org.springframework.test.context.event.ApplicationEventsTestExecutionListener, org.springframework.test.context.support.DependencyInjectionTestExecutionListener, org.springframework.test.context.support.DirtiesContextTestExecutionListener, org.springframework.test.context.transaction.TransactionalTestExecutionListener, org.springframework.test.context.jdbc.SqlScriptsTestExecutionListener, org.springframework.test.context.event.EventPublishingTestExecutionListener]
2022-06-09 04:25:00.159  INFO 87201 --- [    Test worker] .b.t.c.SpringBootTestContextBootstrapper : Using TestExecutionListeners: [org.springframework.test.context.web.ServletTestExecutionListener@24bdd996, org.springframework.test.context.support.DirtiesContextBeforeModesTestExecutionListener@445b4594, org.springframework.test.context.event.ApplicationEventsTestExecutionListener@1f602930, org.springframework.boot.test.mock.mockito.MockitoTestExecutionListener@57777c23, org.springframework.boot.test.autoconfigure.SpringBootDependencyInjectionTestExecutionListener@1d4c6e32, org.springframework.test.context.support.DirtiesContextTestExecutionListener@3a5ffea, org.springframework.test.context.transaction.TransactionalTestExecutionListener@1d126f07, org.springframework.test.context.jdbc.SqlScriptsTestExecutionListener@71689ee2, org.springframework.test.context.event.EventPublishingTestExecutionListener@f2b4303, org.springframework.boot.test.autoconfigure.restdocs.RestDocsTestExecutionListener@23dda7a3, org.springframework.boot.test.autoconfigure.web.client.MockRestServiceServerResetTestExecutionListener@2d399e88, org.springframework.boot.test.autoconfigure.web.servlet.MockMvcPrintOnlyOnFailureTestExecutionListener@18139a43, org.springframework.boot.test.autoconfigure.web.servlet.WebDriverTestExecutionListener@4df5f119, org.springframework.boot.test.autoconfigure.webservices.client.MockWebServiceServerTestExecutionListener@3dbb7bb, org.springframework.boot.test.mock.mockito.ResetMocksTestExecutionListener@6277a496]
2022-06-09 04:25:00.486  INFO 87201 --- [    Test worker] o.s.t.c.transaction.TransactionContext   : Began transaction (1) for test context [DefaultTestContext@16eb93af testClass = RoomServiceTest, testInstance = Wap.Todo.service.RoomServiceTest@404566e7, testMethod = cascadeTest@RoomServiceTest, testException = [null], mergedContextConfiguration = [WebMergedContextConfiguration@3ed87b6e testClass = RoomServiceTest, locations = '{}', classes = '{class Wap.Todo.TodoApplication}', contextInitializerClasses = '[]', activeProfiles = '{}', propertySourceLocations = '{}', propertySourceProperties = '{org.springframework.boot.test.context.SpringBootTestContextBootstrapper=true}', contextCustomizers = set[org.springframework.boot.test.autoconfigure.actuate.metrics.MetricsExportContextCustomizerFactory$DisableMetricExportContextCustomizer@7e5c856f, org.springframework.boot.test.autoconfigure.properties.PropertyMappingContextCustomizer@0, org.springframework.boot.test.autoconfigure.web.servlet.WebDriverContextCustomizerFactory$Customizer@58ce9668, org.springframework.boot.test.context.filter.ExcludeFilterContextCustomizer@1fa1cab1, org.springframework.boot.test.json.DuplicateJsonObjectContextCustomizerFactory$DuplicateJsonObjectContextCustomizer@51fadaff, org.springframework.boot.test.mock.mockito.MockitoContextCustomizer@0, org.springframework.boot.test.web.client.TestRestTemplateContextCustomizer@6c2c1385, org.springframework.boot.test.context.SpringBootTestArgs@1, org.springframework.boot.test.context.SpringBootTestWebEnvironment@2e377400], resourceBasePath = 'src/main/webapp', contextLoader = 'org.springframework.boot.test.context.SpringBootContextLoader', parent = [null]], attributes = map['org.springframework.test.context.web.ServletTestExecutionListener.activateListener' -> true, 'org.springframework.test.context.web.ServletTestExecutionListener.populatedRequestContextHolder' -> true, 'org.springframework.test.context.web.ServletTestExecutionListener.resetRequestContextHolder' -> true, 'org.springframework.test.context.event.ApplicationEventsTestExecutionListener.recordApplicationEvents' -> false]]; transaction manager [org.springframework.orm.jpa.JpaTransactionManager@30e15628]; rollback [true]
2022-06-09 04:25:00.572 DEBUG 87201 --- [    Test worker] org.hibernate.SQL                        : 
    select
        count(*) as col_0_0_ 
    from
        member member0_ 
    where
        member0_.id=?
2022-06-09 04:25:00.741 DEBUG 87201 --- [    Test worker] org.hibernate.SQL                        : 
    select
        member0_.id as id1_0_0_,
        member0_.email as email2_0_0_,
        member0_.name as name3_0_0_,
        member0_.pw as pw4_0_0_ 
    from
        member member0_ 
    where
        member0_.id=?
2022-06-09 04:25:01.193 DEBUG 87201 --- [    Test worker] org.hibernate.SQL                        : 
    insert 
    into
        member
        (email, name, pw, id) 
    values
        (?, ?, ?, ?)
2022-06-09 04:25:01.359 DEBUG 87201 --- [    Test worker] org.hibernate.SQL                        : 
    select
        count(*) as col_0_0_ 
    from
        member member0_ 
    where
        member0_.id=?
2022-06-09 04:25:01.524 DEBUG 87201 --- [    Test worker] org.hibernate.SQL                        : 
    select
        member0_.id as id1_0_0_,
        member0_.email as email2_0_0_,
        member0_.name as name3_0_0_,
        member0_.pw as pw4_0_0_ 
    from
        member member0_ 
    where
        member0_.id=?
2022-06-09 04:25:01.707 DEBUG 87201 --- [    Test worker] org.hibernate.SQL                        : 
    insert 
    into
        member
        (email, name, pw, id) 
    values
        (?, ?, ?, ?)
2022-06-09 04:25:01.870 DEBUG 87201 --- [    Test worker] org.hibernate.SQL                        : 
    insert 
    into
        room
        (code, introduce, master, title) 
    values
        (?, ?, ?, ?)
Room(num=414, master=id, title=, introduce=test, code=1192258f-e, todos=[])
2022-06-09 04:25:02.078 DEBUG 87201 --- [    Test worker] org.hibernate.SQL                        : 
    select
        room0_.num as num1_2_,
        room0_.code as code2_2_,
        room0_.introduce as introduc3_2_,
        room0_.master as master4_2_,
        room0_.title as title5_2_ 
    from
        room room0_
2022-06-09 04:25:02.240 DEBUG 87201 --- [    Test worker] org.hibernate.SQL                        : 
    select
        todos0_.room_num as room_num8_3_0_,
        todos0_.id as id1_3_0_,
        todos0_.id as id1_3_1_,
        todos0_.content as content2_3_1_,
        todos0_.deadline as deadline3_3_1_,
        todos0_.is_editing as is_editi4_3_1_,
        todos0_.last_update_id as last_upd5_3_1_,
        todos0_.room_num as room_num8_3_1_,
        todos0_.status as status6_3_1_,
        todos0_.todo_index as todo_ind7_3_1_ 
    from
        todo todos0_ 
    where
        todos0_.room_num=?
2022-06-09 04:25:02.408 DEBUG 87201 --- [    Test worker] org.hibernate.SQL                        : 
    select
        todos0_.room_num as room_num8_3_0_,
        todos0_.id as id1_3_0_,
        todos0_.id as id1_3_1_,
        todos0_.content as content2_3_1_,
        todos0_.deadline as deadline3_3_1_,
        todos0_.is_editing as is_editi4_3_1_,
        todos0_.last_update_id as last_upd5_3_1_,
        todos0_.room_num as room_num8_3_1_,
        todos0_.status as status6_3_1_,
        todos0_.todo_index as todo_ind7_3_1_ 
    from
        todo todos0_ 
    where
        todos0_.room_num=?
2022-06-09 04:25:02.568 DEBUG 87201 --- [    Test worker] org.hibernate.SQL                        : 
    select
        todos0_.room_num as room_num8_3_0_,
        todos0_.id as id1_3_0_,
        todos0_.id as id1_3_1_,
        todos0_.content as content2_3_1_,
        todos0_.deadline as deadline3_3_1_,
        todos0_.is_editing as is_editi4_3_1_,
        todos0_.last_update_id as last_upd5_3_1_,
        todos0_.room_num as room_num8_3_1_,
        todos0_.status as status6_3_1_,
        todos0_.todo_index as todo_ind7_3_1_ 
    from
        todo todos0_ 
    where
        todos0_.room_num=?
2022-06-09 04:25:02.741 DEBUG 87201 --- [    Test worker] org.hibernate.SQL                        : 
    select
        todos0_.room_num as room_num8_3_0_,
        todos0_.id as id1_3_0_,
        todos0_.id as id1_3_1_,
        todos0_.content as content2_3_1_,
        todos0_.deadline as deadline3_3_1_,
        todos0_.is_editing as is_editi4_3_1_,
        todos0_.last_update_id as last_upd5_3_1_,
        todos0_.room_num as room_num8_3_1_,
        todos0_.status as status6_3_1_,
        todos0_.todo_index as todo_ind7_3_1_ 
    from
        todo todos0_ 
    where
        todos0_.room_num=?
2022-06-09 04:25:02.913 DEBUG 87201 --- [    Test worker] org.hibernate.SQL                        : 
    select
        todos0_.room_num as room_num8_3_0_,
        todos0_.id as id1_3_0_,
        todos0_.id as id1_3_1_,
        todos0_.content as content2_3_1_,
        todos0_.deadline as deadline3_3_1_,
        todos0_.is_editing as is_editi4_3_1_,
        todos0_.last_update_id as last_upd5_3_1_,
        todos0_.room_num as room_num8_3_1_,
        todos0_.status as status6_3_1_,
        todos0_.todo_index as todo_ind7_3_1_ 
    from
        todo todos0_ 
    where
        todos0_.room_num=?
2022-06-09 04:25:03.074 DEBUG 87201 --- [    Test worker] org.hibernate.SQL                        : 
    select
        todos0_.room_num as room_num8_3_0_,
        todos0_.id as id1_3_0_,
        todos0_.id as id1_3_1_,
        todos0_.content as content2_3_1_,
        todos0_.deadline as deadline3_3_1_,
        todos0_.is_editing as is_editi4_3_1_,
        todos0_.last_update_id as last_upd5_3_1_,
        todos0_.room_num as room_num8_3_1_,
        todos0_.status as status6_3_1_,
        todos0_.todo_index as todo_ind7_3_1_ 
    from
        todo todos0_ 
    where
        todos0_.room_num=?
2022-06-09 04:25:03.233 DEBUG 87201 --- [    Test worker] org.hibernate.SQL                        : 
    select
        todos0_.room_num as room_num8_3_0_,
        todos0_.id as id1_3_0_,
        todos0_.id as id1_3_1_,
        todos0_.content as content2_3_1_,
        todos0_.deadline as deadline3_3_1_,
        todos0_.is_editing as is_editi4_3_1_,
        todos0_.last_update_id as last_upd5_3_1_,
        todos0_.room_num as room_num8_3_1_,
        todos0_.status as status6_3_1_,
        todos0_.todo_index as todo_ind7_3_1_ 
    from
        todo todos0_ 
    where
        todos0_.room_num=?
2022-06-09 04:25:03.394 DEBUG 87201 --- [    Test worker] org.hibernate.SQL                        : 
    select
        todos0_.room_num as room_num8_3_0_,
        todos0_.id as id1_3_0_,
        todos0_.id as id1_3_1_,
        todos0_.content as content2_3_1_,
        todos0_.deadline as deadline3_3_1_,
        todos0_.is_editing as is_editi4_3_1_,
        todos0_.last_update_id as last_upd5_3_1_,
        todos0_.room_num as room_num8_3_1_,
        todos0_.status as status6_3_1_,
        todos0_.todo_index as todo_ind7_3_1_ 
    from
        todo todos0_ 
    where
        todos0_.room_num=?
2022-06-09 04:25:03.564 DEBUG 87201 --- [    Test worker] org.hibernate.SQL                        : 
    select
        count(*) as col_0_0_ 
    from
        room room0_ 
    where
        room0_.num=?
[]
2022-06-09 04:25:04.082  INFO 87201 --- [    Test worker] o.s.t.c.transaction.TransactionContext   : Rolled back transaction for test: [DefaultTestContext@16eb93af testClass = RoomServiceTest, testInstance = Wap.Todo.service.RoomServiceTest@404566e7, testMethod = cascadeTest@RoomServiceTest, testException = [null], mergedContextConfiguration = [WebMergedContextConfiguration@3ed87b6e testClass = RoomServiceTest, locations = '{}', classes = '{class Wap.Todo.TodoApplication}', contextInitializerClasses = '[]', activeProfiles = '{}', propertySourceLocations = '{}', propertySourceProperties = '{org.springframework.boot.test.context.SpringBootTestContextBootstrapper=true}', contextCustomizers = set[org.springframework.boot.test.autoconfigure.actuate.metrics.MetricsExportContextCustomizerFactory$DisableMetricExportContextCustomizer@7e5c856f, org.springframework.boot.test.autoconfigure.properties.PropertyMappingContextCustomizer@0, org.springframework.boot.test.autoconfigure.web.servlet.WebDriverContextCustomizerFactory$Customizer@58ce9668, org.springframework.boot.test.context.filter.ExcludeFilterContextCustomizer@1fa1cab1, org.springframework.boot.test.json.DuplicateJsonObjectContextCustomizerFactory$DuplicateJsonObjectContextCustomizer@51fadaff, org.springframework.boot.test.mock.mockito.MockitoContextCustomizer@0, org.springframework.boot.test.web.client.TestRestTemplateContextCustomizer@6c2c1385, org.springframework.boot.test.context.SpringBootTestArgs@1, org.springframework.boot.test.context.SpringBootTestWebEnvironment@2e377400], resourceBasePath = 'src/main/webapp', contextLoader = 'org.springframework.boot.test.context.SpringBootContextLoader', parent = [null]], attributes = map['org.springframework.test.context.web.ServletTestExecutionListener.activateListener' -> true, 'org.springframework.test.context.web.ServletTestExecutionListener.populatedRequestContextHolder' -> true, 'org.springframework.test.context.web.ServletTestExecutionListener.resetRequestContextHolder' -> true, 'org.springframework.test.context.event.ApplicationEventsTestExecutionListener.recordApplicationEvents' -> false]]
2022-06-09 04:25:04.247  INFO 87201 --- [    Test worker] o.s.t.c.transaction.TransactionContext   : Began transaction (1) for test context [DefaultTestContext@16eb93af testClass = RoomServiceTest, testInstance = Wap.Todo.service.RoomServiceTest@3abb6aa, testMethod = invitingUser@RoomServiceTest, testException = [null], mergedContextConfiguration = [WebMergedContextConfiguration@3ed87b6e testClass = RoomServiceTest, locations = '{}', classes = '{class Wap.Todo.TodoApplication}', contextInitializerClasses = '[]', activeProfiles = '{}', propertySourceLocations = '{}', propertySourceProperties = '{org.springframework.boot.test.context.SpringBootTestContextBootstrapper=true}', contextCustomizers = set[org.springframework.boot.test.autoconfigure.actuate.metrics.MetricsExportContextCustomizerFactory$DisableMetricExportContextCustomizer@7e5c856f, org.springframework.boot.test.autoconfigure.properties.PropertyMappingContextCustomizer@0, org.springframework.boot.test.autoconfigure.web.servlet.WebDriverContextCustomizerFactory$Customizer@58ce9668, org.springframework.boot.test.context.filter.ExcludeFilterContextCustomizer@1fa1cab1, org.springframework.boot.test.json.DuplicateJsonObjectContextCustomizerFactory$DuplicateJsonObjectContextCustomizer@51fadaff, org.springframework.boot.test.mock.mockito.MockitoContextCustomizer@0, org.springframework.boot.test.web.client.TestRestTemplateContextCustomizer@6c2c1385, org.springframework.boot.test.context.SpringBootTestArgs@1, org.springframework.boot.test.context.SpringBootTestWebEnvironment@2e377400], resourceBasePath = 'src/main/webapp', contextLoader = 'org.springframework.boot.test.context.SpringBootContextLoader', parent = [null]], attributes = map['org.springframework.test.context.web.ServletTestExecutionListener.activateListener' -> true, 'org.springframework.test.context.web.ServletTestExecutionListener.populatedRequestContextHolder' -> true, 'org.springframework.test.context.web.ServletTestExecutionListener.resetRequestContextHolder' -> true, 'org.springframework.test.context.event.ApplicationEventsTestExecutionListener.recordApplicationEvents' -> false]]; transaction manager [org.springframework.orm.jpa.JpaTransactionManager@30e15628]; rollback [true]
2022-06-09 04:25:04.251 DEBUG 87201 --- [    Test worker] org.hibernate.SQL                        : 
    select
        count(*) as col_0_0_ 
    from
        member member0_ 
    where
        member0_.id=?
2022-06-09 04:25:04.411 DEBUG 87201 --- [    Test worker] org.hibernate.SQL                        : 
    select
        member0_.id as id1_0_0_,
        member0_.email as email2_0_0_,
        member0_.name as name3_0_0_,
        member0_.pw as pw4_0_0_ 
    from
        member member0_ 
    where
        member0_.id=?
2022-06-09 04:25:04.573 DEBUG 87201 --- [    Test worker] org.hibernate.SQL                        : 
    insert 
    into
        member
        (email, name, pw, id) 
    values
        (?, ?, ?, ?)
2022-06-09 04:25:04.741 DEBUG 87201 --- [    Test worker] org.hibernate.SQL                        : 
    select
        count(*) as col_0_0_ 
    from
        member member0_ 
    where
        member0_.id=?
2022-06-09 04:25:04.901 DEBUG 87201 --- [    Test worker] org.hibernate.SQL                        : 
    select
        member0_.id as id1_0_0_,
        member0_.email as email2_0_0_,
        member0_.name as name3_0_0_,
        member0_.pw as pw4_0_0_ 
    from
        member member0_ 
    where
        member0_.id=?
2022-06-09 04:25:05.063 DEBUG 87201 --- [    Test worker] org.hibernate.SQL                        : 
    insert 
    into
        member
        (email, name, pw, id) 
    values
        (?, ?, ?, ?)
2022-06-09 04:25:05.221 DEBUG 87201 --- [    Test worker] org.hibernate.SQL                        : 
    insert 
    into
        room
        (code, introduce, master, title) 
    values
        (?, ?, ?, ?)
Room(num=415, master=id, title=, introduce=test, code=d95ca386-d, todos=[])
2022-06-09 04:25:05.379 DEBUG 87201 --- [    Test worker] org.hibernate.SQL                        : 
    select
        room0_.num as num1_2_,
        room0_.code as code2_2_,
        room0_.introduce as introduc3_2_,
        room0_.master as master4_2_,
        room0_.title as title5_2_ 
    from
        room room0_
2022-06-09 04:25:05.538 DEBUG 87201 --- [    Test worker] org.hibernate.SQL                        : 
    select
        todos0_.room_num as room_num8_3_0_,
        todos0_.id as id1_3_0_,
        todos0_.id as id1_3_1_,
        todos0_.content as content2_3_1_,
        todos0_.deadline as deadline3_3_1_,
        todos0_.is_editing as is_editi4_3_1_,
        todos0_.last_update_id as last_upd5_3_1_,
        todos0_.room_num as room_num8_3_1_,
        todos0_.status as status6_3_1_,
        todos0_.todo_index as todo_ind7_3_1_ 
    from
        todo todos0_ 
    where
        todos0_.room_num=?
2022-06-09 04:25:05.693 DEBUG 87201 --- [    Test worker] org.hibernate.SQL                        : 
    select
        todos0_.room_num as room_num8_3_0_,
        todos0_.id as id1_3_0_,
        todos0_.id as id1_3_1_,
        todos0_.content as content2_3_1_,
        todos0_.deadline as deadline3_3_1_,
        todos0_.is_editing as is_editi4_3_1_,
        todos0_.last_update_id as last_upd5_3_1_,
        todos0_.room_num as room_num8_3_1_,
        todos0_.status as status6_3_1_,
        todos0_.todo_index as todo_ind7_3_1_ 
    from
        todo todos0_ 
    where
        todos0_.room_num=?
2022-06-09 04:25:05.847 DEBUG 87201 --- [    Test worker] org.hibernate.SQL                        : 
    select
        todos0_.room_num as room_num8_3_0_,
        todos0_.id as id1_3_0_,
        todos0_.id as id1_3_1_,
        todos0_.content as content2_3_1_,
        todos0_.deadline as deadline3_3_1_,
        todos0_.is_editing as is_editi4_3_1_,
        todos0_.last_update_id as last_upd5_3_1_,
        todos0_.room_num as room_num8_3_1_,
        todos0_.status as status6_3_1_,
        todos0_.todo_index as todo_ind7_3_1_ 
    from
        todo todos0_ 
    where
        todos0_.room_num=?
2022-06-09 04:25:06.004 DEBUG 87201 --- [    Test worker] org.hibernate.SQL                        : 
    select
        todos0_.room_num as room_num8_3_0_,
        todos0_.id as id1_3_0_,
        todos0_.id as id1_3_1_,
        todos0_.content as content2_3_1_,
        todos0_.deadline as deadline3_3_1_,
        todos0_.is_editing as is_editi4_3_1_,
        todos0_.last_update_id as last_upd5_3_1_,
        todos0_.room_num as room_num8_3_1_,
        todos0_.status as status6_3_1_,
        todos0_.todo_index as todo_ind7_3_1_ 
    from
        todo todos0_ 
    where
        todos0_.room_num=?
2022-06-09 04:25:06.162 DEBUG 87201 --- [    Test worker] org.hibernate.SQL                        : 
    select
        todos0_.room_num as room_num8_3_0_,
        todos0_.id as id1_3_0_,
        todos0_.id as id1_3_1_,
        todos0_.content as content2_3_1_,
        todos0_.deadline as deadline3_3_1_,
        todos0_.is_editing as is_editi4_3_1_,
        todos0_.last_update_id as last_upd5_3_1_,
        todos0_.room_num as room_num8_3_1_,
        todos0_.status as status6_3_1_,
        todos0_.todo_index as todo_ind7_3_1_ 
    from
        todo todos0_ 
    where
        todos0_.room_num=?
2022-06-09 04:25:06.322 DEBUG 87201 --- [    Test worker] org.hibernate.SQL                        : 
    select
        todos0_.room_num as room_num8_3_0_,
        todos0_.id as id1_3_0_,
        todos0_.id as id1_3_1_,
        todos0_.content as content2_3_1_,
        todos0_.deadline as deadline3_3_1_,
        todos0_.is_editing as is_editi4_3_1_,
        todos0_.last_update_id as last_upd5_3_1_,
        todos0_.room_num as room_num8_3_1_,
        todos0_.status as status6_3_1_,
        todos0_.todo_index as todo_ind7_3_1_ 
    from
        todo todos0_ 
    where
        todos0_.room_num=?
2022-06-09 04:25:06.483 DEBUG 87201 --- [    Test worker] org.hibernate.SQL                        : 
    select
        todos0_.room_num as room_num8_3_0_,
        todos0_.id as id1_3_0_,
        todos0_.id as id1_3_1_,
        todos0_.content as content2_3_1_,
        todos0_.deadline as deadline3_3_1_,
        todos0_.is_editing as is_editi4_3_1_,
        todos0_.last_update_id as last_upd5_3_1_,
        todos0_.room_num as room_num8_3_1_,
        todos0_.status as status6_3_1_,
        todos0_.todo_index as todo_ind7_3_1_ 
    from
        todo todos0_ 
    where
        todos0_.room_num=?
2022-06-09 04:25:07.381 DEBUG 87201 --- [    Test worker] org.hibernate.SQL                        : 
    select
        todos0_.room_num as room_num8_3_0_,
        todos0_.id as id1_3_0_,
        todos0_.id as id1_3_1_,
        todos0_.content as content2_3_1_,
        todos0_.deadline as deadline3_3_1_,
        todos0_.is_editing as is_editi4_3_1_,
        todos0_.last_update_id as last_upd5_3_1_,
        todos0_.room_num as room_num8_3_1_,
        todos0_.status as status6_3_1_,
        todos0_.todo_index as todo_ind7_3_1_ 
    from
        todo todos0_ 
    where
        todos0_.room_num=?
2022-06-09 04:25:08.062  INFO 87201 --- [    Test worker] o.s.t.c.transaction.TransactionContext   : Rolled back transaction for test: [DefaultTestContext@16eb93af testClass = RoomServiceTest, testInstance = Wap.Todo.service.RoomServiceTest@3abb6aa, testMethod = invitingUser@RoomServiceTest, testException = [null], mergedContextConfiguration = [WebMergedContextConfiguration@3ed87b6e testClass = RoomServiceTest, locations = '{}', classes = '{class Wap.Todo.TodoApplication}', contextInitializerClasses = '[]', activeProfiles = '{}', propertySourceLocations = '{}', propertySourceProperties = '{org.springframework.boot.test.context.SpringBootTestContextBootstrapper=true}', contextCustomizers = set[org.springframework.boot.test.autoconfigure.actuate.metrics.MetricsExportContextCustomizerFactory$DisableMetricExportContextCustomizer@7e5c856f, org.springframework.boot.test.autoconfigure.properties.PropertyMappingContextCustomizer@0, org.springframework.boot.test.autoconfigure.web.servlet.WebDriverContextCustomizerFactory$Customizer@58ce9668, org.springframework.boot.test.context.filter.ExcludeFilterContextCustomizer@1fa1cab1, org.springframework.boot.test.json.DuplicateJsonObjectContextCustomizerFactory$DuplicateJsonObjectContextCustomizer@51fadaff, org.springframework.boot.test.mock.mockito.MockitoContextCustomizer@0, org.springframework.boot.test.web.client.TestRestTemplateContextCustomizer@6c2c1385, org.springframework.boot.test.context.SpringBootTestArgs@1, org.springframework.boot.test.context.SpringBootTestWebEnvironment@2e377400], resourceBasePath = 'src/main/webapp', contextLoader = 'org.springframework.boot.test.context.SpringBootContextLoader', parent = [null]], attributes = map['org.springframework.test.context.web.ServletTestExecutionListener.activateListener' -> true, 'org.springframework.test.context.web.ServletTestExecutionListener.populatedRequestContextHolder' -> true, 'org.springframework.test.context.web.ServletTestExecutionListener.resetRequestContextHolder' -> true, 'org.springframework.test.context.event.ApplicationEventsTestExecutionListener.recordApplicationEvents' -> false]]
2022-06-09 04:25:08.367  INFO 87201 --- [    Test worker] o.s.t.c.transaction.TransactionContext   : Began transaction (1) for test context [DefaultTestContext@16eb93af testClass = RoomServiceTest, testInstance = Wap.Todo.service.RoomServiceTest@495e1ad1, testMethod = deleteRoom@RoomServiceTest, testException = [null], mergedContextConfiguration = [WebMergedContextConfiguration@3ed87b6e testClass = RoomServiceTest, locations = '{}', classes = '{class Wap.Todo.TodoApplication}', contextInitializerClasses = '[]', activeProfiles = '{}', propertySourceLocations = '{}', propertySourceProperties = '{org.springframework.boot.test.context.SpringBootTestContextBootstrapper=true}', contextCustomizers = set[org.springframework.boot.test.autoconfigure.actuate.metrics.MetricsExportContextCustomizerFactory$DisableMetricExportContextCustomizer@7e5c856f, org.springframework.boot.test.autoconfigure.properties.PropertyMappingContextCustomizer@0, org.springframework.boot.test.autoconfigure.web.servlet.WebDriverContextCustomizerFactory$Customizer@58ce9668, org.springframework.boot.test.context.filter.ExcludeFilterContextCustomizer@1fa1cab1, org.springframework.boot.test.json.DuplicateJsonObjectContextCustomizerFactory$DuplicateJsonObjectContextCustomizer@51fadaff, org.springframework.boot.test.mock.mockito.MockitoContextCustomizer@0, org.springframework.boot.test.web.client.TestRestTemplateContextCustomizer@6c2c1385, org.springframework.boot.test.context.SpringBootTestArgs@1, org.springframework.boot.test.context.SpringBootTestWebEnvironment@2e377400], resourceBasePath = 'src/main/webapp', contextLoader = 'org.springframework.boot.test.context.SpringBootContextLoader', parent = [null]], attributes = map['org.springframework.test.context.web.ServletTestExecutionListener.activateListener' -> true, 'org.springframework.test.context.web.ServletTestExecutionListener.populatedRequestContextHolder' -> true, 'org.springframework.test.context.web.ServletTestExecutionListener.resetRequestContextHolder' -> true, 'org.springframework.test.context.event.ApplicationEventsTestExecutionListener.recordApplicationEvents' -> false]]; transaction manager [org.springframework.orm.jpa.JpaTransactionManager@30e15628]; rollback [true]
2022-06-09 04:25:08.371 DEBUG 87201 --- [    Test worker] org.hibernate.SQL                        : 
    select
        count(*) as col_0_0_ 
    from
        member member0_ 
    where
        member0_.id=?
2022-06-09 04:25:08.585 DEBUG 87201 --- [    Test worker] org.hibernate.SQL                        : 
    select
        member0_.id as id1_0_0_,
        member0_.email as email2_0_0_,
        member0_.name as name3_0_0_,
        member0_.pw as pw4_0_0_ 
    from
        member member0_ 
    where
        member0_.id=?
2022-06-09 04:25:08.925 DEBUG 87201 --- [    Test worker] org.hibernate.SQL                        : 
    insert 
    into
        member
        (email, name, pw, id) 
    values
        (?, ?, ?, ?)
2022-06-09 04:25:09.079 DEBUG 87201 --- [    Test worker] org.hibernate.SQL                        : 
    insert 
    into
        room
        (code, introduce, master, title) 
    values
        (?, ?, ?, ?)
Room(num=416, master=id, title=제목, introduce=test, code=f6203919-4, todos=[])
2022-06-09 04:25:09.429 DEBUG 87201 --- [    Test worker] org.hibernate.SQL                        : 
    select
        count(*) as col_0_0_ 
    from
        room room0_ 
    where
        room0_.num=?
2022-06-09 04:25:09.589 DEBUG 87201 --- [    Test worker] org.hibernate.SQL                        : 
    delete 
    from
        room 
    where
        num=?
2022-06-09 04:25:09.748 DEBUG 87201 --- [    Test worker] org.hibernate.SQL                        : 
    select
        count(*) as col_0_0_ 
    from
        room room0_ 
    where
        room0_.num=?
2022-06-09 04:25:10.214  INFO 87201 --- [    Test worker] o.s.t.c.transaction.TransactionContext   : Rolled back transaction for test: [DefaultTestContext@16eb93af testClass = RoomServiceTest, testInstance = Wap.Todo.service.RoomServiceTest@495e1ad1, testMethod = deleteRoom@RoomServiceTest, testException = [null], mergedContextConfiguration = [WebMergedContextConfiguration@3ed87b6e testClass = RoomServiceTest, locations = '{}', classes = '{class Wap.Todo.TodoApplication}', contextInitializerClasses = '[]', activeProfiles = '{}', propertySourceLocations = '{}', propertySourceProperties = '{org.springframework.boot.test.context.SpringBootTestContextBootstrapper=true}', contextCustomizers = set[org.springframework.boot.test.autoconfigure.actuate.metrics.MetricsExportContextCustomizerFactory$DisableMetricExportContextCustomizer@7e5c856f, org.springframework.boot.test.autoconfigure.properties.PropertyMappingContextCustomizer@0, org.springframework.boot.test.autoconfigure.web.servlet.WebDriverContextCustomizerFactory$Customizer@58ce9668, org.springframework.boot.test.context.filter.ExcludeFilterContextCustomizer@1fa1cab1, org.springframework.boot.test.json.DuplicateJsonObjectContextCustomizerFactory$DuplicateJsonObjectContextCustomizer@51fadaff, org.springframework.boot.test.mock.mockito.MockitoContextCustomizer@0, org.springframework.boot.test.web.client.TestRestTemplateContextCustomizer@6c2c1385, org.springframework.boot.test.context.SpringBootTestArgs@1, org.springframework.boot.test.context.SpringBootTestWebEnvironment@2e377400], resourceBasePath = 'src/main/webapp', contextLoader = 'org.springframework.boot.test.context.SpringBootContextLoader', parent = [null]], attributes = map['org.springframework.test.context.web.ServletTestExecutionListener.activateListener' -> true, 'org.springframework.test.context.web.ServletTestExecutionListener.populatedRequestContextHolder' -> true, 'org.springframework.test.context.web.ServletTestExecutionListener.resetRequestContextHolder' -> true, 'org.springframework.test.context.event.ApplicationEventsTestExecutionListener.recordApplicationEvents' -> false]]
]]></system-out>
  <system-err><![CDATA[]]></system-err>
</testsuite>
