<?xml version="1.0" encoding="UTF-8"?>
<testsuite name="Wap.Todo.service.RoomServiceTest" tests="3" skipped="0" failures="0" errors="0" timestamp="2022-06-09T06:36:02" hostname="nuyh.local" time="11.377">
  <properties/>
  <testcase name="방의 마스터가 해당 방을 삭제했을 때 나머지 유저들 CASCADE" classname="Wap.Todo.service.RoomServiceTest" time="5.56"/>
  <testcase name="방 초대 받기" classname="Wap.Todo.service.RoomServiceTest" time="4.264"/>
  <testcase name="방 삭제" classname="Wap.Todo.service.RoomServiceTest" time="1.547"/>
  <system-out><![CDATA[2022-06-09 15:36:02.862  INFO 89373 --- [    Test worker] .b.t.c.SpringBootTestContextBootstrapper : Neither @ContextConfiguration nor @ContextHierarchy found for test class [Wap.Todo.service.RoomServiceTest], using SpringBootContextLoader
2022-06-09 15:36:02.862  INFO 89373 --- [    Test worker] o.s.t.c.support.AbstractContextLoader    : Could not detect default resource locations for test class [Wap.Todo.service.RoomServiceTest]: no resource found for suffixes {-context.xml, Context.groovy}.
2022-06-09 15:36:02.862  INFO 89373 --- [    Test worker] t.c.s.AnnotationConfigContextLoaderUtils : Could not detect default configuration classes for test class [Wap.Todo.service.RoomServiceTest]: RoomServiceTest does not declare any static, non-private, non-final, nested classes annotated with @Configuration.
2022-06-09 15:36:02.878  INFO 89373 --- [    Test worker] .b.t.c.SpringBootTestContextBootstrapper : Found @SpringBootConfiguration Wap.Todo.TodoApplication for test class Wap.Todo.service.RoomServiceTest
2022-06-09 15:36:02.886  INFO 89373 --- [    Test worker] .b.t.c.SpringBootTestContextBootstrapper : Loaded default TestExecutionListener class names from location [META-INF/spring.factories]: [org.springframework.boot.test.autoconfigure.restdocs.RestDocsTestExecutionListener, org.springframework.boot.test.autoconfigure.web.client.MockRestServiceServerResetTestExecutionListener, org.springframework.boot.test.autoconfigure.web.servlet.MockMvcPrintOnlyOnFailureTestExecutionListener, org.springframework.boot.test.autoconfigure.web.servlet.WebDriverTestExecutionListener, org.springframework.boot.test.autoconfigure.webservices.client.MockWebServiceServerTestExecutionListener, org.springframework.boot.test.mock.mockito.MockitoTestExecutionListener, org.springframework.boot.test.mock.mockito.ResetMocksTestExecutionListener, org.springframework.test.context.web.ServletTestExecutionListener, org.springframework.test.context.support.DirtiesContextBeforeModesTestExecutionListener, org.springframework.test.context.event.ApplicationEventsTestExecutionListener, org.springframework.test.context.support.DependencyInjectionTestExecutionListener, org.springframework.test.context.support.DirtiesContextTestExecutionListener, org.springframework.test.context.transaction.TransactionalTestExecutionListener, org.springframework.test.context.jdbc.SqlScriptsTestExecutionListener, org.springframework.test.context.event.EventPublishingTestExecutionListener]
2022-06-09 15:36:02.886  INFO 89373 --- [    Test worker] .b.t.c.SpringBootTestContextBootstrapper : Using TestExecutionListeners: [org.springframework.test.context.web.ServletTestExecutionListener@3dbb7bb, org.springframework.test.context.support.DirtiesContextBeforeModesTestExecutionListener@6277a496, org.springframework.test.context.event.ApplicationEventsTestExecutionListener@6632eb19, org.springframework.boot.test.mock.mockito.MockitoTestExecutionListener@42db3ff, org.springframework.boot.test.autoconfigure.SpringBootDependencyInjectionTestExecutionListener@5a95aaae, org.springframework.test.context.support.DirtiesContextTestExecutionListener@519e67e, org.springframework.test.context.transaction.TransactionalTestExecutionListener@7402bfe7, org.springframework.test.context.jdbc.SqlScriptsTestExecutionListener@1d5958d3, org.springframework.test.context.event.EventPublishingTestExecutionListener@6a6e410c, org.springframework.boot.test.autoconfigure.restdocs.RestDocsTestExecutionListener@200e6029, org.springframework.boot.test.autoconfigure.web.client.MockRestServiceServerResetTestExecutionListener@41120e48, org.springframework.boot.test.autoconfigure.web.servlet.MockMvcPrintOnlyOnFailureTestExecutionListener@165a5979, org.springframework.boot.test.autoconfigure.web.servlet.WebDriverTestExecutionListener@ea40c9f, org.springframework.boot.test.autoconfigure.webservices.client.MockWebServiceServerTestExecutionListener@5d782a4a, org.springframework.boot.test.mock.mockito.ResetMocksTestExecutionListener@cc91fe3]
2022-06-09 15:36:03.205  INFO 89373 --- [    Test worker] o.s.t.c.transaction.TransactionContext   : Began transaction (1) for test context [DefaultTestContext@3123ba75 testClass = RoomServiceTest, testInstance = Wap.Todo.service.RoomServiceTest@3d8e1fa6, testMethod = cascadeTest@RoomServiceTest, testException = [null], mergedContextConfiguration = [WebMergedContextConfiguration@4587f0f9 testClass = RoomServiceTest, locations = '{}', classes = '{class Wap.Todo.TodoApplication}', contextInitializerClasses = '[]', activeProfiles = '{}', propertySourceLocations = '{}', propertySourceProperties = '{org.springframework.boot.test.context.SpringBootTestContextBootstrapper=true}', contextCustomizers = set[org.springframework.boot.test.autoconfigure.actuate.metrics.MetricsExportContextCustomizerFactory$DisableMetricExportContextCustomizer@7e5c856f, org.springframework.boot.test.autoconfigure.properties.PropertyMappingContextCustomizer@0, org.springframework.boot.test.autoconfigure.web.servlet.WebDriverContextCustomizerFactory$Customizer@58ce9668, org.springframework.boot.test.context.filter.ExcludeFilterContextCustomizer@1fa1cab1, org.springframework.boot.test.json.DuplicateJsonObjectContextCustomizerFactory$DuplicateJsonObjectContextCustomizer@51fadaff, org.springframework.boot.test.mock.mockito.MockitoContextCustomizer@0, org.springframework.boot.test.web.client.TestRestTemplateContextCustomizer@6c2c1385, org.springframework.boot.test.context.SpringBootTestArgs@1, org.springframework.boot.test.context.SpringBootTestWebEnvironment@2e377400], resourceBasePath = 'src/main/webapp', contextLoader = 'org.springframework.boot.test.context.SpringBootContextLoader', parent = [null]], attributes = map['org.springframework.test.context.web.ServletTestExecutionListener.activateListener' -> true, 'org.springframework.test.context.web.ServletTestExecutionListener.populatedRequestContextHolder' -> true, 'org.springframework.test.context.web.ServletTestExecutionListener.resetRequestContextHolder' -> true, 'org.springframework.test.context.event.ApplicationEventsTestExecutionListener.recordApplicationEvents' -> false]]; transaction manager [org.springframework.orm.jpa.JpaTransactionManager@125a8ab6]; rollback [true]
2022-06-09 15:36:03.291 DEBUG 89373 --- [    Test worker] org.hibernate.SQL                        : 
    select
        count(*) as col_0_0_ 
    from
        member member0_ 
    where
        member0_.id=?
2022-06-09 15:36:03.453 DEBUG 89373 --- [    Test worker] org.hibernate.SQL                        : 
    select
        member0_.id as id1_0_0_,
        member0_.email as email2_0_0_,
        member0_.name as name3_0_0_,
        member0_.pw as pw4_0_0_ 
    from
        member member0_ 
    where
        member0_.id=?
2022-06-09 15:36:03.647 DEBUG 89373 --- [    Test worker] org.hibernate.SQL                        : 
    insert 
    into
        member
        (email, name, pw, id) 
    values
        (?, ?, ?, ?)
2022-06-09 15:36:03.886 DEBUG 89373 --- [    Test worker] org.hibernate.SQL                        : 
    select
        count(*) as col_0_0_ 
    from
        member member0_ 
    where
        member0_.id=?
2022-06-09 15:36:04.070 DEBUG 89373 --- [    Test worker] org.hibernate.SQL                        : 
    select
        member0_.id as id1_0_0_,
        member0_.email as email2_0_0_,
        member0_.name as name3_0_0_,
        member0_.pw as pw4_0_0_ 
    from
        member member0_ 
    where
        member0_.id=?
2022-06-09 15:36:04.241 DEBUG 89373 --- [    Test worker] org.hibernate.SQL                        : 
    insert 
    into
        member
        (email, name, pw, id) 
    values
        (?, ?, ?, ?)
2022-06-09 15:36:04.393 DEBUG 89373 --- [    Test worker] org.hibernate.SQL                        : 
    insert 
    into
        room
        (code, introduce, master, title) 
    values
        (?, ?, ?, ?)
Room(num=434, master=id, title=, introduce=test, code=2c6de4a5-7, todos=[])
2022-06-09 15:36:04.587 DEBUG 89373 --- [    Test worker] org.hibernate.SQL                        : 
    select
        room0_.num as num1_2_,
        room0_.code as code2_2_,
        room0_.introduce as introduc3_2_,
        room0_.master as master4_2_,
        room0_.title as title5_2_ 
    from
        room room0_
2022-06-09 15:36:04.748 DEBUG 89373 --- [    Test worker] org.hibernate.SQL                        : 
    select
        todos0_.room_num as room_num8_3_0_,
        todos0_.id as id1_3_0_,
        todos0_.id as id1_3_1_,
        todos0_.content as content2_3_1_,
        todos0_.deadline as deadline3_3_1_,
        todos0_.is_editing as is_editi4_3_1_,
        todos0_.last_update_id as last_upd5_3_1_,
        todos0_.room_num as room_num8_3_1_,
        todos0_.status as status6_3_1_,
        todos0_.todo_index as todo_ind7_3_1_ 
    from
        todo todos0_ 
    where
        todos0_.room_num=?
2022-06-09 15:36:04.909 DEBUG 89373 --- [    Test worker] org.hibernate.SQL                        : 
    select
        todos0_.room_num as room_num8_3_0_,
        todos0_.id as id1_3_0_,
        todos0_.id as id1_3_1_,
        todos0_.content as content2_3_1_,
        todos0_.deadline as deadline3_3_1_,
        todos0_.is_editing as is_editi4_3_1_,
        todos0_.last_update_id as last_upd5_3_1_,
        todos0_.room_num as room_num8_3_1_,
        todos0_.status as status6_3_1_,
        todos0_.todo_index as todo_ind7_3_1_ 
    from
        todo todos0_ 
    where
        todos0_.room_num=?
2022-06-09 15:36:05.063 DEBUG 89373 --- [    Test worker] org.hibernate.SQL                        : 
    select
        todos0_.room_num as room_num8_3_0_,
        todos0_.id as id1_3_0_,
        todos0_.id as id1_3_1_,
        todos0_.content as content2_3_1_,
        todos0_.deadline as deadline3_3_1_,
        todos0_.is_editing as is_editi4_3_1_,
        todos0_.last_update_id as last_upd5_3_1_,
        todos0_.room_num as room_num8_3_1_,
        todos0_.status as status6_3_1_,
        todos0_.todo_index as todo_ind7_3_1_ 
    from
        todo todos0_ 
    where
        todos0_.room_num=?
2022-06-09 15:36:05.224 DEBUG 89373 --- [    Test worker] org.hibernate.SQL                        : 
    select
        todos0_.room_num as room_num8_3_0_,
        todos0_.id as id1_3_0_,
        todos0_.id as id1_3_1_,
        todos0_.content as content2_3_1_,
        todos0_.deadline as deadline3_3_1_,
        todos0_.is_editing as is_editi4_3_1_,
        todos0_.last_update_id as last_upd5_3_1_,
        todos0_.room_num as room_num8_3_1_,
        todos0_.status as status6_3_1_,
        todos0_.todo_index as todo_ind7_3_1_ 
    from
        todo todos0_ 
    where
        todos0_.room_num=?
2022-06-09 15:36:05.378 DEBUG 89373 --- [    Test worker] org.hibernate.SQL                        : 
    select
        todos0_.room_num as room_num8_3_0_,
        todos0_.id as id1_3_0_,
        todos0_.id as id1_3_1_,
        todos0_.content as content2_3_1_,
        todos0_.deadline as deadline3_3_1_,
        todos0_.is_editing as is_editi4_3_1_,
        todos0_.last_update_id as last_upd5_3_1_,
        todos0_.room_num as room_num8_3_1_,
        todos0_.status as status6_3_1_,
        todos0_.todo_index as todo_ind7_3_1_ 
    from
        todo todos0_ 
    where
        todos0_.room_num=?
2022-06-09 15:36:05.535 DEBUG 89373 --- [    Test worker] org.hibernate.SQL                        : 
    select
        todos0_.room_num as room_num8_3_0_,
        todos0_.id as id1_3_0_,
        todos0_.id as id1_3_1_,
        todos0_.content as content2_3_1_,
        todos0_.deadline as deadline3_3_1_,
        todos0_.is_editing as is_editi4_3_1_,
        todos0_.last_update_id as last_upd5_3_1_,
        todos0_.room_num as room_num8_3_1_,
        todos0_.status as status6_3_1_,
        todos0_.todo_index as todo_ind7_3_1_ 
    from
        todo todos0_ 
    where
        todos0_.room_num=?
2022-06-09 15:36:05.691 DEBUG 89373 --- [    Test worker] org.hibernate.SQL                        : 
    select
        todos0_.room_num as room_num8_3_0_,
        todos0_.id as id1_3_0_,
        todos0_.id as id1_3_1_,
        todos0_.content as content2_3_1_,
        todos0_.deadline as deadline3_3_1_,
        todos0_.is_editing as is_editi4_3_1_,
        todos0_.last_update_id as last_upd5_3_1_,
        todos0_.room_num as room_num8_3_1_,
        todos0_.status as status6_3_1_,
        todos0_.todo_index as todo_ind7_3_1_ 
    from
        todo todos0_ 
    where
        todos0_.room_num=?
2022-06-09 15:36:05.845 DEBUG 89373 --- [    Test worker] org.hibernate.SQL                        : 
    select
        todos0_.room_num as room_num8_3_0_,
        todos0_.id as id1_3_0_,
        todos0_.id as id1_3_1_,
        todos0_.content as content2_3_1_,
        todos0_.deadline as deadline3_3_1_,
        todos0_.is_editing as is_editi4_3_1_,
        todos0_.last_update_id as last_upd5_3_1_,
        todos0_.room_num as room_num8_3_1_,
        todos0_.status as status6_3_1_,
        todos0_.todo_index as todo_ind7_3_1_ 
    from
        todo todos0_ 
    where
        todos0_.room_num=?
2022-06-09 15:36:06.005 DEBUG 89373 --- [    Test worker] org.hibernate.SQL                        : 
    select
        todos0_.room_num as room_num8_3_0_,
        todos0_.id as id1_3_0_,
        todos0_.id as id1_3_1_,
        todos0_.content as content2_3_1_,
        todos0_.deadline as deadline3_3_1_,
        todos0_.is_editing as is_editi4_3_1_,
        todos0_.last_update_id as last_upd5_3_1_,
        todos0_.room_num as room_num8_3_1_,
        todos0_.status as status6_3_1_,
        todos0_.todo_index as todo_ind7_3_1_ 
    from
        todo todos0_ 
    where
        todos0_.room_num=?
2022-06-09 15:36:06.158 DEBUG 89373 --- [    Test worker] org.hibernate.SQL                        : 
    select
        todos0_.room_num as room_num8_3_0_,
        todos0_.id as id1_3_0_,
        todos0_.id as id1_3_1_,
        todos0_.content as content2_3_1_,
        todos0_.deadline as deadline3_3_1_,
        todos0_.is_editing as is_editi4_3_1_,
        todos0_.last_update_id as last_upd5_3_1_,
        todos0_.room_num as room_num8_3_1_,
        todos0_.status as status6_3_1_,
        todos0_.todo_index as todo_ind7_3_1_ 
    from
        todo todos0_ 
    where
        todos0_.room_num=?
2022-06-09 15:36:06.320 DEBUG 89373 --- [    Test worker] org.hibernate.SQL                        : 
    select
        todos0_.room_num as room_num8_3_0_,
        todos0_.id as id1_3_0_,
        todos0_.id as id1_3_1_,
        todos0_.content as content2_3_1_,
        todos0_.deadline as deadline3_3_1_,
        todos0_.is_editing as is_editi4_3_1_,
        todos0_.last_update_id as last_upd5_3_1_,
        todos0_.room_num as room_num8_3_1_,
        todos0_.status as status6_3_1_,
        todos0_.todo_index as todo_ind7_3_1_ 
    from
        todo todos0_ 
    where
        todos0_.room_num=?
2022-06-09 15:36:06.475 DEBUG 89373 --- [    Test worker] org.hibernate.SQL                        : 
    select
        todos0_.room_num as room_num8_3_0_,
        todos0_.id as id1_3_0_,
        todos0_.id as id1_3_1_,
        todos0_.content as content2_3_1_,
        todos0_.deadline as deadline3_3_1_,
        todos0_.is_editing as is_editi4_3_1_,
        todos0_.last_update_id as last_upd5_3_1_,
        todos0_.room_num as room_num8_3_1_,
        todos0_.status as status6_3_1_,
        todos0_.todo_index as todo_ind7_3_1_ 
    from
        todo todos0_ 
    where
        todos0_.room_num=?
2022-06-09 15:36:06.629 DEBUG 89373 --- [    Test worker] org.hibernate.SQL                        : 
    select
        todos0_.room_num as room_num8_3_0_,
        todos0_.id as id1_3_0_,
        todos0_.id as id1_3_1_,
        todos0_.content as content2_3_1_,
        todos0_.deadline as deadline3_3_1_,
        todos0_.is_editing as is_editi4_3_1_,
        todos0_.last_update_id as last_upd5_3_1_,
        todos0_.room_num as room_num8_3_1_,
        todos0_.status as status6_3_1_,
        todos0_.todo_index as todo_ind7_3_1_ 
    from
        todo todos0_ 
    where
        todos0_.room_num=?
2022-06-09 15:36:07.418 DEBUG 89373 --- [    Test worker] org.hibernate.SQL                        : 
    select
        todos0_.room_num as room_num8_3_0_,
        todos0_.id as id1_3_0_,
        todos0_.id as id1_3_1_,
        todos0_.content as content2_3_1_,
        todos0_.deadline as deadline3_3_1_,
        todos0_.is_editing as is_editi4_3_1_,
        todos0_.last_update_id as last_upd5_3_1_,
        todos0_.room_num as room_num8_3_1_,
        todos0_.status as status6_3_1_,
        todos0_.todo_index as todo_ind7_3_1_ 
    from
        todo todos0_ 
    where
        todos0_.room_num=?
2022-06-09 15:36:07.588 DEBUG 89373 --- [    Test worker] org.hibernate.SQL                        : 
    select
        todos0_.room_num as room_num8_3_0_,
        todos0_.id as id1_3_0_,
        todos0_.id as id1_3_1_,
        todos0_.content as content2_3_1_,
        todos0_.deadline as deadline3_3_1_,
        todos0_.is_editing as is_editi4_3_1_,
        todos0_.last_update_id as last_upd5_3_1_,
        todos0_.room_num as room_num8_3_1_,
        todos0_.status as status6_3_1_,
        todos0_.todo_index as todo_ind7_3_1_ 
    from
        todo todos0_ 
    where
        todos0_.room_num=?
2022-06-09 15:36:07.785 DEBUG 89373 --- [    Test worker] org.hibernate.SQL                        : 
    select
        count(*) as col_0_0_ 
    from
        room room0_ 
    where
        room0_.num=?
[]
2022-06-09 15:36:08.448  INFO 89373 --- [    Test worker] o.s.t.c.transaction.TransactionContext   : Rolled back transaction for test: [DefaultTestContext@3123ba75 testClass = RoomServiceTest, testInstance = Wap.Todo.service.RoomServiceTest@3d8e1fa6, testMethod = cascadeTest@RoomServiceTest, testException = [null], mergedContextConfiguration = [WebMergedContextConfiguration@4587f0f9 testClass = RoomServiceTest, locations = '{}', classes = '{class Wap.Todo.TodoApplication}', contextInitializerClasses = '[]', activeProfiles = '{}', propertySourceLocations = '{}', propertySourceProperties = '{org.springframework.boot.test.context.SpringBootTestContextBootstrapper=true}', contextCustomizers = set[org.springframework.boot.test.autoconfigure.actuate.metrics.MetricsExportContextCustomizerFactory$DisableMetricExportContextCustomizer@7e5c856f, org.springframework.boot.test.autoconfigure.properties.PropertyMappingContextCustomizer@0, org.springframework.boot.test.autoconfigure.web.servlet.WebDriverContextCustomizerFactory$Customizer@58ce9668, org.springframework.boot.test.context.filter.ExcludeFilterContextCustomizer@1fa1cab1, org.springframework.boot.test.json.DuplicateJsonObjectContextCustomizerFactory$DuplicateJsonObjectContextCustomizer@51fadaff, org.springframework.boot.test.mock.mockito.MockitoContextCustomizer@0, org.springframework.boot.test.web.client.TestRestTemplateContextCustomizer@6c2c1385, org.springframework.boot.test.context.SpringBootTestArgs@1, org.springframework.boot.test.context.SpringBootTestWebEnvironment@2e377400], resourceBasePath = 'src/main/webapp', contextLoader = 'org.springframework.boot.test.context.SpringBootContextLoader', parent = [null]], attributes = map['org.springframework.test.context.web.ServletTestExecutionListener.activateListener' -> true, 'org.springframework.test.context.web.ServletTestExecutionListener.populatedRequestContextHolder' -> true, 'org.springframework.test.context.web.ServletTestExecutionListener.resetRequestContextHolder' -> true, 'org.springframework.test.context.event.ApplicationEventsTestExecutionListener.recordApplicationEvents' -> false]]
2022-06-09 15:36:08.849  INFO 89373 --- [    Test worker] o.s.t.c.transaction.TransactionContext   : Began transaction (1) for test context [DefaultTestContext@3123ba75 testClass = RoomServiceTest, testInstance = Wap.Todo.service.RoomServiceTest@55b78dad, testMethod = invitingUser@RoomServiceTest, testException = [null], mergedContextConfiguration = [WebMergedContextConfiguration@4587f0f9 testClass = RoomServiceTest, locations = '{}', classes = '{class Wap.Todo.TodoApplication}', contextInitializerClasses = '[]', activeProfiles = '{}', propertySourceLocations = '{}', propertySourceProperties = '{org.springframework.boot.test.context.SpringBootTestContextBootstrapper=true}', contextCustomizers = set[org.springframework.boot.test.autoconfigure.actuate.metrics.MetricsExportContextCustomizerFactory$DisableMetricExportContextCustomizer@7e5c856f, org.springframework.boot.test.autoconfigure.properties.PropertyMappingContextCustomizer@0, org.springframework.boot.test.autoconfigure.web.servlet.WebDriverContextCustomizerFactory$Customizer@58ce9668, org.springframework.boot.test.context.filter.ExcludeFilterContextCustomizer@1fa1cab1, org.springframework.boot.test.json.DuplicateJsonObjectContextCustomizerFactory$DuplicateJsonObjectContextCustomizer@51fadaff, org.springframework.boot.test.mock.mockito.MockitoContextCustomizer@0, org.springframework.boot.test.web.client.TestRestTemplateContextCustomizer@6c2c1385, org.springframework.boot.test.context.SpringBootTestArgs@1, org.springframework.boot.test.context.SpringBootTestWebEnvironment@2e377400], resourceBasePath = 'src/main/webapp', contextLoader = 'org.springframework.boot.test.context.SpringBootContextLoader', parent = [null]], attributes = map['org.springframework.test.context.web.ServletTestExecutionListener.activateListener' -> true, 'org.springframework.test.context.web.ServletTestExecutionListener.populatedRequestContextHolder' -> true, 'org.springframework.test.context.web.ServletTestExecutionListener.resetRequestContextHolder' -> true, 'org.springframework.test.context.event.ApplicationEventsTestExecutionListener.recordApplicationEvents' -> false]]; transaction manager [org.springframework.orm.jpa.JpaTransactionManager@125a8ab6]; rollback [true]
2022-06-09 15:36:08.853 DEBUG 89373 --- [    Test worker] org.hibernate.SQL                        : 
    select
        count(*) as col_0_0_ 
    from
        member member0_ 
    where
        member0_.id=?
2022-06-09 15:36:09.007 DEBUG 89373 --- [    Test worker] org.hibernate.SQL                        : 
    select
        member0_.id as id1_0_0_,
        member0_.email as email2_0_0_,
        member0_.name as name3_0_0_,
        member0_.pw as pw4_0_0_ 
    from
        member member0_ 
    where
        member0_.id=?
2022-06-09 15:36:09.159 DEBUG 89373 --- [    Test worker] org.hibernate.SQL                        : 
    insert 
    into
        member
        (email, name, pw, id) 
    values
        (?, ?, ?, ?)
2022-06-09 15:36:09.319 DEBUG 89373 --- [    Test worker] org.hibernate.SQL                        : 
    select
        count(*) as col_0_0_ 
    from
        member member0_ 
    where
        member0_.id=?
2022-06-09 15:36:09.475 DEBUG 89373 --- [    Test worker] org.hibernate.SQL                        : 
    select
        member0_.id as id1_0_0_,
        member0_.email as email2_0_0_,
        member0_.name as name3_0_0_,
        member0_.pw as pw4_0_0_ 
    from
        member member0_ 
    where
        member0_.id=?
2022-06-09 15:36:09.629 DEBUG 89373 --- [    Test worker] org.hibernate.SQL                        : 
    insert 
    into
        member
        (email, name, pw, id) 
    values
        (?, ?, ?, ?)
2022-06-09 15:36:09.781 DEBUG 89373 --- [    Test worker] org.hibernate.SQL                        : 
    insert 
    into
        room
        (code, introduce, master, title) 
    values
        (?, ?, ?, ?)
Room(num=435, master=id, title=, introduce=test, code=285292de-a, todos=[])
2022-06-09 15:36:09.935 DEBUG 89373 --- [    Test worker] org.hibernate.SQL                        : 
    select
        room0_.num as num1_2_,
        room0_.code as code2_2_,
        room0_.introduce as introduc3_2_,
        room0_.master as master4_2_,
        room0_.title as title5_2_ 
    from
        room room0_
2022-06-09 15:36:10.092 DEBUG 89373 --- [    Test worker] org.hibernate.SQL                        : 
    select
        todos0_.room_num as room_num8_3_0_,
        todos0_.id as id1_3_0_,
        todos0_.id as id1_3_1_,
        todos0_.content as content2_3_1_,
        todos0_.deadline as deadline3_3_1_,
        todos0_.is_editing as is_editi4_3_1_,
        todos0_.last_update_id as last_upd5_3_1_,
        todos0_.room_num as room_num8_3_1_,
        todos0_.status as status6_3_1_,
        todos0_.todo_index as todo_ind7_3_1_ 
    from
        todo todos0_ 
    where
        todos0_.room_num=?
2022-06-09 15:36:10.244 DEBUG 89373 --- [    Test worker] org.hibernate.SQL                        : 
    select
        todos0_.room_num as room_num8_3_0_,
        todos0_.id as id1_3_0_,
        todos0_.id as id1_3_1_,
        todos0_.content as content2_3_1_,
        todos0_.deadline as deadline3_3_1_,
        todos0_.is_editing as is_editi4_3_1_,
        todos0_.last_update_id as last_upd5_3_1_,
        todos0_.room_num as room_num8_3_1_,
        todos0_.status as status6_3_1_,
        todos0_.todo_index as todo_ind7_3_1_ 
    from
        todo todos0_ 
    where
        todos0_.room_num=?
2022-06-09 15:36:10.398 DEBUG 89373 --- [    Test worker] org.hibernate.SQL                        : 
    select
        todos0_.room_num as room_num8_3_0_,
        todos0_.id as id1_3_0_,
        todos0_.id as id1_3_1_,
        todos0_.content as content2_3_1_,
        todos0_.deadline as deadline3_3_1_,
        todos0_.is_editing as is_editi4_3_1_,
        todos0_.last_update_id as last_upd5_3_1_,
        todos0_.room_num as room_num8_3_1_,
        todos0_.status as status6_3_1_,
        todos0_.todo_index as todo_ind7_3_1_ 
    from
        todo todos0_ 
    where
        todos0_.room_num=?
2022-06-09 15:36:10.552 DEBUG 89373 --- [    Test worker] org.hibernate.SQL                        : 
    select
        todos0_.room_num as room_num8_3_0_,
        todos0_.id as id1_3_0_,
        todos0_.id as id1_3_1_,
        todos0_.content as content2_3_1_,
        todos0_.deadline as deadline3_3_1_,
        todos0_.is_editing as is_editi4_3_1_,
        todos0_.last_update_id as last_upd5_3_1_,
        todos0_.room_num as room_num8_3_1_,
        todos0_.status as status6_3_1_,
        todos0_.todo_index as todo_ind7_3_1_ 
    from
        todo todos0_ 
    where
        todos0_.room_num=?
2022-06-09 15:36:10.704 DEBUG 89373 --- [    Test worker] org.hibernate.SQL                        : 
    select
        todos0_.room_num as room_num8_3_0_,
        todos0_.id as id1_3_0_,
        todos0_.id as id1_3_1_,
        todos0_.content as content2_3_1_,
        todos0_.deadline as deadline3_3_1_,
        todos0_.is_editing as is_editi4_3_1_,
        todos0_.last_update_id as last_upd5_3_1_,
        todos0_.room_num as room_num8_3_1_,
        todos0_.status as status6_3_1_,
        todos0_.todo_index as todo_ind7_3_1_ 
    from
        todo todos0_ 
    where
        todos0_.room_num=?
2022-06-09 15:36:10.858 DEBUG 89373 --- [    Test worker] org.hibernate.SQL                        : 
    select
        todos0_.room_num as room_num8_3_0_,
        todos0_.id as id1_3_0_,
        todos0_.id as id1_3_1_,
        todos0_.content as content2_3_1_,
        todos0_.deadline as deadline3_3_1_,
        todos0_.is_editing as is_editi4_3_1_,
        todos0_.last_update_id as last_upd5_3_1_,
        todos0_.room_num as room_num8_3_1_,
        todos0_.status as status6_3_1_,
        todos0_.todo_index as todo_ind7_3_1_ 
    from
        todo todos0_ 
    where
        todos0_.room_num=?
2022-06-09 15:36:11.012 DEBUG 89373 --- [    Test worker] org.hibernate.SQL                        : 
    select
        todos0_.room_num as room_num8_3_0_,
        todos0_.id as id1_3_0_,
        todos0_.id as id1_3_1_,
        todos0_.content as content2_3_1_,
        todos0_.deadline as deadline3_3_1_,
        todos0_.is_editing as is_editi4_3_1_,
        todos0_.last_update_id as last_upd5_3_1_,
        todos0_.room_num as room_num8_3_1_,
        todos0_.status as status6_3_1_,
        todos0_.todo_index as todo_ind7_3_1_ 
    from
        todo todos0_ 
    where
        todos0_.room_num=?
2022-06-09 15:36:11.165 DEBUG 89373 --- [    Test worker] org.hibernate.SQL                        : 
    select
        todos0_.room_num as room_num8_3_0_,
        todos0_.id as id1_3_0_,
        todos0_.id as id1_3_1_,
        todos0_.content as content2_3_1_,
        todos0_.deadline as deadline3_3_1_,
        todos0_.is_editing as is_editi4_3_1_,
        todos0_.last_update_id as last_upd5_3_1_,
        todos0_.room_num as room_num8_3_1_,
        todos0_.status as status6_3_1_,
        todos0_.todo_index as todo_ind7_3_1_ 
    from
        todo todos0_ 
    where
        todos0_.room_num=?
2022-06-09 15:36:11.325 DEBUG 89373 --- [    Test worker] org.hibernate.SQL                        : 
    select
        todos0_.room_num as room_num8_3_0_,
        todos0_.id as id1_3_0_,
        todos0_.id as id1_3_1_,
        todos0_.content as content2_3_1_,
        todos0_.deadline as deadline3_3_1_,
        todos0_.is_editing as is_editi4_3_1_,
        todos0_.last_update_id as last_upd5_3_1_,
        todos0_.room_num as room_num8_3_1_,
        todos0_.status as status6_3_1_,
        todos0_.todo_index as todo_ind7_3_1_ 
    from
        todo todos0_ 
    where
        todos0_.room_num=?
2022-06-09 15:36:11.478 DEBUG 89373 --- [    Test worker] org.hibernate.SQL                        : 
    select
        todos0_.room_num as room_num8_3_0_,
        todos0_.id as id1_3_0_,
        todos0_.id as id1_3_1_,
        todos0_.content as content2_3_1_,
        todos0_.deadline as deadline3_3_1_,
        todos0_.is_editing as is_editi4_3_1_,
        todos0_.last_update_id as last_upd5_3_1_,
        todos0_.room_num as room_num8_3_1_,
        todos0_.status as status6_3_1_,
        todos0_.todo_index as todo_ind7_3_1_ 
    from
        todo todos0_ 
    where
        todos0_.room_num=?
2022-06-09 15:36:11.630 DEBUG 89373 --- [    Test worker] org.hibernate.SQL                        : 
    select
        todos0_.room_num as room_num8_3_0_,
        todos0_.id as id1_3_0_,
        todos0_.id as id1_3_1_,
        todos0_.content as content2_3_1_,
        todos0_.deadline as deadline3_3_1_,
        todos0_.is_editing as is_editi4_3_1_,
        todos0_.last_update_id as last_upd5_3_1_,
        todos0_.room_num as room_num8_3_1_,
        todos0_.status as status6_3_1_,
        todos0_.todo_index as todo_ind7_3_1_ 
    from
        todo todos0_ 
    where
        todos0_.room_num=?
2022-06-09 15:36:11.784 DEBUG 89373 --- [    Test worker] org.hibernate.SQL                        : 
    select
        todos0_.room_num as room_num8_3_0_,
        todos0_.id as id1_3_0_,
        todos0_.id as id1_3_1_,
        todos0_.content as content2_3_1_,
        todos0_.deadline as deadline3_3_1_,
        todos0_.is_editing as is_editi4_3_1_,
        todos0_.last_update_id as last_upd5_3_1_,
        todos0_.room_num as room_num8_3_1_,
        todos0_.status as status6_3_1_,
        todos0_.todo_index as todo_ind7_3_1_ 
    from
        todo todos0_ 
    where
        todos0_.room_num=?
2022-06-09 15:36:11.937 DEBUG 89373 --- [    Test worker] org.hibernate.SQL                        : 
    select
        todos0_.room_num as room_num8_3_0_,
        todos0_.id as id1_3_0_,
        todos0_.id as id1_3_1_,
        todos0_.content as content2_3_1_,
        todos0_.deadline as deadline3_3_1_,
        todos0_.is_editing as is_editi4_3_1_,
        todos0_.last_update_id as last_upd5_3_1_,
        todos0_.room_num as room_num8_3_1_,
        todos0_.status as status6_3_1_,
        todos0_.todo_index as todo_ind7_3_1_ 
    from
        todo todos0_ 
    where
        todos0_.room_num=?
2022-06-09 15:36:12.091 DEBUG 89373 --- [    Test worker] org.hibernate.SQL                        : 
    select
        todos0_.room_num as room_num8_3_0_,
        todos0_.id as id1_3_0_,
        todos0_.id as id1_3_1_,
        todos0_.content as content2_3_1_,
        todos0_.deadline as deadline3_3_1_,
        todos0_.is_editing as is_editi4_3_1_,
        todos0_.last_update_id as last_upd5_3_1_,
        todos0_.room_num as room_num8_3_1_,
        todos0_.status as status6_3_1_,
        todos0_.todo_index as todo_ind7_3_1_ 
    from
        todo todos0_ 
    where
        todos0_.room_num=?
2022-06-09 15:36:12.244 DEBUG 89373 --- [    Test worker] org.hibernate.SQL                        : 
    select
        todos0_.room_num as room_num8_3_0_,
        todos0_.id as id1_3_0_,
        todos0_.id as id1_3_1_,
        todos0_.content as content2_3_1_,
        todos0_.deadline as deadline3_3_1_,
        todos0_.is_editing as is_editi4_3_1_,
        todos0_.last_update_id as last_upd5_3_1_,
        todos0_.room_num as room_num8_3_1_,
        todos0_.status as status6_3_1_,
        todos0_.todo_index as todo_ind7_3_1_ 
    from
        todo todos0_ 
    where
        todos0_.room_num=?
2022-06-09 15:36:12.717  INFO 89373 --- [    Test worker] o.s.t.c.transaction.TransactionContext   : Rolled back transaction for test: [DefaultTestContext@3123ba75 testClass = RoomServiceTest, testInstance = Wap.Todo.service.RoomServiceTest@55b78dad, testMethod = invitingUser@RoomServiceTest, testException = [null], mergedContextConfiguration = [WebMergedContextConfiguration@4587f0f9 testClass = RoomServiceTest, locations = '{}', classes = '{class Wap.Todo.TodoApplication}', contextInitializerClasses = '[]', activeProfiles = '{}', propertySourceLocations = '{}', propertySourceProperties = '{org.springframework.boot.test.context.SpringBootTestContextBootstrapper=true}', contextCustomizers = set[org.springframework.boot.test.autoconfigure.actuate.metrics.MetricsExportContextCustomizerFactory$DisableMetricExportContextCustomizer@7e5c856f, org.springframework.boot.test.autoconfigure.properties.PropertyMappingContextCustomizer@0, org.springframework.boot.test.autoconfigure.web.servlet.WebDriverContextCustomizerFactory$Customizer@58ce9668, org.springframework.boot.test.context.filter.ExcludeFilterContextCustomizer@1fa1cab1, org.springframework.boot.test.json.DuplicateJsonObjectContextCustomizerFactory$DuplicateJsonObjectContextCustomizer@51fadaff, org.springframework.boot.test.mock.mockito.MockitoContextCustomizer@0, org.springframework.boot.test.web.client.TestRestTemplateContextCustomizer@6c2c1385, org.springframework.boot.test.context.SpringBootTestArgs@1, org.springframework.boot.test.context.SpringBootTestWebEnvironment@2e377400], resourceBasePath = 'src/main/webapp', contextLoader = 'org.springframework.boot.test.context.SpringBootContextLoader', parent = [null]], attributes = map['org.springframework.test.context.web.ServletTestExecutionListener.activateListener' -> true, 'org.springframework.test.context.web.ServletTestExecutionListener.populatedRequestContextHolder' -> true, 'org.springframework.test.context.web.ServletTestExecutionListener.resetRequestContextHolder' -> true, 'org.springframework.test.context.event.ApplicationEventsTestExecutionListener.recordApplicationEvents' -> false]]
2022-06-09 15:36:12.874  INFO 89373 --- [    Test worker] o.s.t.c.transaction.TransactionContext   : Began transaction (1) for test context [DefaultTestContext@3123ba75 testClass = RoomServiceTest, testInstance = Wap.Todo.service.RoomServiceTest@1f3f0d25, testMethod = deleteRoom@RoomServiceTest, testException = [null], mergedContextConfiguration = [WebMergedContextConfiguration@4587f0f9 testClass = RoomServiceTest, locations = '{}', classes = '{class Wap.Todo.TodoApplication}', contextInitializerClasses = '[]', activeProfiles = '{}', propertySourceLocations = '{}', propertySourceProperties = '{org.springframework.boot.test.context.SpringBootTestContextBootstrapper=true}', contextCustomizers = set[org.springframework.boot.test.autoconfigure.actuate.metrics.MetricsExportContextCustomizerFactory$DisableMetricExportContextCustomizer@7e5c856f, org.springframework.boot.test.autoconfigure.properties.PropertyMappingContextCustomizer@0, org.springframework.boot.test.autoconfigure.web.servlet.WebDriverContextCustomizerFactory$Customizer@58ce9668, org.springframework.boot.test.context.filter.ExcludeFilterContextCustomizer@1fa1cab1, org.springframework.boot.test.json.DuplicateJsonObjectContextCustomizerFactory$DuplicateJsonObjectContextCustomizer@51fadaff, org.springframework.boot.test.mock.mockito.MockitoContextCustomizer@0, org.springframework.boot.test.web.client.TestRestTemplateContextCustomizer@6c2c1385, org.springframework.boot.test.context.SpringBootTestArgs@1, org.springframework.boot.test.context.SpringBootTestWebEnvironment@2e377400], resourceBasePath = 'src/main/webapp', contextLoader = 'org.springframework.boot.test.context.SpringBootContextLoader', parent = [null]], attributes = map['org.springframework.test.context.web.ServletTestExecutionListener.activateListener' -> true, 'org.springframework.test.context.web.ServletTestExecutionListener.populatedRequestContextHolder' -> true, 'org.springframework.test.context.web.ServletTestExecutionListener.resetRequestContextHolder' -> true, 'org.springframework.test.context.event.ApplicationEventsTestExecutionListener.recordApplicationEvents' -> false]]; transaction manager [org.springframework.orm.jpa.JpaTransactionManager@125a8ab6]; rollback [true]
2022-06-09 15:36:12.877 DEBUG 89373 --- [    Test worker] org.hibernate.SQL                        : 
    select
        count(*) as col_0_0_ 
    from
        member member0_ 
    where
        member0_.id=?
2022-06-09 15:36:13.032 DEBUG 89373 --- [    Test worker] org.hibernate.SQL                        : 
    select
        member0_.id as id1_0_0_,
        member0_.email as email2_0_0_,
        member0_.name as name3_0_0_,
        member0_.pw as pw4_0_0_ 
    from
        member member0_ 
    where
        member0_.id=?
2022-06-09 15:36:13.184 DEBUG 89373 --- [    Test worker] org.hibernate.SQL                        : 
    insert 
    into
        member
        (email, name, pw, id) 
    values
        (?, ?, ?, ?)
2022-06-09 15:36:13.336 DEBUG 89373 --- [    Test worker] org.hibernate.SQL                        : 
    insert 
    into
        room
        (code, introduce, master, title) 
    values
        (?, ?, ?, ?)
Room(num=436, master=id, title=제목, introduce=test, code=b71e3820-d, todos=[])
2022-06-09 15:36:13.490 DEBUG 89373 --- [    Test worker] org.hibernate.SQL                        : 
    select
        count(*) as col_0_0_ 
    from
        room room0_ 
    where
        room0_.num=?
2022-06-09 15:36:13.649 DEBUG 89373 --- [    Test worker] org.hibernate.SQL                        : 
    delete 
    from
        room 
    where
        num=?
2022-06-09 15:36:13.807 DEBUG 89373 --- [    Test worker] org.hibernate.SQL                        : 
    select
        count(*) as col_0_0_ 
    from
        room room0_ 
    where
        room0_.num=?
2022-06-09 15:36:14.267  INFO 89373 --- [    Test worker] o.s.t.c.transaction.TransactionContext   : Rolled back transaction for test: [DefaultTestContext@3123ba75 testClass = RoomServiceTest, testInstance = Wap.Todo.service.RoomServiceTest@1f3f0d25, testMethod = deleteRoom@RoomServiceTest, testException = [null], mergedContextConfiguration = [WebMergedContextConfiguration@4587f0f9 testClass = RoomServiceTest, locations = '{}', classes = '{class Wap.Todo.TodoApplication}', contextInitializerClasses = '[]', activeProfiles = '{}', propertySourceLocations = '{}', propertySourceProperties = '{org.springframework.boot.test.context.SpringBootTestContextBootstrapper=true}', contextCustomizers = set[org.springframework.boot.test.autoconfigure.actuate.metrics.MetricsExportContextCustomizerFactory$DisableMetricExportContextCustomizer@7e5c856f, org.springframework.boot.test.autoconfigure.properties.PropertyMappingContextCustomizer@0, org.springframework.boot.test.autoconfigure.web.servlet.WebDriverContextCustomizerFactory$Customizer@58ce9668, org.springframework.boot.test.context.filter.ExcludeFilterContextCustomizer@1fa1cab1, org.springframework.boot.test.json.DuplicateJsonObjectContextCustomizerFactory$DuplicateJsonObjectContextCustomizer@51fadaff, org.springframework.boot.test.mock.mockito.MockitoContextCustomizer@0, org.springframework.boot.test.web.client.TestRestTemplateContextCustomizer@6c2c1385, org.springframework.boot.test.context.SpringBootTestArgs@1, org.springframework.boot.test.context.SpringBootTestWebEnvironment@2e377400], resourceBasePath = 'src/main/webapp', contextLoader = 'org.springframework.boot.test.context.SpringBootContextLoader', parent = [null]], attributes = map['org.springframework.test.context.web.ServletTestExecutionListener.activateListener' -> true, 'org.springframework.test.context.web.ServletTestExecutionListener.populatedRequestContextHolder' -> true, 'org.springframework.test.context.web.ServletTestExecutionListener.resetRequestContextHolder' -> true, 'org.springframework.test.context.event.ApplicationEventsTestExecutionListener.recordApplicationEvents' -> false]]
]]></system-out>
  <system-err><![CDATA[]]></system-err>
</testsuite>
