<?xml version="1.0" encoding="UTF-8"?>
<testsuite name="Wap.Todo.service.UserServiceTest" tests="4" skipped="0" failures="0" errors="0" timestamp="2022-06-09T06:52:45" hostname="nuyh.local" time="4.774">
  <properties/>
  <testcase name="중복 회원가입" classname="Wap.Todo.service.UserServiceTest" time="1.077"/>
  <testcase name="회원가입" classname="Wap.Todo.service.UserServiceTest" time="0.775"/>
  <testcase name="로그인" classname="Wap.Todo.service.UserServiceTest" time="1.676"/>
  <testcase name="방 목록 가져오기" classname="Wap.Todo.service.UserServiceTest" time="1.238"/>
  <system-out><![CDATA[2022-06-09 15:52:45.098  INFO 90100 --- [    Test worker] .b.t.c.SpringBootTestContextBootstrapper : Neither @ContextConfiguration nor @ContextHierarchy found for test class [Wap.Todo.service.UserServiceTest], using SpringBootContextLoader
2022-06-09 15:52:45.101  INFO 90100 --- [    Test worker] o.s.t.c.support.AbstractContextLoader    : Could not detect default resource locations for test class [Wap.Todo.service.UserServiceTest]: no resource found for suffixes {-context.xml, Context.groovy}.
2022-06-09 15:52:45.101  INFO 90100 --- [    Test worker] t.c.s.AnnotationConfigContextLoaderUtils : Could not detect default configuration classes for test class [Wap.Todo.service.UserServiceTest]: UserServiceTest does not declare any static, non-private, non-final, nested classes annotated with @Configuration.
2022-06-09 15:52:45.103  INFO 90100 --- [    Test worker] .b.t.c.SpringBootTestContextBootstrapper : Found @SpringBootConfiguration Wap.Todo.TodoApplication for test class Wap.Todo.service.UserServiceTest
2022-06-09 15:52:45.104  INFO 90100 --- [    Test worker] .b.t.c.SpringBootTestContextBootstrapper : Loaded default TestExecutionListener class names from location [META-INF/spring.factories]: [org.springframework.boot.test.autoconfigure.restdocs.RestDocsTestExecutionListener, org.springframework.boot.test.autoconfigure.web.client.MockRestServiceServerResetTestExecutionListener, org.springframework.boot.test.autoconfigure.web.servlet.MockMvcPrintOnlyOnFailureTestExecutionListener, org.springframework.boot.test.autoconfigure.web.servlet.WebDriverTestExecutionListener, org.springframework.boot.test.autoconfigure.webservices.client.MockWebServiceServerTestExecutionListener, org.springframework.boot.test.mock.mockito.MockitoTestExecutionListener, org.springframework.boot.test.mock.mockito.ResetMocksTestExecutionListener, org.springframework.test.context.web.ServletTestExecutionListener, org.springframework.test.context.support.DirtiesContextBeforeModesTestExecutionListener, org.springframework.test.context.event.ApplicationEventsTestExecutionListener, org.springframework.test.context.support.DependencyInjectionTestExecutionListener, org.springframework.test.context.support.DirtiesContextTestExecutionListener, org.springframework.test.context.transaction.TransactionalTestExecutionListener, org.springframework.test.context.jdbc.SqlScriptsTestExecutionListener, org.springframework.test.context.event.EventPublishingTestExecutionListener]
2022-06-09 15:52:45.104  INFO 90100 --- [    Test worker] .b.t.c.SpringBootTestContextBootstrapper : Using TestExecutionListeners: [org.springframework.test.context.web.ServletTestExecutionListener@8bd9d08, org.springframework.test.context.support.DirtiesContextBeforeModesTestExecutionListener@189f3ccd, org.springframework.test.context.event.ApplicationEventsTestExecutionListener@2eb0932c, org.springframework.boot.test.mock.mockito.MockitoTestExecutionListener@82382d1, org.springframework.boot.test.autoconfigure.SpringBootDependencyInjectionTestExecutionListener@6c120b00, org.springframework.test.context.support.DirtiesContextTestExecutionListener@d8a2b1b, org.springframework.test.context.transaction.TransactionalTestExecutionListener@2709e075, org.springframework.test.context.jdbc.SqlScriptsTestExecutionListener@3328db4f, org.springframework.test.context.event.EventPublishingTestExecutionListener@4f9e9c21, org.springframework.boot.test.autoconfigure.restdocs.RestDocsTestExecutionListener@1390a43a, org.springframework.boot.test.autoconfigure.web.client.MockRestServiceServerResetTestExecutionListener@7bf2e475, org.springframework.boot.test.autoconfigure.web.servlet.MockMvcPrintOnlyOnFailureTestExecutionListener@e75bae7, org.springframework.boot.test.autoconfigure.web.servlet.WebDriverTestExecutionListener@3531509c, org.springframework.boot.test.autoconfigure.webservices.client.MockWebServiceServerTestExecutionListener@23169374, org.springframework.boot.test.mock.mockito.ResetMocksTestExecutionListener@4f2b1a2f]
2022-06-09 15:52:45.263  INFO 90100 --- [    Test worker] o.s.t.c.transaction.TransactionContext   : Began transaction (1) for test context [DefaultTestContext@53570fff testClass = UserServiceTest, testInstance = Wap.Todo.service.UserServiceTest@6e5df971, testMethod = duplicateJoin@UserServiceTest, testException = [null], mergedContextConfiguration = [WebMergedContextConfiguration@3c7787a7 testClass = UserServiceTest, locations = '{}', classes = '{class Wap.Todo.TodoApplication}', contextInitializerClasses = '[]', activeProfiles = '{}', propertySourceLocations = '{}', propertySourceProperties = '{org.springframework.boot.test.context.SpringBootTestContextBootstrapper=true}', contextCustomizers = set[org.springframework.boot.test.autoconfigure.actuate.metrics.MetricsExportContextCustomizerFactory$DisableMetricExportContextCustomizer@7e5c856f, org.springframework.boot.test.autoconfigure.properties.PropertyMappingContextCustomizer@0, org.springframework.boot.test.autoconfigure.web.servlet.WebDriverContextCustomizerFactory$Customizer@58ce9668, org.springframework.boot.test.context.filter.ExcludeFilterContextCustomizer@1fa1cab1, org.springframework.boot.test.json.DuplicateJsonObjectContextCustomizerFactory$DuplicateJsonObjectContextCustomizer@51fadaff, org.springframework.boot.test.mock.mockito.MockitoContextCustomizer@0, org.springframework.boot.test.web.client.TestRestTemplateContextCustomizer@6c2c1385, org.springframework.boot.test.context.SpringBootTestArgs@1, org.springframework.boot.test.context.SpringBootTestWebEnvironment@2e377400], resourceBasePath = 'src/main/webapp', contextLoader = 'org.springframework.boot.test.context.SpringBootContextLoader', parent = [null]], attributes = map['org.springframework.test.context.web.ServletTestExecutionListener.activateListener' -> true, 'org.springframework.test.context.web.ServletTestExecutionListener.populatedRequestContextHolder' -> true, 'org.springframework.test.context.web.ServletTestExecutionListener.resetRequestContextHolder' -> true, 'org.springframework.test.context.event.ApplicationEventsTestExecutionListener.recordApplicationEvents' -> false]]; transaction manager [org.springframework.orm.jpa.JpaTransactionManager@34001c5d]; rollback [true]
2022-06-09 15:52:45.266 DEBUG 90100 --- [    Test worker] org.hibernate.SQL                        : 
    select
        count(*) as col_0_0_ 
    from
        member member0_ 
    where
        member0_.id=?
2022-06-09 15:52:45.419 DEBUG 90100 --- [    Test worker] org.hibernate.SQL                        : 
    select
        member0_.id as id1_0_0_,
        member0_.email as email2_0_0_,
        member0_.name as name3_0_0_,
        member0_.pw as pw4_0_0_ 
    from
        member member0_ 
    where
        member0_.id=?
2022-06-09 15:52:45.573 DEBUG 90100 --- [    Test worker] org.hibernate.SQL                        : 
    insert 
    into
        member
        (email, name, pw, id) 
    values
        (?, ?, ?, ?)
2022-06-09 15:52:45.725 DEBUG 90100 --- [    Test worker] org.hibernate.SQL                        : 
    select
        count(*) as col_0_0_ 
    from
        member member0_ 
    where
        member0_.id=?
2022-06-09 15:52:46.185  INFO 90100 --- [    Test worker] o.s.t.c.transaction.TransactionContext   : Rolled back transaction for test: [DefaultTestContext@53570fff testClass = UserServiceTest, testInstance = Wap.Todo.service.UserServiceTest@6e5df971, testMethod = duplicateJoin@UserServiceTest, testException = [null], mergedContextConfiguration = [WebMergedContextConfiguration@3c7787a7 testClass = UserServiceTest, locations = '{}', classes = '{class Wap.Todo.TodoApplication}', contextInitializerClasses = '[]', activeProfiles = '{}', propertySourceLocations = '{}', propertySourceProperties = '{org.springframework.boot.test.context.SpringBootTestContextBootstrapper=true}', contextCustomizers = set[org.springframework.boot.test.autoconfigure.actuate.metrics.MetricsExportContextCustomizerFactory$DisableMetricExportContextCustomizer@7e5c856f, org.springframework.boot.test.autoconfigure.properties.PropertyMappingContextCustomizer@0, org.springframework.boot.test.autoconfigure.web.servlet.WebDriverContextCustomizerFactory$Customizer@58ce9668, org.springframework.boot.test.context.filter.ExcludeFilterContextCustomizer@1fa1cab1, org.springframework.boot.test.json.DuplicateJsonObjectContextCustomizerFactory$DuplicateJsonObjectContextCustomizer@51fadaff, org.springframework.boot.test.mock.mockito.MockitoContextCustomizer@0, org.springframework.boot.test.web.client.TestRestTemplateContextCustomizer@6c2c1385, org.springframework.boot.test.context.SpringBootTestArgs@1, org.springframework.boot.test.context.SpringBootTestWebEnvironment@2e377400], resourceBasePath = 'src/main/webapp', contextLoader = 'org.springframework.boot.test.context.SpringBootContextLoader', parent = [null]], attributes = map['org.springframework.test.context.web.ServletTestExecutionListener.activateListener' -> true, 'org.springframework.test.context.web.ServletTestExecutionListener.populatedRequestContextHolder' -> true, 'org.springframework.test.context.web.ServletTestExecutionListener.resetRequestContextHolder' -> true, 'org.springframework.test.context.event.ApplicationEventsTestExecutionListener.recordApplicationEvents' -> false]]
2022-06-09 15:52:46.341  INFO 90100 --- [    Test worker] o.s.t.c.transaction.TransactionContext   : Began transaction (1) for test context [DefaultTestContext@53570fff testClass = UserServiceTest, testInstance = Wap.Todo.service.UserServiceTest@3ae91bcc, testMethod = join@UserServiceTest, testException = [null], mergedContextConfiguration = [WebMergedContextConfiguration@3c7787a7 testClass = UserServiceTest, locations = '{}', classes = '{class Wap.Todo.TodoApplication}', contextInitializerClasses = '[]', activeProfiles = '{}', propertySourceLocations = '{}', propertySourceProperties = '{org.springframework.boot.test.context.SpringBootTestContextBootstrapper=true}', contextCustomizers = set[org.springframework.boot.test.autoconfigure.actuate.metrics.MetricsExportContextCustomizerFactory$DisableMetricExportContextCustomizer@7e5c856f, org.springframework.boot.test.autoconfigure.properties.PropertyMappingContextCustomizer@0, org.springframework.boot.test.autoconfigure.web.servlet.WebDriverContextCustomizerFactory$Customizer@58ce9668, org.springframework.boot.test.context.filter.ExcludeFilterContextCustomizer@1fa1cab1, org.springframework.boot.test.json.DuplicateJsonObjectContextCustomizerFactory$DuplicateJsonObjectContextCustomizer@51fadaff, org.springframework.boot.test.mock.mockito.MockitoContextCustomizer@0, org.springframework.boot.test.web.client.TestRestTemplateContextCustomizer@6c2c1385, org.springframework.boot.test.context.SpringBootTestArgs@1, org.springframework.boot.test.context.SpringBootTestWebEnvironment@2e377400], resourceBasePath = 'src/main/webapp', contextLoader = 'org.springframework.boot.test.context.SpringBootContextLoader', parent = [null]], attributes = map['org.springframework.test.context.web.ServletTestExecutionListener.activateListener' -> true, 'org.springframework.test.context.web.ServletTestExecutionListener.populatedRequestContextHolder' -> true, 'org.springframework.test.context.web.ServletTestExecutionListener.resetRequestContextHolder' -> true, 'org.springframework.test.context.event.ApplicationEventsTestExecutionListener.recordApplicationEvents' -> false]]; transaction manager [org.springframework.orm.jpa.JpaTransactionManager@34001c5d]; rollback [true]
2022-06-09 15:52:46.344 DEBUG 90100 --- [    Test worker] org.hibernate.SQL                        : 
    select
        count(*) as col_0_0_ 
    from
        member member0_ 
    where
        member0_.id=?
2022-06-09 15:52:46.500 DEBUG 90100 --- [    Test worker] org.hibernate.SQL                        : 
    select
        member0_.id as id1_0_0_,
        member0_.email as email2_0_0_,
        member0_.name as name3_0_0_,
        member0_.pw as pw4_0_0_ 
    from
        member member0_ 
    where
        member0_.id=?
2022-06-09 15:52:46.964  INFO 90100 --- [    Test worker] o.s.t.c.transaction.TransactionContext   : Rolled back transaction for test: [DefaultTestContext@53570fff testClass = UserServiceTest, testInstance = Wap.Todo.service.UserServiceTest@3ae91bcc, testMethod = join@UserServiceTest, testException = [null], mergedContextConfiguration = [WebMergedContextConfiguration@3c7787a7 testClass = UserServiceTest, locations = '{}', classes = '{class Wap.Todo.TodoApplication}', contextInitializerClasses = '[]', activeProfiles = '{}', propertySourceLocations = '{}', propertySourceProperties = '{org.springframework.boot.test.context.SpringBootTestContextBootstrapper=true}', contextCustomizers = set[org.springframework.boot.test.autoconfigure.actuate.metrics.MetricsExportContextCustomizerFactory$DisableMetricExportContextCustomizer@7e5c856f, org.springframework.boot.test.autoconfigure.properties.PropertyMappingContextCustomizer@0, org.springframework.boot.test.autoconfigure.web.servlet.WebDriverContextCustomizerFactory$Customizer@58ce9668, org.springframework.boot.test.context.filter.ExcludeFilterContextCustomizer@1fa1cab1, org.springframework.boot.test.json.DuplicateJsonObjectContextCustomizerFactory$DuplicateJsonObjectContextCustomizer@51fadaff, org.springframework.boot.test.mock.mockito.MockitoContextCustomizer@0, org.springframework.boot.test.web.client.TestRestTemplateContextCustomizer@6c2c1385, org.springframework.boot.test.context.SpringBootTestArgs@1, org.springframework.boot.test.context.SpringBootTestWebEnvironment@2e377400], resourceBasePath = 'src/main/webapp', contextLoader = 'org.springframework.boot.test.context.SpringBootContextLoader', parent = [null]], attributes = map['org.springframework.test.context.web.ServletTestExecutionListener.activateListener' -> true, 'org.springframework.test.context.web.ServletTestExecutionListener.populatedRequestContextHolder' -> true, 'org.springframework.test.context.web.ServletTestExecutionListener.resetRequestContextHolder' -> true, 'org.springframework.test.context.event.ApplicationEventsTestExecutionListener.recordApplicationEvents' -> false]]
2022-06-09 15:52:47.120  INFO 90100 --- [    Test worker] o.s.t.c.transaction.TransactionContext   : Began transaction (1) for test context [DefaultTestContext@53570fff testClass = UserServiceTest, testInstance = Wap.Todo.service.UserServiceTest@1ece052b, testMethod = login@UserServiceTest, testException = [null], mergedContextConfiguration = [WebMergedContextConfiguration@3c7787a7 testClass = UserServiceTest, locations = '{}', classes = '{class Wap.Todo.TodoApplication}', contextInitializerClasses = '[]', activeProfiles = '{}', propertySourceLocations = '{}', propertySourceProperties = '{org.springframework.boot.test.context.SpringBootTestContextBootstrapper=true}', contextCustomizers = set[org.springframework.boot.test.autoconfigure.actuate.metrics.MetricsExportContextCustomizerFactory$DisableMetricExportContextCustomizer@7e5c856f, org.springframework.boot.test.autoconfigure.properties.PropertyMappingContextCustomizer@0, org.springframework.boot.test.autoconfigure.web.servlet.WebDriverContextCustomizerFactory$Customizer@58ce9668, org.springframework.boot.test.context.filter.ExcludeFilterContextCustomizer@1fa1cab1, org.springframework.boot.test.json.DuplicateJsonObjectContextCustomizerFactory$DuplicateJsonObjectContextCustomizer@51fadaff, org.springframework.boot.test.mock.mockito.MockitoContextCustomizer@0, org.springframework.boot.test.web.client.TestRestTemplateContextCustomizer@6c2c1385, org.springframework.boot.test.context.SpringBootTestArgs@1, org.springframework.boot.test.context.SpringBootTestWebEnvironment@2e377400], resourceBasePath = 'src/main/webapp', contextLoader = 'org.springframework.boot.test.context.SpringBootContextLoader', parent = [null]], attributes = map['org.springframework.test.context.web.ServletTestExecutionListener.activateListener' -> true, 'org.springframework.test.context.web.ServletTestExecutionListener.populatedRequestContextHolder' -> true, 'org.springframework.test.context.web.ServletTestExecutionListener.resetRequestContextHolder' -> true, 'org.springframework.test.context.event.ApplicationEventsTestExecutionListener.recordApplicationEvents' -> false]]; transaction manager [org.springframework.orm.jpa.JpaTransactionManager@34001c5d]; rollback [true]
2022-06-09 15:52:47.124 DEBUG 90100 --- [    Test worker] org.hibernate.SQL                        : 
    select
        count(*) as col_0_0_ 
    from
        member member0_ 
    where
        member0_.id=?
2022-06-09 15:52:47.280 DEBUG 90100 --- [    Test worker] org.hibernate.SQL                        : 
    select
        member0_.id as id1_0_0_,
        member0_.email as email2_0_0_,
        member0_.name as name3_0_0_,
        member0_.pw as pw4_0_0_ 
    from
        member member0_ 
    where
        member0_.id=?
2022-06-09 15:52:47.439 DEBUG 90100 --- [    Test worker] org.hibernate.SQL                        : 
    insert 
    into
        member
        (email, name, pw, id) 
    values
        (?, ?, ?, ?)
2022-06-09 15:52:47.594 DEBUG 90100 --- [    Test worker] org.hibernate.SQL                        : 
    select
        count(*) as col_0_0_ 
    from
        member member0_ 
    where
        member0_.id=?
2022-06-09 15:52:47.751 DEBUG 90100 --- [    Test worker] org.hibernate.SQL                        : 
    select
        count(*) as col_0_0_ 
    from
        member member0_ 
    where
        member0_.id=?
2022-06-09 15:52:47.905 DEBUG 90100 --- [    Test worker] org.hibernate.SQL                        : 
    select
        count(*) as col_0_0_ 
    from
        member member0_ 
    where
        member0_.id=?
Member(id=test, pw=123, name=null, email=null)
2022-06-09 15:52:48.643  INFO 90100 --- [    Test worker] o.s.t.c.transaction.TransactionContext   : Rolled back transaction for test: [DefaultTestContext@53570fff testClass = UserServiceTest, testInstance = Wap.Todo.service.UserServiceTest@1ece052b, testMethod = login@UserServiceTest, testException = [null], mergedContextConfiguration = [WebMergedContextConfiguration@3c7787a7 testClass = UserServiceTest, locations = '{}', classes = '{class Wap.Todo.TodoApplication}', contextInitializerClasses = '[]', activeProfiles = '{}', propertySourceLocations = '{}', propertySourceProperties = '{org.springframework.boot.test.context.SpringBootTestContextBootstrapper=true}', contextCustomizers = set[org.springframework.boot.test.autoconfigure.actuate.metrics.MetricsExportContextCustomizerFactory$DisableMetricExportContextCustomizer@7e5c856f, org.springframework.boot.test.autoconfigure.properties.PropertyMappingContextCustomizer@0, org.springframework.boot.test.autoconfigure.web.servlet.WebDriverContextCustomizerFactory$Customizer@58ce9668, org.springframework.boot.test.context.filter.ExcludeFilterContextCustomizer@1fa1cab1, org.springframework.boot.test.json.DuplicateJsonObjectContextCustomizerFactory$DuplicateJsonObjectContextCustomizer@51fadaff, org.springframework.boot.test.mock.mockito.MockitoContextCustomizer@0, org.springframework.boot.test.web.client.TestRestTemplateContextCustomizer@6c2c1385, org.springframework.boot.test.context.SpringBootTestArgs@1, org.springframework.boot.test.context.SpringBootTestWebEnvironment@2e377400], resourceBasePath = 'src/main/webapp', contextLoader = 'org.springframework.boot.test.context.SpringBootContextLoader', parent = [null]], attributes = map['org.springframework.test.context.web.ServletTestExecutionListener.activateListener' -> true, 'org.springframework.test.context.web.ServletTestExecutionListener.populatedRequestContextHolder' -> true, 'org.springframework.test.context.web.ServletTestExecutionListener.resetRequestContextHolder' -> true, 'org.springframework.test.context.event.ApplicationEventsTestExecutionListener.recordApplicationEvents' -> false]]
2022-06-09 15:52:48.804  INFO 90100 --- [    Test worker] o.s.t.c.transaction.TransactionContext   : Began transaction (1) for test context [DefaultTestContext@53570fff testClass = UserServiceTest, testInstance = Wap.Todo.service.UserServiceTest@7136ad9a, testMethod = getRooms@UserServiceTest, testException = [null], mergedContextConfiguration = [WebMergedContextConfiguration@3c7787a7 testClass = UserServiceTest, locations = '{}', classes = '{class Wap.Todo.TodoApplication}', contextInitializerClasses = '[]', activeProfiles = '{}', propertySourceLocations = '{}', propertySourceProperties = '{org.springframework.boot.test.context.SpringBootTestContextBootstrapper=true}', contextCustomizers = set[org.springframework.boot.test.autoconfigure.actuate.metrics.MetricsExportContextCustomizerFactory$DisableMetricExportContextCustomizer@7e5c856f, org.springframework.boot.test.autoconfigure.properties.PropertyMappingContextCustomizer@0, org.springframework.boot.test.autoconfigure.web.servlet.WebDriverContextCustomizerFactory$Customizer@58ce9668, org.springframework.boot.test.context.filter.ExcludeFilterContextCustomizer@1fa1cab1, org.springframework.boot.test.json.DuplicateJsonObjectContextCustomizerFactory$DuplicateJsonObjectContextCustomizer@51fadaff, org.springframework.boot.test.mock.mockito.MockitoContextCustomizer@0, org.springframework.boot.test.web.client.TestRestTemplateContextCustomizer@6c2c1385, org.springframework.boot.test.context.SpringBootTestArgs@1, org.springframework.boot.test.context.SpringBootTestWebEnvironment@2e377400], resourceBasePath = 'src/main/webapp', contextLoader = 'org.springframework.boot.test.context.SpringBootContextLoader', parent = [null]], attributes = map['org.springframework.test.context.web.ServletTestExecutionListener.activateListener' -> true, 'org.springframework.test.context.web.ServletTestExecutionListener.populatedRequestContextHolder' -> true, 'org.springframework.test.context.web.ServletTestExecutionListener.resetRequestContextHolder' -> true, 'org.springframework.test.context.event.ApplicationEventsTestExecutionListener.recordApplicationEvents' -> false]]; transaction manager [org.springframework.orm.jpa.JpaTransactionManager@34001c5d]; rollback [true]
2022-06-09 15:52:48.808 DEBUG 90100 --- [    Test worker] org.hibernate.SQL                        : 
    select
        count(*) as col_0_0_ 
    from
        member member0_ 
    where
        member0_.id=?
2022-06-09 15:52:48.962 DEBUG 90100 --- [    Test worker] org.hibernate.SQL                        : 
    select
        member0_.id as id1_0_0_,
        member0_.email as email2_0_0_,
        member0_.name as name3_0_0_,
        member0_.pw as pw4_0_0_ 
    from
        member member0_ 
    where
        member0_.id=?
2022-06-09 15:52:49.117 DEBUG 90100 --- [    Test worker] org.hibernate.SQL                        : 
    select
        room0_.num as num1_2_1_,
        room0_.code as code2_2_1_,
        room0_.introduce as introduc3_2_1_,
        room0_.master as master4_2_1_,
        room0_.title as title5_2_1_,
        todos1_.room_num as room_num8_3_3_,
        todos1_.id as id1_3_3_,
        todos1_.id as id1_3_0_,
        todos1_.content as content2_3_0_,
        todos1_.deadline as deadline3_3_0_,
        todos1_.is_editing as is_editi4_3_0_,
        todos1_.last_update_id as last_upd5_3_0_,
        todos1_.room_num as room_num8_3_0_,
        todos1_.status as status6_3_0_,
        todos1_.todo_index as todo_ind7_3_0_ 
    from
        room room0_ 
    left outer join
        todo todos1_ 
            on room0_.num=todos1_.room_num 
    where
        room0_.num=?
2022-06-09 15:52:49.270 DEBUG 90100 --- [    Test worker] org.hibernate.SQL                        : 
    insert 
    into
        member
        (email, name, pw, id) 
    values
        (?, ?, ?, ?)
2022-06-09 15:52:49.423 DEBUG 90100 --- [    Test worker] org.hibernate.SQL                        : 
    insert 
    into
        room
        (code, introduce, master, title) 
    values
        (?, ?, ?, ?)
2022-06-09 15:52:49.882  INFO 90100 --- [    Test worker] o.s.t.c.transaction.TransactionContext   : Rolled back transaction for test: [DefaultTestContext@53570fff testClass = UserServiceTest, testInstance = Wap.Todo.service.UserServiceTest@7136ad9a, testMethod = getRooms@UserServiceTest, testException = [null], mergedContextConfiguration = [WebMergedContextConfiguration@3c7787a7 testClass = UserServiceTest, locations = '{}', classes = '{class Wap.Todo.TodoApplication}', contextInitializerClasses = '[]', activeProfiles = '{}', propertySourceLocations = '{}', propertySourceProperties = '{org.springframework.boot.test.context.SpringBootTestContextBootstrapper=true}', contextCustomizers = set[org.springframework.boot.test.autoconfigure.actuate.metrics.MetricsExportContextCustomizerFactory$DisableMetricExportContextCustomizer@7e5c856f, org.springframework.boot.test.autoconfigure.properties.PropertyMappingContextCustomizer@0, org.springframework.boot.test.autoconfigure.web.servlet.WebDriverContextCustomizerFactory$Customizer@58ce9668, org.springframework.boot.test.context.filter.ExcludeFilterContextCustomizer@1fa1cab1, org.springframework.boot.test.json.DuplicateJsonObjectContextCustomizerFactory$DuplicateJsonObjectContextCustomizer@51fadaff, org.springframework.boot.test.mock.mockito.MockitoContextCustomizer@0, org.springframework.boot.test.web.client.TestRestTemplateContextCustomizer@6c2c1385, org.springframework.boot.test.context.SpringBootTestArgs@1, org.springframework.boot.test.context.SpringBootTestWebEnvironment@2e377400], resourceBasePath = 'src/main/webapp', contextLoader = 'org.springframework.boot.test.context.SpringBootContextLoader', parent = [null]], attributes = map['org.springframework.test.context.web.ServletTestExecutionListener.activateListener' -> true, 'org.springframework.test.context.web.ServletTestExecutionListener.populatedRequestContextHolder' -> true, 'org.springframework.test.context.web.ServletTestExecutionListener.resetRequestContextHolder' -> true, 'org.springframework.test.context.event.ApplicationEventsTestExecutionListener.recordApplicationEvents' -> false]]
]]></system-out>
  <system-err><![CDATA[]]></system-err>
</testsuite>
